#
# A fatal error has been detected by the Java Runtime Environment:
#
#  SIGSEGV (0xb) at pc=0x00007f54b9ebec23, pid=6937, tid=140001610675968
#
# JRE version: 7.0_25-b15
# Java VM: Java HotSpot(TM) 64-Bit Server VM (23.25-b01 mixed mode linux-amd64 compressed oops)
# Problematic frame:
# C  [libc.so.6+0x145c23]  __nss_hosts_lookup+0x142d3
#
# Failed to write core dump. Core dumps have been disabled. To enable core dumping, try "ulimit -c unlimited" before starting Java again
#
# If you would like to submit a bug report, please visit:
#   http://bugreport.sun.com/bugreport/crash.jsp
# The crash happened outside the Java Virtual Machine in native code.
# See problematic frame for where to report the bug.
#

---------------  T H R E A D  ---------------

Current thread (0x00007f54a000c800):  JavaThread "1074390088@qtp-2045584172-2" [_thread_in_native, id=6973, stack(0x00007f54aa35b000,0x00007f54aa45c000)]

siginfo:si_signo=SIGSEGV: si_errno=0, si_code=2 (SEGV_ACCERR), si_addr=0x00007f54aab3e000

Registers:
RAX=0x00007f548c008240, RBX=0x0000000000005046, RCX=0x0000000000004000, RDX=0x0000000000003376
RSP=0x00007f54aa458838, RBP=0x00007f54aa458890, RSI=0x00007f54aab3dfd3, RDI=0x00007f548c009e90
R8 =0x00007f548c008240, R9 =0x00007f54b9ebec10, R10=0x00007f54b0c46d98, R11=0x00007f54b9efc450
R12=0x00007f54aab3c355, R13=0x00007f548c06d880, R14=0x000000000000014b, R15=0x00007f54b499cfb0
RIP=0x00007f54b9ebec23, EFLAGS=0x0000000000010202, CSGSFS=0x0000000000000033, ERR=0x0000000000000004
  TRAPNO=0x000000000000000e

Top of Stack: (sp=0x00007f54aa458838)
0x00007f54aa458838:   00007f54b3bdcc67 00000000c0000d10
0x00007f54aa458848:   14024b5400000000 0000000000005046
0x00007f54aa458858:   000000000042e762 00007f548c06d880
0x00007f54aa458868:   00007f54b49a47d8 00007f54b499cfb0
0x00007f54aa458878:   00007f548c004f10 0000000068825408
0x00007f54aa458888:   00007f54aa4588f0 00007f54aa4588d0
0x00007f54aa458898:   00007f54b3bdd228 00000016aa4588d0
0x00007f54aa4588a8:   00007f54aa4588f0 0000000000000016
0x00007f54aa4588b8:   00007f54a000c9d8 00007f54aa4588f0
0x00007f54aa4588c8:   00007f54aa458d48 00007f54aa458d30
0x00007f54aa4588d8:   00007f54b3bdc05d 01000000c0173700
0x00007f54aa4588e8:   00007f54b499cfb0 2f464e492d424557
0x00007f54aa4588f8:   6f7461726f636564 00006c6d782e7372
0x00007f54aa458908:   00007f5440400000 00007f543f8ccccd
0x00007f54aa458918:   00000000955a7508 00000000811ec660
0x00007f54aa458928:   00007f54aa458928 00000000c017199e
0x00007f54aa458938:   00007f54aa458980 00000000c01761f0
0x00007f54aa458948:   0000000000000000 00000000c01719a8
0x00007f54aa458958:   0000000000000000 00007f54aa458978
0x00007f54aa458968:   00007f54aa4589c8 00007f54b0bde158
0x00007f54aa458978:   0000000000000000 00000000811ec660
0x00007f54aa458988:   00007f54b976327c 0000000000f25de0
0x00007f54aa458998:   0000000000f25c80 00007f54aa4589f0
0x00007f54aa4589a8:   00007f5400000000 00007f548c06d880
0x00007f54aa4589b8:   00007f54aa458a30 00007f54a000c800
0x00007f54aa4589c8:   0000000000000005 00007f54aa458a38
0x00007f54aa4589d8:   00007f54b0bde158 00007f54b0bde158
0x00007f54aa4589e8:   00000000811ec7a8 00000000811ec7f8
0x00007f54aa4589f8:   00007f54aa4589f8 00000000c0263e8a
0x00007f54aa458a08:   00007f54aa458a50 00000000c02647f0
0x00007f54aa458a18:   00007f54aa458a18 00000000c013dbe8
0x00007f54aa458a28:   00007f54aa458a70 00000000c013f640 

Instructions: (pc=0x00007f54b9ebec23)
0x00007f54b9ebec03:   f9 ff ff ff 48 8d 52 c0 41 ff e1 0f 0b 0f 18 86
0x00007f54b9ebec13:   c0 01 00 00 48 83 ea 40 0f 28 56 0d 0f 28 5e 1d
0x00007f54b9ebec23:   0f 28 66 2d 0f 28 6e 3d 66 0f 6f f5 66 0f 3a 0f
0x00007f54b9ebec33:   ec 03 48 8d 76 40 66 0f 3a 0f e3 03 66 0f 3a 0f 

Register to memory mapping:

RAX=0x00007f548c008240 is an unknown value
RBX=0x0000000000005046 is an unknown value
RCX=0x0000000000004000 is an unknown value
RDX=0x0000000000003376 is an unknown value
RSP=0x00007f54aa458838 is pointing into the stack for thread: 0x00007f54a000c800
RBP=0x00007f54aa458890 is pointing into the stack for thread: 0x00007f54a000c800
RSI=0x00007f54aab3dfd3 is an unknown value
RDI=0x00007f548c009e90 is an unknown value
R8 =0x00007f548c008240 is an unknown value
R9 =0x00007f54b9ebec10: <offset 0x145c10> in /lib/x86_64-linux-gnu/libc.so.6 at 0x00007f54b9d79000
R10=0x00007f54b0c46bd0 [CodeBlob (0x00007f54b0c46bd0)]
Framesize: 10
R11=0x00007f54b9efc450: <offset 0x183450> in /lib/x86_64-linux-gnu/libc.so.6 at 0x00007f54b9d79000
R12=0x00007f54aab3c355 is an unknown value
R13=0x00007f548c06d880 is an unknown value
R14=0x000000000000014b is an unknown value
R15=0x00007f54b499cfb0 is an unknown value


Stack: [0x00007f54aa35b000,0x00007f54aa45c000],  sp=0x00007f54aa458838,  free space=1014k
Native frames: (J=compiled Java code, j=interpreted, Vv=VM code, C=native code)
C  [libc.so.6+0x145c23]  __nss_hosts_lookup+0x142d3
C  [libzip.so+0x5228]  ZIP_GetEntry+0xd8
C  [libzip.so+0x405d]  Java_java_util_zip_ZipFile_getEntry+0xad
J  java.util.zip.ZipFile.getEntry(J[BZ)J

Java frames: (J=compiled Java code, j=interpreted, Vv=VM code)
J  java.util.zip.ZipFile.getEntry(J[BZ)J
J  java.util.jar.JarFile.getEntry(Ljava/lang/String;)Ljava/util/zip/ZipEntry;
j  sun.net.www.protocol.jar.URLJarFile.getEntry(Ljava/lang/String;)Ljava/util/zip/ZipEntry;+2
j  sun.net.www.protocol.jar.JarURLConnection.connect()V+62
j  sun.net.www.protocol.jar.JarURLConnection.getInputStream()Ljava/io/InputStream;+1
j  java.net.URL.openStream()Ljava/io/InputStream;+4
j  org.mortbay.jetty.handler.ContextHandler$SContext.getResourceAsStream(Ljava/lang/String;)Ljava/io/InputStream;+13
j  com.opensymphony.module.sitemesh.factory.DefaultFactory.loadExcludes()V+29
j  com.opensymphony.module.sitemesh.factory.DefaultFactory.loadConfig()V+291
j  com.opensymphony.module.sitemesh.factory.DefaultFactory.<init>(Lcom/opensymphony/module/sitemesh/Config;)V+94
v  ~StubRoutines::call_stub
j  sun.reflect.NativeConstructorAccessorImpl.newInstance0(Ljava/lang/reflect/Constructor;[Ljava/lang/Object;)Ljava/lang/Object;+0
j  sun.reflect.NativeConstructorAccessorImpl.newInstance([Ljava/lang/Object;)Ljava/lang/Object;+72
j  sun.reflect.DelegatingConstructorAccessorImpl.newInstance([Ljava/lang/Object;)Ljava/lang/Object;+5
j  java.lang.reflect.Constructor.newInstance([Ljava/lang/Object;)Ljava/lang/Object;+79
j  com.opensymphony.module.sitemesh.Factory.getInstance(Lcom/opensymphony/module/sitemesh/Config;)Lcom/opensymphony/module/sitemesh/Factory;+80
j  com.opensymphony.sitemesh.webapp.SiteMeshFilter.initContentProcessor(Lcom/opensymphony/sitemesh/webapp/SiteMeshWebAppContext;)Lcom/opensymphony/sitemesh/ContentProcessor;+11
j  com.opensymphony.sitemesh.webapp.SiteMeshFilter.doFilter(Ljavax/servlet/ServletRequest;Ljavax/servlet/ServletResponse;Ljavax/servlet/FilterChain;)V+41
j  org.mortbay.jetty.servlet.ServletHandler$CachedChain.doFilter(Ljavax/servlet/ServletRequest;Ljavax/servlet/ServletResponse;)V+53
j  org.springframework.security.web.FilterChainProxy$VirtualFilterChain.doFilter(Ljavax/servlet/ServletRequest;Ljavax/servlet/ServletResponse;)V+69
j  org.springframework.security.web.authentication.www.BasicAuthenticationFilter.doFilter(Ljavax/servlet/ServletRequest;Ljavax/servlet/ServletResponse;Ljavax/servlet/FilterChain;)V+414
j  org.springframework.security.web.FilterChainProxy$VirtualFilterChain.doFilter(Ljavax/servlet/ServletRequest;Ljavax/servlet/ServletResponse;)V+192
j  org.springframework.security.web.context.SecurityContextPersistenceFilter.doFilter(Ljavax/servlet/ServletRequest;Ljavax/servlet/ServletResponse;Ljavax/servlet/FilterChain;)V+165
j  org.springframework.security.web.FilterChainProxy$VirtualFilterChain.doFilter(Ljavax/servlet/ServletRequest;Ljavax/servlet/ServletResponse;)V+192
j  org.springframework.security.web.FilterChainProxy.doFilter(Ljavax/servlet/ServletRequest;Ljavax/servlet/ServletResponse;Ljavax/servlet/FilterChain;)V+125
j  org.springframework.web.filter.DelegatingFilterProxy.invokeDelegate(Ljavax/servlet/Filter;Ljavax/servlet/ServletRequest;Ljavax/servlet/ServletResponse;Ljavax/servlet/FilterChain;)V+5
j  org.springframework.web.filter.DelegatingFilterProxy.doFilter(Ljavax/servlet/ServletRequest;Ljavax/servlet/ServletResponse;Ljavax/servlet/FilterChain;)V+71
j  org.mortbay.jetty.servlet.ServletHandler$CachedChain.doFilter(Ljavax/servlet/ServletRequest;Ljavax/servlet/ServletResponse;)V+53
j  org.springframework.web.filter.HiddenHttpMethodFilter.doFilterInternal(Ljavax/servlet/http/HttpServletRequest;Ljavax/servlet/http/HttpServletResponse;Ljavax/servlet/FilterChain;)V+71
j  org.springframework.web.filter.OncePerRequestFilter.doFilter(Ljavax/servlet/ServletRequest;Ljavax/servlet/ServletResponse;Ljavax/servlet/FilterChain;)V+90
j  org.mortbay.jetty.servlet.ServletHandler$CachedChain.doFilter(Ljavax/servlet/ServletRequest;Ljavax/servlet/ServletResponse;)V+53
j  org.mortbay.jetty.servlet.ServletHandler.handle(Ljava/lang/String;Ljavax/servlet/http/HttpServletRequest;Ljavax/servlet/http/HttpServletResponse;I)V+465
j  org.mortbay.jetty.security.SecurityHandler.handle(Ljava/lang/String;Ljavax/servlet/http/HttpServletRequest;Ljavax/servlet/http/HttpServletResponse;I)V+206
j  org.mortbay.jetty.servlet.SessionHandler.handle(Ljava/lang/String;Ljavax/servlet/http/HttpServletRequest;Ljavax/servlet/http/HttpServletResponse;I)V+225
j  org.mortbay.jetty.handler.ContextHandler.handle(Ljava/lang/String;Ljavax/servlet/http/HttpServletRequest;Ljavax/servlet/http/HttpServletResponse;I)V+709
j  org.mortbay.jetty.webapp.WebAppContext.handle(Ljava/lang/String;Ljavax/servlet/http/HttpServletRequest;Ljavax/servlet/http/HttpServletResponse;I)V+25
j  org.mortbay.jetty.handler.ContextHandlerCollection.handle(Ljava/lang/String;Ljavax/servlet/http/HttpServletRequest;Ljavax/servlet/http/HttpServletResponse;I)V+373
j  org.mortbay.jetty.handler.HandlerCollection.handle(Ljava/lang/String;Ljavax/servlet/http/HttpServletRequest;Ljavax/servlet/http/HttpServletResponse;I)V+42
j  org.mortbay.jetty.handler.HandlerWrapper.handle(Ljava/lang/String;Ljavax/servlet/http/HttpServletRequest;Ljavax/servlet/http/HttpServletResponse;I)V+23
j  org.mortbay.jetty.Server.handle(Lorg/mortbay/jetty/HttpConnection;)V+110
j  org.mortbay.jetty.HttpConnection.handleRequest()V+137
j  org.mortbay.jetty.HttpConnection$RequestHandler.headerComplete()V+438
j  org.mortbay.jetty.HttpParser.parseNext()J+1773
j  org.mortbay.jetty.HttpParser.parseAvailable()J+1
j  org.mortbay.jetty.HttpConnection.handle()V+122
j  org.mortbay.io.nio.SelectChannelEndPoint.run()V+4
j  org.mortbay.thread.QueuedThreadPool$PoolThread.run()V+25
v  ~StubRoutines::call_stub

---------------  P R O C E S S  ---------------

Java Threads: ( => current thread )
  0x0000000001143000 JavaThread "MySQL Statement Cancellation Timer" daemon [_thread_blocked, id=7070, stack(0x00007f54aa25a000,0x00007f54aa35b000)]
  0x0000000001524000 JavaThread "Timer-4" daemon [_thread_blocked, id=7069, stack(0x00007f54aac3f000,0x00007f54aad40000)]
  0x0000000001512000 JavaThread "Store aclCache Spool Thread" daemon [_thread_blocked, id=7067, stack(0x00007f54aa860000,0x00007f54aa961000)]
  0x0000000000f2b000 JavaThread "Timer-3" daemon [_thread_blocked, id=7066, stack(0x00007f54aa75f000,0x00007f54aa860000)]
=>0x00007f54a000c800 JavaThread "1074390088@qtp-2045584172-2" [_thread_in_native, id=6973, stack(0x00007f54aa35b000,0x00007f54aa45c000)]
  0x00007f54b4f8d800 JavaThread "Timer-2" daemon [_thread_blocked, id=6969, stack(0x00007f54aa45c000,0x00007f54aa55d000)]
  0x00007f54b52de800 JavaThread "MySQL Statement Cancellation Timer" daemon [_thread_blocked, id=6967, stack(0x00007f54aa55d000,0x00007f54aa65e000)]
  0x00007f54b521e800 JavaThread "Timer-1" daemon [_thread_blocked, id=6966, stack(0x00007f54aa65e000,0x00007f54aa75f000)]
  0x00007f54b499c000 JavaThread "1861310869@qtp-2045584172-1 - Acceptor0 SelectChannelConnector@0.0.0.0:8080" [_thread_in_native, id=6963, stack(0x00007f54aab3e000,0x00007f54aac3f000)]
  0x00007f54b432e800 JavaThread "com.google.common.base.internal.Finalizer" daemon [_thread_blocked, id=6957, stack(0x00007f54aad59000,0x00007f54aae5a000)]
  0x00007f54b40e8000 JavaThread "Service Thread" daemon [_thread_blocked, id=6955, stack(0x00007f54ab418000,0x00007f54ab519000)]
  0x00007f54b40e5000 JavaThread "C2 CompilerThread1" daemon [_thread_blocked, id=6954, stack(0x00007f54ab519000,0x00007f54ab61a000)]
  0x00007f54b40e3000 JavaThread "C2 CompilerThread0" daemon [_thread_blocked, id=6953, stack(0x00007f54ab61a000,0x00007f54ab71b000)]
  0x00007f54b40e1000 JavaThread "Signal Dispatcher" daemon [_thread_blocked, id=6952, stack(0x00007f54ab71b000,0x00007f54ab81c000)]
  0x00007f54b4092800 JavaThread "Finalizer" daemon [_thread_blocked, id=6951, stack(0x00007f54abeff000,0x00007f54ac000000)]
  0x00007f54b4090000 JavaThread "Reference Handler" daemon [_thread_blocked, id=6950, stack(0x00007f54b00c1000,0x00007f54b01c2000)]
  0x00007f54b4009000 JavaThread "main" [_thread_blocked, id=6948, stack(0x00007f54ba87b000,0x00007f54ba97c000)]

Other Threads:
  0x00007f54b4088800 VMThread [stack: 0x00007f54b01c2000,0x00007f54b02c3000] [id=6949]
  0x00007f54b40f2800 WatcherThread [stack: 0x00007f54ab317000,0x00007f54ab418000] [id=6956]

VM state:not at safepoint (normal execution)

VM Mutex/Monitor currently owned by a thread: None

Heap
 def new generation   total 22592K, used 19674K [0x0000000080000000, 0x0000000081880000, 0x0000000095550000)
  eden space 20096K,  92% used [0x0000000080000000, 0x0000000081218600, 0x00000000813a0000)
  from space 2496K,  45% used [0x0000000081610000, 0x000000008172e528, 0x0000000081880000)
  to   space 2496K,   0% used [0x00000000813a0000, 0x00000000813a0000, 0x0000000081610000)
 tenured generation   total 50036K, used 29564K [0x0000000095550000, 0x000000009862d000, 0x00000000c0000000)
   the space 50036K,  59% used [0x0000000095550000, 0x000000009722f218, 0x000000009722f400, 0x000000009862d000)
 compacting perm gen  total 66688K, used 66590K [0x00000000c0000000, 0x00000000c4120000, 0x0000000100000000)
   the space 66688K,  99% used [0x00000000c0000000, 0x00000000c4107b68, 0x00000000c4107c00, 0x00000000c4120000)
No shared spaces configured.

Card table byte_map: [0x00007f54b07d7000,0x00007f54b0bd8000] byte_map_base: 0x00007f54b03d7000

Polling page: 0x00007f54ba98f000

Code Cache  [0x00007f54b0bd8000, 0x00007f54b10b8000, 0x00007f54b3bd8000)
 total_blobs=1605 nmethods=1138 adapters=418 free_code_cache=44389Kb largest_free_block=45260736

Compilation events (10 events):
Event: 162.459 Thread 0x00007f54b40e3000 nmethod 1247 0x00007f54b107f490 code [0x00007f54b107f7e0, 0x00007f54b10818f0]
Event: 162.459 Thread 0x00007f54b40e3000 1248             com.sun.beans.TypeResolver::resolveInClass (9 bytes)
Event: 162.464 Thread 0x00007f54b40e3000 nmethod 1248 0x00007f54b1048a90 code [0x00007f54b1048c00, 0x00007f54b1048ca8]
Event: 162.465 Thread 0x00007f54b40e3000 1249             com.sun.beans.TypeResolver::resolve (9 bytes)
Event: 162.465 Thread 0x00007f54b40e3000 nmethod 1249 0x00007f54b0f04d90 code [0x00007f54b0f04ee0, 0x00007f54b0f04f78]
Event: 162.465 Thread 0x00007f54b40e3000 1250   !         org.springframework.util.ClassUtils::getMostSpecificMethod (56 bytes)
Event: 162.474 Thread 0x00007f54b40e3000 nmethod 1250 0x00007f54b1048390 code [0x00007f54b1048500, 0x00007f54b1048808]
Event: 162.481 Thread 0x00007f54b40e3000   29 % !         java.net.URLDecoder::decode @ 53 (321 bytes)
Event: 162.499 Thread 0x00007f54b40e3000 nmethod 29% 0x00007f54b1000d10 code [0x00007f54b1000f00, 0x00007f54b1001710]
Event: 163.295 Thread 0x00007f54b40e5000 nmethod 1242 0x00007f54b1083590 code [0x00007f54b10850c0, 0x00007f54b1098b98]

GC Heap History (10 events):
Event: 159.543 GC heap before
{Heap before GC invocations=54 (full 7):
 def new generation   total 22592K, used 22480K [0x0000000080000000, 0x0000000081880000, 0x0000000095550000)
  eden space 20096K, 100% used [0x0000000080000000, 0x00000000813a0000, 0x00000000813a0000)
  from space 2496K,  95% used [0x0000000081610000, 0x0000000081864200, 0x0000000081880000)
  to   space 2496K,   0% used [0x00000000813a0000, 0x00000000813a0000, 0x0000000081610000)
 tenured generation   total 50036K, used 30020K [0x0000000095550000, 0x000000009862d000, 0x00000000c0000000)
   the space 50036K,  59% used [0x0000000095550000, 0x00000000972a1238, 0x00000000972a1400, 0x000000009862d000)
 compacting perm gen  total 64448K, used 64182K [0x00000000c0000000, 0x00000000c3ef0000, 0x0000000100000000)
   the space 64448K,  99% used [0x00000000c0000000, 0x00000000c3ead9a8, 0x00000000c3eada00, 0x00000000c3ef0000)
No shared spaces configured.
Event: 159.551 GC heap after
Heap after GC invocations=55 (full 7):
 def new generation   total 22592K, used 1911K [0x0000000080000000, 0x0000000081880000, 0x0000000095550000)
  eden space 20096K,   0% used [0x0000000080000000, 0x0000000080000000, 0x00000000813a0000)
  from space 2496K,  76% used [0x00000000813a0000, 0x000000008157de60, 0x0000000081610000)
  to   space 2496K,   0% used [0x0000000081610000, 0x0000000081610000, 0x0000000081880000)
 tenured generation   total 50036K, used 30706K [0x0000000095550000, 0x000000009862d000, 0x00000000c0000000)
   the space 50036K,  61% used [0x0000000095550000, 0x000000009734c880, 0x000000009734ca00, 0x000000009862d000)
 compacting perm gen  total 64448K, used 64182K [0x00000000c0000000, 0x00000000c3ef0000, 0x0000000100000000)
   the space 64448K,  99% used [0x00000000c0000000, 0x00000000c3ead9a8, 0x00000000c3eada00, 0x00000000c3ef0000)
No shared spaces configured.
}
Event: 159.632 GC heap before
{Heap before GC invocations=55 (full 7):
 def new generation   total 22592K, used 5521K [0x0000000080000000, 0x0000000081880000, 0x0000000095550000)
  eden space 20096K,  17% used [0x0000000080000000, 0x0000000080386700, 0x00000000813a0000)
  from space 2496K,  76% used [0x00000000813a0000, 0x000000008157de60, 0x0000000081610000)
  to   space 2496K,   0% used [0x0000000081610000, 0x0000000081610000, 0x0000000081880000)
 tenured generation   total 50036K, used 30706K [0x0000000095550000, 0x000000009862d000, 0x00000000c0000000)
   the space 50036K,  61% used [0x0000000095550000, 0x000000009734c880, 0x000000009734ca00, 0x000000009862d000)
 compacting perm gen  total 64768K, used 64766K [0x00000000c0000000, 0x00000000c3f40000, 0x0000000100000000)
   the space 64768K,  99% used [0x00000000c0000000, 0x00000000c3f3fa18, 0x00000000c3f3fc00, 0x00000000c3f40000)
No shared spaces configured.
Event: 159.883 GC heap after
Heap after GC invocations=56 (full 8):
 def new generation   total 22592K, used 0K [0x0000000080000000, 0x0000000081880000, 0x0000000095550000)
  eden space 20096K,   0% used [0x0000000080000000, 0x0000000080000000, 0x00000000813a0000)
  from space 2496K,   0% used [0x00000000813a0000, 0x00000000813a0000, 0x0000000081610000)
  to   space 2496K,   0% used [0x0000000081610000, 0x0000000081610000, 0x0000000081880000)
 tenured generation   total 50036K, used 29016K [0x0000000095550000, 0x000000009862d000, 0x00000000c0000000)
   the space 50036K,  57% used [0x0000000095550000, 0x00000000971a6040, 0x00000000971a6200, 0x000000009862d000)
 compacting perm gen  total 64768K, used 64717K [0x00000000c0000000, 0x00000000c3f40000, 0x0000000100000000)
   the space 64768K,  99% used [0x00000000c0000000, 0x00000000c3f33720, 0x00000000c3f33800, 0x00000000c3f40000)
No shared spaces configured.
}
Event: 160.180 GC heap before
{Heap before GC invocations=56 (full 8):
 def new generation   total 22592K, used 20096K [0x0000000080000000, 0x0000000081880000, 0x0000000095550000)
  eden space 20096K, 100% used [0x0000000080000000, 0x00000000813a0000, 0x00000000813a0000)
  from space 2496K,   0% used [0x00000000813a0000, 0x00000000813a0000, 0x0000000081610000)
  to   space 2496K,   0% used [0x0000000081610000, 0x0000000081610000, 0x0000000081880000)
 tenured generation   total 50036K, used 29016K [0x0000000095550000, 0x000000009862d000, 0x00000000c0000000)
   the space 50036K,  57% used [0x0000000095550000, 0x00000000971a6040, 0x00000000971a6200, 0x000000009862d000)
 compacting perm gen  total 66048K, used 65762K [0x00000000c0000000, 0x00000000c4080000, 0x0000000100000000)
   the space 66048K,  99% used [0x00000000c0000000, 0x00000000c4038a88, 0x00000000c4038c00, 0x00000000c4080000)
No shared spaces configured.
Event: 160.187 GC heap after
Heap after GC invocations=57 (full 8):
 def new generation   total 22592K, used 1225K [0x0000000080000000, 0x0000000081880000, 0x0000000095550000)
  eden space 20096K,   0% used [0x0000000080000000, 0x0000000080000000, 0x00000000813a0000)
  from space 2496K,  49% used [0x0000000081610000, 0x0000000081742650, 0x0000000081880000)
  to   space 2496K,   0% used [0x00000000813a0000, 0x00000000813a0000, 0x0000000081610000)
 tenured generation   total 50036K, used 29016K [0x0000000095550000, 0x000000009862d000, 0x00000000c0000000)
   the space 50036K,  57% used [0x0000000095550000, 0x00000000971a6040, 0x00000000971a6200, 0x000000009862d000)
 compacting perm gen  total 66048K, used 65762K [0x00000000c0000000, 0x00000000c4080000, 0x0000000100000000)
   the space 66048K,  99% used [0x00000000c0000000, 0x00000000c4038a88, 0x00000000c4038c00, 0x00000000c4080000)
No shared spaces configured.
}
Event: 160.783 GC heap before
{Heap before GC invocations=57 (full 8):
 def new generation   total 22592K, used 21321K [0x0000000080000000, 0x0000000081880000, 0x0000000095550000)
  eden space 20096K, 100% used [0x0000000080000000, 0x00000000813a0000, 0x00000000813a0000)
  from space 2496K,  49% used [0x0000000081610000, 0x0000000081742650, 0x0000000081880000)
  to   space 2496K,   0% used [0x00000000813a0000, 0x00000000813a0000, 0x0000000081610000)
 tenured generation   total 50036K, used 29016K [0x0000000095550000, 0x000000009862d000, 0x00000000c0000000)
   the space 50036K,  57% used [0x0000000095550000, 0x00000000971a6040, 0x00000000971a6200, 0x000000009862d000)
 compacting perm gen  total 66368K, used 66356K [0x00000000c0000000, 0x00000000c40d0000, 0x0000000100000000)
   the space 66368K,  99% used [0x00000000c0000000, 0x00000000c40cd380, 0x00000000c40cd400, 0x00000000c40d0000)
No shared spaces configured.
Event: 160.789 GC heap after
Heap after GC invocations=58 (full 8):
 def new generation   total 22592K, used 1556K [0x0000000080000000, 0x0000000081880000, 0x0000000095550000)
  eden space 20096K,   0% used [0x0000000080000000, 0x0000000080000000, 0x00000000813a0000)
  from space 2496K,  62% used [0x00000000813a0000, 0x0000000081525220, 0x0000000081610000)
  to   space 2496K,   0% used [0x0000000081610000, 0x0000000081610000, 0x0000000081880000)
 tenured generation   total 50036K, used 29016K [0x0000000095550000, 0x000000009862d000, 0x00000000c0000000)
   the space 50036K,  57% used [0x0000000095550000, 0x00000000971a6040, 0x00000000971a6200, 0x000000009862d000)
 compacting perm gen  total 66368K, used 66356K [0x00000000c0000000, 0x00000000c40d0000, 0x0000000100000000)
   the space 66368K,  99% used [0x00000000c0000000, 0x00000000c40cd380, 0x00000000c40cd400, 0x00000000c40d0000)
No shared spaces configured.
}
Event: 161.284 GC heap before
{Heap before GC invocations=58 (full 8):
 def new generation   total 22592K, used 21652K [0x0000000080000000, 0x0000000081880000, 0x0000000095550000)
  eden space 20096K, 100% used [0x0000000080000000, 0x00000000813a0000, 0x00000000813a0000)
  from space 2496K,  62% used [0x00000000813a0000, 0x0000000081525220, 0x0000000081610000)
  to   space 2496K,   0% used [0x0000000081610000, 0x0000000081610000, 0x0000000081880000)
 tenured generation   total 50036K, used 29016K [0x0000000095550000, 0x000000009862d000, 0x00000000c0000000)
   the space 50036K,  57% used [0x0000000095550000, 0x00000000971a6040, 0x00000000971a6200, 0x000000009862d000)
 compacting perm gen  total 66688K, used 66437K [0x00000000c0000000, 0x00000000c4120000, 0x0000000100000000)
   the space 66688K,  99% used [0x00000000c0000000, 0x00000000c40e1650, 0x00000000c40e1800, 0x00000000c4120000)
No shared spaces configured.
Event: 161.292 GC heap after
Heap after GC invocations=59 (full 8):
 def new generation   total 22592K, used 1145K [0x0000000080000000, 0x0000000081880000, 0x0000000095550000)
  eden space 20096K,   0% used [0x0000000080000000, 0x0000000080000000, 0x00000000813a0000)
  from space 2496K,  45% used [0x0000000081610000, 0x000000008172e528, 0x0000000081880000)
  to   space 2496K,   0% used [0x00000000813a0000, 0x00000000813a0000, 0x0000000081610000)
 tenured generation   total 50036K, used 29564K [0x0000000095550000, 0x000000009862d000, 0x00000000c0000000)
   the space 50036K,  59% used [0x0000000095550000, 0x000000009722f218, 0x000000009722f400, 0x000000009862d000)
 compacting perm gen  total 66688K, used 66437K [0x00000000c0000000, 0x00000000c4120000, 0x0000000100000000)
   the space 66688K,  99% used [0x00000000c0000000, 0x00000000c40e1650, 0x00000000c40e1800, 0x00000000c4120000)
No shared spaces configured.
}

Deoptimization events (10 events):
Event: 159.950 Thread 0x00007f54b4f8d800 Uncommon trap -34 fr.pc 0x00007f54b0f69810
Event: 159.984 Thread 0x00007f54b4f8d800 Uncommon trap -34 fr.pc 0x00007f54b0f69810
Event: 159.984 Thread 0x00007f54b4f8d800 Uncommon trap -34 fr.pc 0x00007f54b0f69810
Event: 160.340 Thread 0x00007f54b4f8d800 Uncommon trap -34 fr.pc 0x00007f54b10232f8
Event: 160.418 Thread 0x00007f54b4f8d800 Uncommon trap -34 fr.pc 0x00007f54b10232f8
Event: 160.421 Thread 0x00007f54b4f8d800 Uncommon trap -34 fr.pc 0x00007f54b10232f8
Event: 160.969 Thread 0x00007f54b4f8d800 Uncommon trap -34 fr.pc 0x00007f54b10232f8
Event: 161.010 Thread 0x00007f54b4f8d800 Uncommon trap -83 fr.pc 0x00007f54b0ff0dc0
Event: 161.715 Thread 0x00007f54b4f8d800 Uncommon trap -34 fr.pc 0x00007f54b0d5fe64
Event: 161.717 Thread 0x00007f54b4f8d800 Uncommon trap -34 fr.pc 0x00007f54b0ebe338

Internal exceptions (10 events):
Event: 161.699 Thread 0x00007f54b4f8d800 Threw 0x0000000080fcca70 at /HUDSON/workspace/jdk7u25-2-build-linux-amd64-product/jdk7u25/hotspot/src/share/vm/prims/jvm.cpp:1235
Event: 161.699 Thread 0x00007f54b4f8d800 Threw 0x0000000080fcd0e0 at /HUDSON/workspace/jdk7u25-2-build-linux-amd64-product/jdk7u25/hotspot/src/share/vm/prims/jvm.cpp:1235
Event: 161.699 Thread 0x00007f54b4f8d800 Threw 0x0000000080fd5e10 at /HUDSON/workspace/jdk7u25-2-build-linux-amd64-product/jdk7u25/hotspot/src/share/vm/prims/jvm.cpp:1235
Event: 161.715 Thread 0x00007f54b4f8d800 Threw 0x0000000081002908 at /HUDSON/workspace/jdk7u25-2-build-linux-amd64-product/jdk7u25/hotspot/src/share/vm/prims/jvm.cpp:1235
Event: 161.716 Thread 0x00007f54b4f8d800 Threw 0x00000000810230a8 at /HUDSON/workspace/jdk7u25-2-build-linux-amd64-product/jdk7u25/hotspot/src/share/vm/prims/jvm.cpp:1235
Event: 161.716 Thread 0x00007f54b4f8d800 Threw 0x00000000810335e0 at /HUDSON/workspace/jdk7u25-2-build-linux-amd64-product/jdk7u25/hotspot/src/share/vm/prims/jvm.cpp:1235
Event: 168.372 Thread 0x00007f54a000c800 Threw 0x0000000081179248 at /HUDSON/workspace/jdk7u25-2-build-linux-amd64-product/jdk7u25/hotspot/src/share/vm/prims/jvm.cpp:1235
Event: 168.372 Thread 0x00007f54a000c800 Threw 0x00000000811897f8 at /HUDSON/workspace/jdk7u25-2-build-linux-amd64-product/jdk7u25/hotspot/src/share/vm/prims/jvm.cpp:1235
Event: 168.379 Thread 0x00007f54a000c800 Threw 0x00000000811d7b88 at /HUDSON/workspace/jdk7u25-2-build-linux-amd64-product/jdk7u25/hotspot/src/share/vm/prims/jvm.cpp:1235
Event: 168.379 Thread 0x00007f54a000c800 Threw 0x00000000811e8168 at /HUDSON/workspace/jdk7u25-2-build-linux-amd64-product/jdk7u25/hotspot/src/share/vm/prims/jvm.cpp:1235

Events (10 events):
Event: 168.362 Executing VM operation: RevokeBias
Event: 168.362 Executing VM operation: RevokeBias done
Event: 168.362 Executing VM operation: RevokeBias
Event: 168.362 Executing VM operation: RevokeBias done
Event: 168.364 Executing VM operation: RevokeBias
Event: 168.364 Executing VM operation: RevokeBias done
Event: 168.367 Executing VM operation: RevokeBias
Event: 168.367 Executing VM operation: RevokeBias done
Event: 168.371 Executing VM operation: RevokeBias
Event: 168.371 Executing VM operation: RevokeBias done


Dynamic libraries:
00400000-00401000 r-xp 00000000 08:01 3411560                            /usr/lib/jvm/java-7-oracle/bin/java
00600000-00601000 rw-p 00000000 08:01 3411560                            /usr/lib/jvm/java-7-oracle/bin/java
00f22000-0160e000 rw-p 00000000 00:00 0                                  [heap]
80000000-81880000 rw-p 00000000 00:00 0 
81880000-95550000 rw-p 00000000 00:00 0 
95550000-9862d000 rw-p 00000000 00:00 0 
9862d000-c0000000 rw-p 00000000 00:00 0 
c0000000-c4120000 rw-p 00000000 00:00 0 
c4120000-100000000 rw-p 00000000 00:00 0 
7f548c000000-7f548c10e000 rw-p 00000000 00:00 0 
7f548c10e000-7f5490000000 ---p 00000000 00:00 0 
7f5490000000-7f5491a56000 rw-p 00000000 00:00 0 
7f5491a56000-7f5494000000 ---p 00000000 00:00 0 
7f5494000000-7f5497892000 rw-p 00000000 00:00 0 
7f5497892000-7f5498000000 ---p 00000000 00:00 0 
7f5498000000-7f549bffe000 rw-p 00000000 00:00 0 
7f549bffe000-7f549c000000 ---p 00000000 00:00 0 
7f549c000000-7f549c021000 rw-p 00000000 00:00 0 
7f549c021000-7f54a0000000 ---p 00000000 00:00 0 
7f54a0000000-7f54a0042000 rw-p 00000000 00:00 0 
7f54a0042000-7f54a4000000 ---p 00000000 00:00 0 
7f54a4000000-7f54a4021000 rw-p 00000000 00:00 0 
7f54a4021000-7f54a8000000 ---p 00000000 00:00 0 
7f54aa1ac000-7f54aa1af000 r--s 00009000 08:01 1317125                    /tmp/Jetty_0_0_0_0_8080_webapp__sip__.s0kjx8/lib/Jetty-8077483582283077058.jar
7f54aa1af000-7f54aa1b1000 r--s 0000b000 08:01 1317124                    /tmp/Jetty_0_0_0_0_8080_webapp__sip__.s0kjx8/lib/Jetty-7648494954216515644.jar
7f54aa1b1000-7f54aa1ba000 r--s 00059000 08:01 1317123                    /tmp/Jetty_0_0_0_0_8080_webapp__sip__.s0kjx8/lib/Jetty-3837952113975660808.jar
7f54aa1ba000-7f54aa1c6000 r--s 0007a000 08:01 1317122                    /tmp/Jetty_0_0_0_0_8080_webapp__sip__.s0kjx8/lib/Jetty-4419327592523383453.jar
7f54aa1c6000-7f54aa1c9000 r--s 00012000 08:01 1317121                    /tmp/Jetty_0_0_0_0_8080_webapp__sip__.s0kjx8/lib/Jetty-2850769170764884938.jar
7f54aa1c9000-7f54aa1ca000 r--s 0000c000 08:01 1317120                    /tmp/Jetty_0_0_0_0_8080_webapp__sip__.s0kjx8/lib/Jetty-5562446300317966954.jar
7f54aa1ca000-7f54aa1cb000 r--s 00002000 08:01 1317119                    /tmp/Jetty_0_0_0_0_8080_webapp__sip__.s0kjx8/lib/Jetty-4949821333660732703.jar
7f54aa1cb000-7f54aa1d5000 r--s 00064000 08:01 1317118                    /tmp/Jetty_0_0_0_0_8080_webapp__sip__.s0kjx8/lib/Jetty-3379611469247932503.jar
7f54aa1d5000-7f54aa1e1000 r--s 00085000 08:01 1317117                    /tmp/Jetty_0_0_0_0_8080_webapp__sip__.s0kjx8/lib/Jetty-1004349693915794177.jar
7f54aa1e1000-7f54aa1ea000 r--s 00051000 08:01 1317116                    /tmp/Jetty_0_0_0_0_8080_webapp__sip__.s0kjx8/lib/Jetty-8455671855911080123.jar
7f54aa1ea000-7f54aa1ec000 r--s 00014000 08:01 1317115                    /tmp/Jetty_0_0_0_0_8080_webapp__sip__.s0kjx8/lib/Jetty-5239276086130794303.jar
7f54aa1ec000-7f54aa1ef000 r--s 00018000 08:01 1317114                    /tmp/Jetty_0_0_0_0_8080_webapp__sip__.s0kjx8/lib/Jetty-6433399780195429472.jar
7f54aa1ef000-7f54aa1f0000 r--s 00000000 08:01 1317113                    /tmp/Jetty_0_0_0_0_8080_webapp__sip__.s0kjx8/lib/Jetty-6147796193070449270.jar
7f54aa1f0000-7f54aa1f4000 r--s 0003d000 08:01 1317112                    /tmp/Jetty_0_0_0_0_8080_webapp__sip__.s0kjx8/lib/Jetty-6727997988563005428.jar
7f54aa1f4000-7f54aa1f6000 r--s 00005000 08:01 1317111                    /tmp/Jetty_0_0_0_0_8080_webapp__sip__.s0kjx8/lib/Jetty-2333260633992702628.jar
7f54aa1f6000-7f54aa1ff000 r--s 00049000 08:01 1317110                    /tmp/Jetty_0_0_0_0_8080_webapp__sip__.s0kjx8/lib/Jetty-8096487666097226306.jar
7f54aa1ff000-7f54aa208000 r--s 0005e000 08:01 1317109                    /tmp/Jetty_0_0_0_0_8080_webapp__sip__.s0kjx8/lib/Jetty-2965428878154916922.jar
7f54aa208000-7f54aa20a000 r--s 00000000 08:01 1317108                    /tmp/Jetty_0_0_0_0_8080_webapp__sip__.s0kjx8/lib/Jetty-5781287004573270352.jar
7f54aa20a000-7f54aa213000 r--s 0006d000 08:01 1317106                    /tmp/Jetty_0_0_0_0_8080_webapp__sip__.s0kjx8/lib/Jetty-4151805461824460530.jar
7f54aa213000-7f54aa228000 r--s 000b7000 08:01 1317104                    /tmp/Jetty_0_0_0_0_8080_webapp__sip__.s0kjx8/lib/Jetty-8569745977553977013.jar
7f54aa228000-7f54aa22e000 r--s 00048000 08:01 1317103                    /tmp/Jetty_0_0_0_0_8080_webapp__sip__.s0kjx8/lib/Jetty-7301119330073283639.jar
7f54aa22e000-7f54aa239000 r--s 00082000 08:01 1317102                    /tmp/Jetty_0_0_0_0_8080_webapp__sip__.s0kjx8/lib/Jetty-5228853843217127375.jar
7f54aa239000-7f54aa23f000 r--s 00028000 08:01 1317101                    /tmp/Jetty_0_0_0_0_8080_webapp__sip__.s0kjx8/lib/Jetty-2407048193620482610.jar
7f54aa23f000-7f54aa243000 r--s 00027000 08:01 1317100                    /tmp/Jetty_0_0_0_0_8080_webapp__sip__.s0kjx8/lib/Jetty-6435639638951632557.jar
7f54aa243000-7f54aa246000 r--s 0059d000 08:01 5376506                    /home/ian/.m2/repository/com/springinpractice/com.springinpractice.skin/1.0-RELEASE/com.springinpractice.skin-1.0-RELEASE.war
7f54aa246000-7f54aa250000 r--s 00371000 08:01 3279587                    /usr/lib/jvm/java-7-oracle/jre/lib/charsets.jar
7f54aa250000-7f54aa25a000 r--s 00371000 08:01 3279587                    /usr/lib/jvm/java-7-oracle/jre/lib/charsets.jar
7f54aa25a000-7f54aa25d000 ---p 00000000 00:00 0 
7f54aa25d000-7f54aa35b000 rw-p 00000000 00:00 0                          [stack:7070]
7f54aa35b000-7f54aa35e000 ---p 00000000 00:00 0 
7f54aa35e000-7f54aa45c000 rw-p 00000000 00:00 0                          [stack:6973]
7f54aa45c000-7f54aa45f000 ---p 00000000 00:00 0 
7f54aa45f000-7f54aa55d000 rw-p 00000000 00:00 0                          [stack:6969]
7f54aa55d000-7f54aa560000 ---p 00000000 00:00 0 
7f54aa560000-7f54aa65e000 rw-p 00000000 00:00 0                          [stack:6967]
7f54aa65e000-7f54aa661000 ---p 00000000 00:00 0 
7f54aa661000-7f54aa75f000 rw-p 00000000 00:00 0                          [stack:6966]
7f54aa75f000-7f54aa762000 ---p 00000000 00:00 0 
7f54aa762000-7f54aa860000 rw-p 00000000 00:00 0                          [stack:7066]
7f54aa860000-7f54aa863000 ---p 00000000 00:00 0 
7f54aa863000-7f54aa961000 rw-p 00000000 00:00 0                          [stack:7067]
7f54aa961000-7f54aa96a000 r--s 0006d000 08:01 5246247                    /home/ian/.m2/repository/log4j/log4j/1.2.16/log4j-1.2.16.jar
7f54aa96a000-7f54aa96b000 r--s 00002000 08:01 5246246                    /home/ian/.m2/repository/org/slf4j/slf4j-log4j12/1.6.4/slf4j-log4j12-1.6.4.jar
7f54aa96b000-7f54aa96d000 r--s 00005000 08:01 5246245                    /home/ian/.m2/repository/org/slf4j/slf4j-api/1.6.4/slf4j-api-1.6.4.jar
7f54aa96d000-7f54aa970000 r--s 00009000 08:01 5246244                    /home/ian/.m2/repository/javax/validation/validation-api/1.0.0.GA/validation-api-1.0.0.GA.jar
7f54aa970000-7f54aa979000 r--s 00051000 08:01 5246036                    /home/ian/.m2/repository/org/hibernate/hibernate-validator/4.2.0.Final/hibernate-validator-4.2.0.Final.jar
7f54aa979000-7f54aa97d000 r--s 00027000 08:01 5246235                    /home/ian/.m2/repository/org/springframework/org.springframework.expression/3.1.2.RELEASE/org.springframework.expression-3.1.2.RELEASE.jar
7f54aa97d000-7f54aa986000 r--s 00049000 08:01 5246233                    /home/ian/.m2/repository/org/springframework/org.springframework.aop/3.1.2.RELEASE/org.springframework.aop-3.1.2.RELEASE.jar
7f54aa986000-7f54aa99b000 r--s 000b7000 08:01 5246232                    /home/ian/.m2/repository/org/springframework/org.springframework.context/3.1.2.RELEASE/org.springframework.context-3.1.2.RELEASE.jar
7f54aa99b000-7f54aa99c000 r--s 0000c000 08:01 5246231                    /home/ian/.m2/repository/org/springframework/org.springframework.asm/3.1.2.RELEASE/org.springframework.asm-3.1.2.RELEASE.jar
7f54aa99c000-7f54aa9a8000 r--s 00085000 08:01 5246230                    /home/ian/.m2/repository/org/springframework/org.springframework.beans/3.1.2.RELEASE/org.springframework.beans-3.1.2.RELEASE.jar
7f54aa9a8000-7f54aa9aa000 r--s 0000b000 08:01 5246229                    /home/ian/.m2/repository/org/springframework/org.springframework.aspects/3.1.2.RELEASE/org.springframework.aspects-3.1.2.RELEASE.jar
7f54aa9aa000-7f54aa9b4000 r--s 00064000 08:01 5246228                    /home/ian/.m2/repository/org/springframework/org.springframework.core/3.1.2.RELEASE/org.springframework.core-3.1.2.RELEASE.jar
7f54aa9b4000-7f54aa9ba000 r--s 00048000 08:01 5246023                    /home/ian/.m2/repository/org/apache/commons/commons-lang3/3.1/commons-lang3-3.1.jar
7f54aa9ba000-7f54aa9be000 r--s 0003d000 08:01 5246256                    /home/ian/.m2/repository/org/apache/commons/com.springsource.org.apache.commons.lang/2.4.0/com.springsource.org.apache.commons.lang-2.4.0.jar
7f54aa9be000-7f54aa9c0000 r--s 0000e000 08:01 5246255                    /home/ian/.m2/repository/org/apache/commons/com.springsource.org.apache.commons.logging/1.1.1/com.springsource.org.apache.commons.logging-1.1.1.jar
7f54aa9c0000-7f54aa9c1000 r--s 00000000 08:01 5246254                    /home/ian/.m2/repository/javax/inject/com.springsource.javax.inject/1.0.0/com.springsource.javax.inject-1.0.0.jar
7f54aa9c1000-7f54aa9c6000 r--s 0002e000 08:01 5246938                    /home/ian/.m2/repository/net/sourceforge/ehcache/com.springsource.net.sf.ehcache/1.6.2/com.springsource.net.sf.ehcache-1.6.2.jar
7f54aa9c6000-7f54aa9cd000 r--s 00033000 08:01 5636192                    /home/ian/.m2/repository/org/springframework/security/org.springframework.security.web/3.0.3.RELEASE/org.springframework.security.web-3.0.3.RELEASE.jar
7f54aa9cd000-7f54aa9ce000 r--s 00004000 08:01 5636191                    /home/ian/.m2/repository/org/springframework/security/org.springframework.security.taglibs/3.0.3.RELEASE/org.springframework.security.taglibs-3.0.3.RELEASE.jar
7f54aa9ce000-7f54aa9d0000 r--s 00000000 08:01 5246259                    /home/ian/.m2/repository/org/aopalliance/com.springsource.org.aopalliance/1.0.0/com.springsource.org.aopalliance-1.0.0.jar
7f54aa9d0000-7f54aa9da000 r--s 00042000 08:01 5636190                    /home/ian/.m2/repository/org/springframework/security/org.springframework.security.core/3.0.3.RELEASE/org.springframework.security.core-3.0.3.RELEASE.jar
7f54aa9da000-7f54aa9dc000 r--s 00028000 08:01 5510986                    /home/ian/.m2/repository/org/springframework/security/org.springframework.security.config/3.0.3.RELEASE/org.springframework.security.config-3.0.3.RELEASE.jar
7f54aa9dc000-7f54aa9df000 r--s 00011000 08:01 5636925                    /home/ian/.m2/repository/org/springframework/security/org.springframework.security.acls/3.0.3.RELEASE/org.springframework.security.acls-3.0.3.RELEASE.jar
7f54aa9df000-7f54aa9e5000 r--s 00028000 08:01 5373960                    /home/ian/.m2/repository/com/opensymphony/sitemesh/com.springsource.com.opensymphony.sitemesh/2.4.1/com.springsource.com.opensymphony.sitemesh-2.4.1.jar
7f54aa9e5000-7f54aa9e8000 r--s 00018000 08:01 5246629                    /home/ian/.m2/repository/org/springframework/org.springframework.context.support/3.1.2.RELEASE/org.springframework.context.support-3.1.2.RELEASE.jar
7f54aa9e8000-7f54aa9f3000 r--s 00082000 08:01 5246628                    /home/ian/.m2/repository/org/springframework/org.springframework.web.servlet/3.1.2.RELEASE/org.springframework.web.servlet-3.1.2.RELEASE.jar
7f54aa9f3000-7f54aa9ff000 r--s 0007a000 08:01 5246627                    /home/ian/.m2/repository/org/springframework/org.springframework.web/3.1.2.RELEASE/org.springframework.web-3.1.2.RELEASE.jar
7f54aa9ff000-7f54aaa08000 r--s 00059000 08:01 5246576                    /home/ian/.m2/repository/org/apache/taglibs/com.springsource.org.apache.taglibs.standard/1.1.2/com.springsource.org.apache.taglibs.standard-1.1.2.jar
7f54aaa08000-7f54aaa11000 r--s 0005e000 08:01 5246575                    /home/ian/.m2/repository/javax/servlet/com.springsource.javax.servlet.jsp.jstl/1.2.0/com.springsource.javax.servlet.jsp.jstl-1.2.0.jar
7f54aaa11000-7f54aaa14000 r--s 00012000 08:01 5246574                    /home/ian/.m2/repository/javax/servlet/com.springsource.javax.servlet.jsp/2.1.0/com.springsource.javax.servlet.jsp-2.1.0.jar
7f54aaa14000-7f54aaa16000 r--s 00014000 08:01 5246291                    /home/ian/.m2/repository/javax/servlet/com.springsource.javax.servlet/2.5.0/com.springsource.javax.servlet-2.5.0.jar
7f54aaa16000-7f54aaa1f000 r--s 00095000 08:01 5246434                    /home/ian/.m2/repository/javassist/javassist/3.12.1.GA/javassist-3.12.1.GA.jar
7f54aaa1f000-7f54aaa25000 r--s 0004a000 08:01 5246431                    /home/ian/.m2/repository/cglib/cglib-nodep/2.2.2/cglib-nodep-2.2.2.jar
7f54aaa25000-7f54aaa27000 r--s 0000e000 08:01 5246420                    /home/ian/.m2/repository/org/apache/commons/com.springsource.org.apache.commons.pool/1.3.0/com.springsource.org.apache.commons.pool-1.3.0.jar
7f54aaa27000-7f54aaa29000 r--s 0001c000 08:01 5246418                    /home/ian/.m2/repository/org/apache/commons/com.springsource.org.apache.commons.dbcp/1.2.2.osgi/com.springsource.org.apache.commons.dbcp-1.2.2.osgi.jar
7f54aaa29000-7f54aaa2f000 r--s 000a7000 08:01 5246417                    /home/ian/.m2/repository/com/mysql/jdbc/com.springsource.com.mysql.jdbc/5.1.6/com.springsource.com.mysql.jdbc-5.1.6.jar
7f54aaa2f000-7f54aaa34000 r--s 00015000 08:01 5246425                    /home/ian/.m2/repository/org/hibernate/javax/persistence/hibernate-jpa-2.0-api/1.0.1.Final/hibernate-jpa-2.0-api-1.0.1.Final.jar
7f54aaa34000-7f54aaa37000 r--s 0000f000 08:01 5246424                    /home/ian/.m2/repository/org/hibernate/hibernate-commons-annotations/3.2.0.Final/hibernate-commons-annotations-3.2.0.Final.jar
7f54aaa37000-7f54aaa3c000 r--s 00048000 08:01 5246423                    /home/ian/.m2/repository/dom4j/dom4j/1.6.1/dom4j-1.6.1.jar
7f54aaa3c000-7f54aaa49000 r--s 0007c000 08:01 5246422                    /home/ian/.m2/repository/commons-collections/commons-collections/3.1/commons-collections-3.1.jar
7f54aaa49000-7f54aaa4f000 r--s 00067000 08:01 5246421                    /home/ian/.m2/repository/antlr/antlr/2.7.6/antlr-2.7.6.jar
7f54aaa4f000-7f54aaa81000 r--s 002c8000 08:01 5246416                    /home/ian/.m2/repository/org/hibernate/hibernate-core/3.6.8.Final/hibernate-core-3.6.8.Final.jar
7f54aaa81000-7f54aaa88000 r--s 00035000 08:01 5246406                    /home/ian/.m2/repository/org/springframework/org.springframework.transaction/3.1.2.RELEASE/org.springframework.transaction-3.1.2.RELEASE.jar
7f54aaa88000-7f54aaa92000 r--s 00059000 08:01 5246405                    /home/ian/.m2/repository/org/springframework/org.springframework.jdbc/3.1.2.RELEASE/org.springframework.jdbc-3.1.2.RELEASE.jar
7f54aaa92000-7f54aaa9b000 r--s 00054000 08:01 5246404                    /home/ian/.m2/repository/org/springframework/org.springframework.orm/3.1.2.RELEASE/org.springframework.orm-3.1.2.RELEASE.jar
7f54aaa9b000-7f54aaa9c000 r--s 00003000 08:01 5246415                    /home/ian/.m2/repository/javax/transaction/jta/1.1/jta-1.1.jar
7f54aaa9c000-7f54aaaa1000 r--s 0001c000 08:01 5246402                    /home/ian/.m2/repository/javax/persistence/com.springsource.javax.persistence/2.0.0/com.springsource.javax.persistence-2.0.0.jar
7f54aaaa1000-7f54aaaa2000 r--s 00001000 08:01 5376402                    /home/ian/.m2/repository/com/springinpractice/com.springinpractice.api/1.0-RELEASE/com.springinpractice.api-1.0-RELEASE.jar
7f54aaaa2000-7f54aaaa5000 r--s 00009000 08:01 1317097                    /tmp/Jetty_0_0_0_0_8080_webapp__sip__.s0kjx8/lib/Jetty-2371127858444034467.jar (deleted)
7f54aaaa5000-7f54aaaa7000 r--s 0000b000 08:01 1317096                    /tmp/Jetty_0_0_0_0_8080_webapp__sip__.s0kjx8/lib/Jetty-3377819833889365079.jar (deleted)
7f54aaaa7000-7f54aaab0000 r--s 00059000 08:01 1317095                    /tmp/Jetty_0_0_0_0_8080_webapp__sip__.s0kjx8/lib/Jetty-624262857875660574.jar (deleted)
7f54aaab0000-7f54aaabc000 r--s 0007a000 08:01 1317094                    /tmp/Jetty_0_0_0_0_8080_webapp__sip__.s0kjx8/lib/Jetty-9021563278884916401.jar (deleted)
7f54aaabc000-7f54aaabf000 r--s 00012000 08:01 1317093                    /tmp/Jetty_0_0_0_0_8080_webapp__sip__.s0kjx8/lib/Jetty-7340813335535422275.jar (deleted)
7f54aaabf000-7f54aaac0000 r--s 0000c000 08:01 1317092                    /tmp/Jetty_0_0_0_0_8080_webapp__sip__.s0kjx8/lib/Jetty-6957943412104143340.jar (deleted)
7f54aaac0000-7f54aaac1000 r--s 00002000 08:01 1317091                    /tmp/Jetty_0_0_0_0_8080_webapp__sip__.s0kjx8/lib/Jetty-323429686121128120.jar (deleted)
7f54aaac1000-7f54aaacb000 r--s 00064000 08:01 1317090                    /tmp/Jetty_0_0_0_0_8080_webapp__sip__.s0kjx8/lib/Jetty-4771137569630681649.jar (deleted)
7f54aaacb000-7f54aaad7000 r--s 00085000 08:01 1317089                    /tmp/Jetty_0_0_0_0_8080_webapp__sip__.s0kjx8/lib/Jetty-3126177558192697794.jar (deleted)
7f54aaad7000-7f54aaae0000 r--s 00051000 08:01 1317088                    /tmp/Jetty_0_0_0_0_8080_webapp__sip__.s0kjx8/lib/Jetty-3862325193434726781.jar (deleted)
7f54aaae0000-7f54aaae2000 r--s 00014000 08:01 1317087                    /tmp/Jetty_0_0_0_0_8080_webapp__sip__.s0kjx8/lib/Jetty-8899071253139876540.jar (deleted)
7f54aaae2000-7f54aaae5000 r--s 00018000 08:01 1317086                    /tmp/Jetty_0_0_0_0_8080_webapp__sip__.s0kjx8/lib/Jetty-426539619258233057.jar (deleted)
7f54aaae5000-7f54aaae6000 r--s 00000000 08:01 1317085                    /tmp/Jetty_0_0_0_0_8080_webapp__sip__.s0kjx8/lib/Jetty-4712345369719432270.jar (deleted)
7f54aaae6000-7f54aaaea000 r--s 0003d000 08:01 1317084                    /tmp/Jetty_0_0_0_0_8080_webapp__sip__.s0kjx8/lib/Jetty-2220947441424973145.jar (deleted)
7f54aaaea000-7f54aaaec000 r--s 00005000 08:01 1317083                    /tmp/Jetty_0_0_0_0_8080_webapp__sip__.s0kjx8/lib/Jetty-668565026606900934.jar (deleted)
7f54aaaec000-7f54aaaf5000 r--s 00049000 08:01 1317082                    /tmp/Jetty_0_0_0_0_8080_webapp__sip__.s0kjx8/lib/Jetty-2863356870319851540.jar (deleted)
7f54aaaf5000-7f54aaafe000 r--s 0005e000 08:01 1317081                    /tmp/Jetty_0_0_0_0_8080_webapp__sip__.s0kjx8/lib/Jetty-1136933038497197095.jar (deleted)
7f54aaafe000-7f54aab00000 r--s 00000000 08:01 1317080                    /tmp/Jetty_0_0_0_0_8080_webapp__sip__.s0kjx8/lib/Jetty-288836744186619998.jar (deleted)
7f54aab00000-7f54aab09000 r--s 0006d000 08:01 1317079                    /tmp/Jetty_0_0_0_0_8080_webapp__sip__.s0kjx8/lib/Jetty-6551834653057667677.jar (deleted)
7f54aab09000-7f54aab0b000 r--s 0000e000 08:01 1317078                    /tmp/Jetty_0_0_0_0_8080_webapp__sip__.s0kjx8/lib/Jetty-5082117684414900664.jar (deleted)
7f54aab0b000-7f54aab20000 r--s 000b7000 08:01 1317077                    /tmp/Jetty_0_0_0_0_8080_webapp__sip__.s0kjx8/lib/Jetty-3312167102248105601.jar (deleted)
7f54aab20000-7f54aab26000 r--s 00048000 08:01 1317076                    /tmp/Jetty_0_0_0_0_8080_webapp__sip__.s0kjx8/lib/Jetty-4826000947341818129.jar (deleted)
7f54aab26000-7f54aab31000 r--s 00082000 08:01 1317075                    /tmp/Jetty_0_0_0_0_8080_webapp__sip__.s0kjx8/lib/Jetty-6633089439813041422.jar (deleted)
7f54aab31000-7f54aab37000 r--s 00028000 08:01 1317074                    /tmp/Jetty_0_0_0_0_8080_webapp__sip__.s0kjx8/lib/Jetty-3621504946743661436.jar (deleted)
7f54aab37000-7f54aab3b000 r--s 00027000 08:01 1317072                    /tmp/Jetty_0_0_0_0_8080_webapp__sip__.s0kjx8/lib/Jetty-6800523091652385785.jar (deleted)
7f54aab3b000-7f54aab3e000 r--s 0059c000 08:01 5376506                    /home/ian/.m2/repository/com/springinpractice/com.springinpractice.skin/1.0-RELEASE/com.springinpractice.skin-1.0-RELEASE.war
7f54aab3e000-7f54aab41000 ---p 00000000 00:00 0 
7f54aab41000-7f54aac3f000 rw-p 00000000 00:00 0                          [stack:6963]
7f54aac3f000-7f54aac42000 ---p 00000000 00:00 0 
7f54aac42000-7f54aad40000 rw-p 00000000 00:00 0                          [stack:7069]
7f54aad40000-7f54aad4a000 r--s 00254000 08:01 3279458                    /usr/lib/jvm/java-7-oracle/jre/lib/resources.jar
7f54aad4a000-7f54aad59000 r--s 000ee000 08:01 5377033                    /home/ian/.m2/repository/ant/ant/1.6.5/ant-1.6.5.jar
7f54aad59000-7f54aad5c000 ---p 00000000 00:00 0 
7f54aad5c000-7f54aae5a000 rw-p 00000000 00:00 0                          [stack:6957]
7f54aae5a000-7f54aae5c000 r--s 0000e000 08:01 1317105                    /tmp/Jetty_0_0_0_0_8080_webapp__sip__.s0kjx8/lib/Jetty-2263428228619155906.jar
7f54aae5c000-7f54aae5d000 rw-p 00000000 00:00 0 
7f54aae5d000-7f54aae61000 r--s 000f7000 08:01 3411553                    /usr/lib/jvm/java-7-oracle/jre/lib/ext/localedata.jar
7f54aae61000-7f54aae63000 r--s 00003000 08:01 5377042                    /home/ian/.m2/repository/org/mortbay/jetty/start/6.1.21/start-6.1.21.jar
7f54aae63000-7f54aae74000 r--s 000ea000 08:01 5377031                    /home/ian/.m2/repository/org/mortbay/jetty/jsp-2.1-glassfish/9.1.1.B60.25.p2/jsp-2.1-glassfish-9.1.1.B60.25.p2.jar
7f54aae74000-7f54aae77000 r--s 0001e000 08:01 5377030                    /home/ian/.m2/repository/org/mortbay/jetty/jsp-api-2.1-glassfish/9.1.1.B60.25.p2/jsp-api-2.1-glassfish-9.1.1.B60.25.p2.jar
7f54aae77000-7f54aae9a000 r--s 00344000 08:01 5377046                    /home/ian/.m2/repository/org/eclipse/jdt/core/3.1.1/core-3.1.1.jar
7f54aae9a000-7f54aae9c000 r--s 00000000 08:01 5377028                    /home/ian/.m2/repository/org/mortbay/jetty/jsp-2.1-jetty/6.1.21/jsp-2.1-jetty-6.1.21.jar
7f54aae9c000-7f54aae9e000 r--s 00007000 08:01 5377026                    /home/ian/.m2/repository/org/mortbay/jetty/jetty-management/6.1.21/jetty-management-6.1.21.jar
7f54aae9e000-7f54aaea0000 r--s 0000e000 08:01 5377021                    /home/ian/.m2/repository/javax/activation/activation/1.1/activation-1.1.jar
7f54aaea0000-7f54aaea6000 r--s 00059000 08:01 5377022                    /home/ian/.m2/repository/javax/mail/mail/1.4/mail-1.4.jar
7f54aaea6000-7f54aaea7000 r--s 00006000 08:01 5377023                    /home/ian/.m2/repository/org/mortbay/jetty/jetty-naming/6.1.21/jetty-naming-6.1.21.jar
7f54aaea7000-7f54aaea9000 r--s 00002000 08:01 5376956                    /home/ian/.m2/repository/geronimo-spec/geronimo-spec-jta/1.0.1B-rc4/geronimo-spec-jta-1.0.1B-rc4.jar
7f54aaea9000-7f54aaeab000 r--s 0000d000 08:01 5376954                    /home/ian/.m2/repository/org/mortbay/jetty/jetty-plus/6.1.21/jetty-plus-6.1.21.jar
7f54aaeab000-7f54aaead000 r--s 00004000 08:01 5376952                    /home/ian/.m2/repository/org/apache/maven/maven-plugin-tools-api/2.0/maven-plugin-tools-api-2.0.jar
7f54aaead000-7f54aaeb0000 r--s 0001b000 08:01 5376948                    /home/ian/.m2/repository/junit/junit/3.8.2/junit-3.8.2.jar
7f54aaeb0000-7f54aaeb3000 r--s 00027000 08:01 5376947                    /home/ian/.m2/repository/org/codehaus/plexus/plexus-utils/1.1/plexus-utils-1.1.jar
7f54aaeb3000-7f54aaeb5000 r--s 0001f000 08:01 5376946                    /home/ian/.m2/repository/org/mortbay/jetty/servlet-api/2.5-20081211/servlet-api-2.5-20081211.jar
7f54aaeb5000-7f54aaeb8000 r--s 00028000 08:01 5376949                    /home/ian/.m2/repository/org/mortbay/jetty/jetty-util/6.1.21/jetty-util-6.1.21.jar
7f54aaeb8000-7f54aaebf000 r--s 0007c000 08:01 5376950                    /home/ian/.m2/repository/org/mortbay/jetty/jetty/6.1.21/jetty-6.1.21.jar
7f54aaebf000-7f54aaef0000 rw-p 00000000 00:00 0 
7f54aaef0000-7f54aaf05000 r-xp 00000000 08:01 3279533                    /usr/lib/jvm/java-7-oracle/jre/lib/amd64/libnet.so
7f54aaf05000-7f54ab105000 ---p 00015000 08:01 3279533                    /usr/lib/jvm/java-7-oracle/jre/lib/amd64/libnet.so
7f54ab105000-7f54ab106000 rw-p 00015000 08:01 3279533                    /usr/lib/jvm/java-7-oracle/jre/lib/amd64/libnet.so
7f54ab106000-7f54ab116000 r-xp 00000000 08:01 3279557                    /usr/lib/jvm/java-7-oracle/jre/lib/amd64/libnio.so
7f54ab116000-7f54ab316000 ---p 00010000 08:01 3279557                    /usr/lib/jvm/java-7-oracle/jre/lib/amd64/libnio.so
7f54ab316000-7f54ab317000 rw-p 00010000 08:01 3279557                    /usr/lib/jvm/java-7-oracle/jre/lib/amd64/libnio.so
7f54ab317000-7f54ab318000 ---p 00000000 00:00 0 
7f54ab318000-7f54ab418000 rw-p 00000000 00:00 0                          [stack:6956]
7f54ab418000-7f54ab41b000 ---p 00000000 00:00 0 
7f54ab41b000-7f54ab519000 rw-p 00000000 00:00 0                          [stack:6955]
7f54ab519000-7f54ab51c000 ---p 00000000 00:00 0 
7f54ab51c000-7f54ab61a000 rw-p 00000000 00:00 0                          [stack:6954]
7f54ab61a000-7f54ab61d000 ---p 00000000 00:00 0 
7f54ab61d000-7f54ab71b000 rw-p 00000000 00:00 0                          [stack:6953]
7f54ab71b000-7f54ab71e000 ---p 00000000 00:00 0 
7f54ab71e000-7f54ab81c000 rw-p 00000000 00:00 0                          [stack:6952]
7f54ab81c000-7f54abeff000 r--p 00000000 08:01 793174                     /usr/lib/locale/locale-archive
7f54abeff000-7f54abf02000 ---p 00000000 00:00 0 
7f54abf02000-7f54ac000000 rw-p 00000000 00:00 0                          [stack:6951]
7f54ac000000-7f54ac0f4000 rw-p 00000000 00:00 0 
7f54ac0f4000-7f54b0000000 ---p 00000000 00:00 0 
7f54b0000000-7f54b0002000 r--s 00002000 08:01 5377035                    /home/ian/.m2/repository/org/mortbay/jetty/jetty-annotations/6.1.21/jetty-annotations-6.1.21.jar
7f54b0002000-7f54b0004000 r--s 0000a000 08:01 5376693                    /home/ian/.m2/repository/org/mortbay/jetty/maven-jetty-plugin/6.1.21/maven-jetty-plugin-6.1.21.jar
7f54b0004000-7f54b006f000 r--s 00e18000 08:01 3411741                    /usr/lib/jvm/java-7-oracle/lib/tools.jar
7f54b006f000-7f54b0070000 r--s 00003000 08:01 5246002                    /home/ian/.m2/repository/org/codehaus/plexus/plexus-compiler-javac/1.9.1/plexus-compiler-javac-1.9.1.jar
7f54b0070000-7f54b0072000 r--s 00000000 08:01 5246001                    /home/ian/.m2/repository/org/codehaus/plexus/plexus-compiler-manager/1.9.1/plexus-compiler-manager-1.9.1.jar
7f54b0072000-7f54b0074000 r--s 00004000 08:01 5246000                    /home/ian/.m2/repository/org/codehaus/plexus/plexus-compiler-api/1.9.1/plexus-compiler-api-1.9.1.jar
7f54b0074000-7f54b0078000 r--s 00034000 08:01 5245999                    /home/ian/.m2/repository/org/codehaus/plexus/plexus-utils/3.0/plexus-utils-3.0.jar
7f54b0078000-7f54b0079000 r--s 00007000 08:01 5245654                    /home/ian/.m2/repository/org/apache/maven/plugins/maven-compiler-plugin/2.5.1/maven-compiler-plugin-2.5.1.jar
7f54b0079000-7f54b007b000 r--s 0000b000 08:01 5376588                    /home/ian/.m2/repository/org/codehaus/plexus/plexus-interpolation/1.6/plexus-interpolation-1.6.jar
7f54b007b000-7f54b007d000 r--s 00002000 08:01 5246685                    /home/ian/.m2/repository/org/codehaus/plexus/plexus-interactivity-api/1.0-alpha-4/plexus-interactivity-api-1.0-alpha-4.jar
7f54b007d000-7f54b007f000 r--s 00006000 08:01 5246684                    /home/ian/.m2/repository/commons-cli/commons-cli/1.0/commons-cli-1.0.jar
7f54b007f000-7f54b0081000 r--s 00007000 08:01 5374277                    /home/ian/.m2/repository/org/apache/maven/shared/maven-filtering/1.0-beta-2/maven-filtering-1.0-beta-2.jar
7f54b0081000-7f54b0083000 r--s 00004000 08:01 5247522                    /home/ian/.m2/repository/org/apache/maven/plugins/maven-resources-plugin/2.3/maven-resources-plugin-2.3.jar
7f54b0083000-7f54b0088000 r--s 00039000 08:01 5377016                    /home/ian/.m2/repository/org/codehaus/plexus/plexus-utils/1.5.6/plexus-utils-1.5.6.jar
7f54b0088000-7f54b008a000 r--s 00008000 08:01 5377015                    /home/ian/.m2/repository/org/apache/maven/shared/maven-shared-io/1.1/maven-shared-io-1.1.jar
7f54b008a000-7f54b008c000 r--s 00008000 08:01 5377014                    /home/ian/.m2/repository/org/apache/maven/shared/file-management/1.2.1/file-management-1.2.1.jar
7f54b008c000-7f54b008f000 r--s 0001b000 08:01 5246003                    /home/ian/.m2/repository/junit/junit/3.8.1/junit-3.8.1.jar
7f54b008f000-7f54b0092000 ---p 00000000 00:00 0 
7f54b0092000-7f54b00b7000 rw-p 00000000 00:00 0 
7f54b00b7000-7f54b00bb000 r--s 0008a000 08:01 3279592                    /usr/lib/jvm/java-7-oracle/jre/lib/jsse.jar
7f54b00bb000-7f54b00c1000 r--s 0002c000 08:01 1057377                    /usr/share/java/sisu-inject-plexus.jar
7f54b00c1000-7f54b00c4000 ---p 00000000 00:00 0 
7f54b00c4000-7f54b01c2000 rw-p 00000000 00:00 0                          [stack:6950]
7f54b01c2000-7f54b01c3000 ---p 00000000 00:00 0 
7f54b01c3000-7f54b02c3000 rw-p 00000000 00:00 0                          [stack:6949]
7f54b02c3000-7f54b0480000 r--s 039f9000 08:01 3279461                    /usr/lib/jvm/java-7-oracle/jre/lib/rt.jar
7f54b0480000-7f54b04a1000 rw-p 00000000 00:00 0 
7f54b04a1000-7f54b0681000 rw-p 00000000 00:00 0 
7f54b0681000-7f54b069a000 rw-p 00000000 00:00 0 
7f54b069a000-7f54b07d7000 rw-p 00000000 00:00 0 
7f54b07d7000-7f54b07e4000 rw-p 00000000 00:00 0 
7f54b07e4000-7f54b0881000 rw-p 00000000 00:00 0 
7f54b0881000-7f54b089b000 rw-p 00000000 00:00 0 
7f54b089b000-7f54b09d7000 rw-p 00000000 00:00 0 
7f54b09d7000-7f54b09f8000 rw-p 00000000 00:00 0 
7f54b09f8000-7f54b0bd7000 rw-p 00000000 00:00 0 
7f54b0bd7000-7f54b0bd8000 rw-p 00000000 00:00 0 
7f54b0bd8000-7f54b10b8000 rwxp 00000000 00:00 0 
7f54b10b8000-7f54b3bd8000 rw-p 00000000 00:00 0 
7f54b3bd8000-7f54b3bf3000 r-xp 00000000 08:01 3279535                    /usr/lib/jvm/java-7-oracle/jre/lib/amd64/libzip.so
7f54b3bf3000-7f54b3df2000 ---p 0001b000 08:01 3279535                    /usr/lib/jvm/java-7-oracle/jre/lib/amd64/libzip.so
7f54b3df2000-7f54b3df3000 rw-p 0001a000 08:01 3279535                    /usr/lib/jvm/java-7-oracle/jre/lib/amd64/libzip.so
7f54b3df3000-7f54b3dff000 r-xp 00000000 08:01 1441921                    /lib/x86_64-linux-gnu/libnss_files-2.15.so
7f54b3dff000-7f54b3ffe000 ---p 0000c000 08:01 1441921                    /lib/x86_64-linux-gnu/libnss_files-2.15.so
7f54b3ffe000-7f54b3fff000 r--p 0000b000 08:01 1441921                    /lib/x86_64-linux-gnu/libnss_files-2.15.so
7f54b3fff000-7f54b4000000 rw-p 0000c000 08:01 1441921                    /lib/x86_64-linux-gnu/libnss_files-2.15.so
7f54b4000000-7f54b5488000 rw-p 00000000 00:00 0 
7f54b5488000-7f54b8000000 ---p 00000000 00:00 0 
7f54b8000000-7f54b8001000 r--s 00002000 08:01 5377037                    /home/ian/.m2/repository/org/apache/geronimo/specs/geronimo-annotation_1.0_spec/1.0/geronimo-annotation_1.0_spec-1.0.jar
7f54b8001000-7f54b8002000 r--s 00001000 08:01 5246683                    /home/ian/.m2/repository/org/apache/maven/doxia/doxia-sink-api/1.0-alpha-7/doxia-sink-api-1.0-alpha-7.jar
7f54b8002000-7f54b8004000 r--s 0000a000 08:01 1712477                    /usr/share/maven/lib/maven-artifact-3.0.4.jar
7f54b8004000-7f54b8006000 r--s 00009000 08:01 1712486                    /usr/share/maven/lib/maven-settings-3.0.4.jar
7f54b8006000-7f54b8008000 r--s 00008000 08:01 1712480                    /usr/share/maven/lib/maven-embedder-3.0.4.jar
7f54b8008000-7f54b800a000 r--s 00007000 08:01 1712485                    /usr/share/maven/lib/maven-settings-builder-3.0.4.jar
7f54b800a000-7f54b800c000 r--s 00003000 08:01 1056999                    /usr/share/java/jsr305-0.1~+svn49.jar
7f54b800c000-7f54b8023000 r--s 000de000 08:01 1057353                    /usr/share/java/guava-r09.jar
7f54b8023000-7f54b802f000 r--s 00082000 08:01 3540416                    /usr/share/maven-repo/org/sonatype/sisu/sisu-guice/3.1.0/sisu-guice-3.1.0.jar
7f54b802f000-7f54b8033000 r--s 00033000 08:01 1057335                    /usr/share/java/plexus-utils2-2.0.5.jar
7f54b8033000-7f54b8035000 r--s 00025000 08:01 1712482                    /usr/share/maven/lib/maven-model-3.0.4.jar
7f54b8035000-7f54b8037000 r--s 00005000 08:01 1712484                    /usr/share/maven/lib/maven-repository-metadata-3.0.4.jar
7f54b8037000-7f54b8039000 r--s 00007000 08:01 1056997                    /usr/share/java/commons-cli-1.2.jar
7f54b8039000-7f54b803b000 r--s 00006000 08:01 3540621                    /usr/share/maven-repo/org/sonatype/aether/aether-connector-wagon/1.13.1/aether-connector-wagon-1.13.1.jar
7f54b803b000-7f54b803c000 r--s 00001000 08:01 1057251                    /usr/share/java/wagon-http.jar
7f54b803c000-7f54b803d000 r--s 00001000 08:01 1057247                    /usr/share/java/wagon-file.jar
7f54b803d000-7f54b803f000 r--s 0000a000 08:01 1057245                    /usr/share/java/wagon-provider-api.jar
7f54b803f000-7f54b8042000 r--s 00013000 08:01 3540603                    /usr/share/maven-repo/org/sonatype/aether/aether-api/1.13.1/aether-api-1.13.1.jar
7f54b8042000-7f54b8044000 r--s 00002000 08:01 3539638                    /usr/share/maven-repo/org/sonatype/plexus/plexus-cipher/1.5/plexus-cipher-1.5.jar
7f54b8044000-7f54b8046000 r--s 0000b000 08:01 3539201                    /usr/share/maven-repo/org/codehaus/plexus/plexus-interpolation/1.11/plexus-interpolation-1.11.jar
7f54b8046000-7f54b8047000 r--s 00006000 08:01 3539645                    /usr/share/maven-repo/org/sonatype/plexus/plexus-sec-dispatcher/1.3.1/plexus-sec-dispatcher-1.3.1.jar
7f54b8047000-7f54b804b000 r--s 00020000 08:01 1712481                    /usr/share/maven/lib/maven-model-builder-3.0.4.jar
7f54b804b000-7f54b804d000 r--s 00009000 08:01 1712483                    /usr/share/maven/lib/maven-plugin-api-3.0.4.jar
7f54b804d000-7f54b8050000 r--s 0001d000 08:01 3540615                    /usr/share/maven-repo/org/sonatype/aether/aether-impl/1.13.1/aether-impl-1.13.1.jar
7f54b8050000-7f54b805c000 r--s 0007c000 08:01 1712479                    /usr/share/maven/lib/maven-core-3.0.4.jar
7f54b805c000-7f54b8060000 r--s 0001c000 08:01 3540586                    /usr/share/maven-repo/org/sonatype/aether/aether-util/1.13.1/aether-util-1.13.1.jar
7f54b8060000-7f54b8062000 r--s 00000000 08:01 1057338                    /usr/share/java/plexus-component-annotations-1.5-1.5.5.jar
7f54b8062000-7f54b8064000 r--s 0000b000 08:01 1712476                    /usr/share/maven/lib/maven-aether-provider-3.0.4.jar
7f54b8064000-7f54b8065000 r--s 00004000 08:01 1057249                    /usr/share/java/wagon-http-shared.jar
7f54b8065000-7f54b8067000 r--s 0000c000 08:01 1056834                    /usr/share/java/commons-logging-1.1.1.jar
7f54b8067000-7f54b806a000 r--s 00011000 08:01 1057026                    /usr/share/java/commons-codec-1.5.jar
7f54b806a000-7f54b8070000 r--s 00045000 08:01 1057167                    /usr/share/java/commons-httpclient-3.1.jar
7f54b8070000-7f54b8077000 r--s 00040000 08:01 1057369                    /usr/share/java/sisu-inject-bean.jar
7f54b8077000-7f54b807d000 r--s 0003e000 08:01 1712478                    /usr/share/maven/lib/maven-compat-3.0.4.jar
7f54b807d000-7f54b80ed000 rw-p 00000000 00:00 0 
7f54b80ed000-7f54b80f7000 r-xp 00000000 08:01 1441917                    /lib/x86_64-linux-gnu/libnss_nis-2.15.so
7f54b80f7000-7f54b82f7000 ---p 0000a000 08:01 1441917                    /lib/x86_64-linux-gnu/libnss_nis-2.15.so
7f54b82f7000-7f54b82f8000 r--p 0000a000 08:01 1441917                    /lib/x86_64-linux-gnu/libnss_nis-2.15.so
7f54b82f8000-7f54b82f9000 rw-p 0000b000 08:01 1441917                    /lib/x86_64-linux-gnu/libnss_nis-2.15.so
7f54b82f9000-7f54b8310000 r-xp 00000000 08:01 1446261                    /lib/x86_64-linux-gnu/libnsl-2.15.so
7f54b8310000-7f54b850f000 ---p 00017000 08:01 1446261                    /lib/x86_64-linux-gnu/libnsl-2.15.so
7f54b850f000-7f54b8510000 r--p 00016000 08:01 1446261                    /lib/x86_64-linux-gnu/libnsl-2.15.so
7f54b8510000-7f54b8511000 rw-p 00017000 08:01 1446261                    /lib/x86_64-linux-gnu/libnsl-2.15.so
7f54b8511000-7f54b8513000 rw-p 00000000 00:00 0 
7f54b8513000-7f54b851b000 r-xp 00000000 08:01 1441922                    /lib/x86_64-linux-gnu/libnss_compat-2.15.so
7f54b851b000-7f54b871a000 ---p 00008000 08:01 1441922                    /lib/x86_64-linux-gnu/libnss_compat-2.15.so
7f54b871a000-7f54b871b000 r--p 00007000 08:01 1441922                    /lib/x86_64-linux-gnu/libnss_compat-2.15.so
7f54b871b000-7f54b871c000 rw-p 00008000 08:01 1441922                    /lib/x86_64-linux-gnu/libnss_compat-2.15.so
7f54b871c000-7f54b8745000 r-xp 00000000 08:01 3279567                    /usr/lib/jvm/java-7-oracle/jre/lib/amd64/libjava.so
7f54b8745000-7f54b8945000 ---p 00029000 08:01 3279567                    /usr/lib/jvm/java-7-oracle/jre/lib/amd64/libjava.so
7f54b8945000-7f54b8947000 rw-p 00029000 08:01 3279567                    /usr/lib/jvm/java-7-oracle/jre/lib/amd64/libjava.so
7f54b8947000-7f54b8954000 r-xp 00000000 08:01 3279538                    /usr/lib/jvm/java-7-oracle/jre/lib/amd64/libverify.so
7f54b8954000-7f54b8b53000 ---p 0000d000 08:01 3279538                    /usr/lib/jvm/java-7-oracle/jre/lib/amd64/libverify.so
7f54b8b53000-7f54b8b55000 rw-p 0000c000 08:01 3279538                    /usr/lib/jvm/java-7-oracle/jre/lib/amd64/libverify.so
7f54b8b55000-7f54b8b5c000 r-xp 00000000 08:01 1441915                    /lib/x86_64-linux-gnu/librt-2.15.so
7f54b8b5c000-7f54b8d5b000 ---p 00007000 08:01 1441915                    /lib/x86_64-linux-gnu/librt-2.15.so
7f54b8d5b000-7f54b8d5c000 r--p 00006000 08:01 1441915                    /lib/x86_64-linux-gnu/librt-2.15.so
7f54b8d5c000-7f54b8d5d000 rw-p 00007000 08:01 1441915                    /lib/x86_64-linux-gnu/librt-2.15.so
7f54b8d5d000-7f54b8e58000 r-xp 00000000 08:01 1441919                    /lib/x86_64-linux-gnu/libm-2.15.so
7f54b8e58000-7f54b9057000 ---p 000fb000 08:01 1441919                    /lib/x86_64-linux-gnu/libm-2.15.so
7f54b9057000-7f54b9058000 r--p 000fa000 08:01 1441919                    /lib/x86_64-linux-gnu/libm-2.15.so
7f54b9058000-7f54b9059000 rw-p 000fb000 08:01 1441919                    /lib/x86_64-linux-gnu/libm-2.15.so
7f54b9059000-7f54b9a9a000 r-xp 00000000 08:01 3411540                    /usr/lib/jvm/java-7-oracle/jre/lib/amd64/server/libjvm.so
7f54b9a9a000-7f54b9c9a000 ---p 00a41000 08:01 3411540                    /usr/lib/jvm/java-7-oracle/jre/lib/amd64/server/libjvm.so
7f54b9c9a000-7f54b9d3d000 rw-p 00a41000 08:01 3411540                    /usr/lib/jvm/java-7-oracle/jre/lib/amd64/server/libjvm.so
7f54b9d3d000-7f54b9d79000 rw-p 00000000 00:00 0 
7f54b9d79000-7f54b9f2e000 r-xp 00000000 08:01 1441815                    /lib/x86_64-linux-gnu/libc-2.15.so
7f54b9f2e000-7f54ba12d000 ---p 001b5000 08:01 1441815                    /lib/x86_64-linux-gnu/libc-2.15.so
7f54ba12d000-7f54ba131000 r--p 001b4000 08:01 1441815                    /lib/x86_64-linux-gnu/libc-2.15.so
7f54ba131000-7f54ba133000 rw-p 001b8000 08:01 1441815                    /lib/x86_64-linux-gnu/libc-2.15.so
7f54ba133000-7f54ba138000 rw-p 00000000 00:00 0 
7f54ba138000-7f54ba13a000 r-xp 00000000 08:01 1441804                    /lib/x86_64-linux-gnu/libdl-2.15.so
7f54ba13a000-7f54ba33a000 ---p 00002000 08:01 1441804                    /lib/x86_64-linux-gnu/libdl-2.15.so
7f54ba33a000-7f54ba33b000 r--p 00002000 08:01 1441804                    /lib/x86_64-linux-gnu/libdl-2.15.so
7f54ba33b000-7f54ba33c000 rw-p 00003000 08:01 1441804                    /lib/x86_64-linux-gnu/libdl-2.15.so
7f54ba33c000-7f54ba352000 r-xp 00000000 08:01 3411546                    /usr/lib/jvm/java-7-oracle/jre/lib/amd64/jli/libjli.so
7f54ba352000-7f54ba552000 ---p 00016000 08:01 3411546                    /usr/lib/jvm/java-7-oracle/jre/lib/amd64/jli/libjli.so
7f54ba552000-7f54ba553000 rw-p 00016000 08:01 3411546                    /usr/lib/jvm/java-7-oracle/jre/lib/amd64/jli/libjli.so
7f54ba553000-7f54ba56b000 r-xp 00000000 08:01 1441913                    /lib/x86_64-linux-gnu/libpthread-2.15.so
7f54ba56b000-7f54ba76a000 ---p 00018000 08:01 1441913                    /lib/x86_64-linux-gnu/libpthread-2.15.so
7f54ba76a000-7f54ba76b000 r--p 00017000 08:01 1441913                    /lib/x86_64-linux-gnu/libpthread-2.15.so
7f54ba76b000-7f54ba76c000 rw-p 00018000 08:01 1441913                    /lib/x86_64-linux-gnu/libpthread-2.15.so
7f54ba76c000-7f54ba770000 rw-p 00000000 00:00 0 
7f54ba770000-7f54ba792000 r-xp 00000000 08:01 1441925                    /lib/x86_64-linux-gnu/ld-2.15.so
7f54ba792000-7f54ba793000 r--s 00002000 08:01 5246680                    /home/ian/.m2/repository/org/apache/maven/reporting/maven-reporting-api/2.0.6/maven-reporting-api-2.0.6.jar
7f54ba793000-7f54ba7cf000 rw-p 00000000 00:00 0 
7f54ba7cf000-7f54ba87b000 rw-p 00000000 00:00 0 
7f54ba87b000-7f54ba87e000 ---p 00000000 00:00 0 
7f54ba87e000-7f54ba980000 rw-p 00000000 00:00 0                          [stack:6948]
7f54ba980000-7f54ba982000 r--s 00003000 08:01 5247516                    /home/ian/.m2/repository/org/apache/maven/plugins/maven-clean-plugin/2.3/maven-clean-plugin-2.3.jar
7f54ba982000-7f54ba983000 r--p 00000000 00:00 0 
7f54ba983000-7f54ba984000 r--s 00003000 08:01 3540598                    /usr/share/maven-repo/org/sonatype/aether/aether-spi/1.13.1/aether-spi-1.13.1.jar
7f54ba984000-7f54ba986000 r--s 0000a000 08:01 1056977                    /usr/share/java/plexus-classworlds2-2.4.jar
7f54ba986000-7f54ba98e000 rw-s 00000000 08:01 1315459                    /tmp/hsperfdata_ian/6937
7f54ba98e000-7f54ba98f000 rw-p 00000000 00:00 0 
7f54ba98f000-7f54ba990000 r--p 00000000 00:00 0 
7f54ba990000-7f54ba992000 rw-p 00000000 00:00 0 
7f54ba992000-7f54ba993000 r--p 00022000 08:01 1441925                    /lib/x86_64-linux-gnu/ld-2.15.so
7f54ba993000-7f54ba995000 rw-p 00023000 08:01 1441925                    /lib/x86_64-linux-gnu/ld-2.15.so
7fffbe362000-7fffbe383000 rw-p 00000000 00:00 0                          [stack]
7fffbe3ff000-7fffbe400000 r-xp 00000000 00:00 0                          [vdso]
ffffffffff600000-ffffffffff601000 r-xp 00000000 00:00 0                  [vsyscall]

VM Arguments:
jvm_args: -Xmx1024M -XX:MaxPermSize=1024m -Dclassworlds.conf=/usr/share/maven/bin/m2.conf -Dmaven.home=/usr/share/maven 
java_command: org.codehaus.plexus.classworlds.launcher.Launcher clean jetty:run --debug
Launcher Type: SUN_STANDARD

Environment Variables:
JAVA_HOME=/usr/lib/jvm/java-7-oracle
PATH=/usr/lib/lightdm/lightdm:/usr/local/sbin:/usr/local/bin:/usr/sbin:/usr/bin:/sbin:/bin:/usr/games
SHELL=/bin/bash
DISPLAY=:0

Signal Handlers:
SIGSEGV: [libjvm.so+0x8a26a0], sa_mask[0]=0x7ffbfeff, sa_flags=0x10000004
SIGBUS: [libjvm.so+0x8a26a0], sa_mask[0]=0x7ffbfeff, sa_flags=0x10000004
SIGFPE: [libjvm.so+0x73f3d0], sa_mask[0]=0x7ffbfeff, sa_flags=0x10000004
SIGPIPE: [libjvm.so+0x73f3d0], sa_mask[0]=0x7ffbfeff, sa_flags=0x10000004
SIGXFSZ: [libjvm.so+0x73f3d0], sa_mask[0]=0x7ffbfeff, sa_flags=0x10000004
SIGILL: [libjvm.so+0x73f3d0], sa_mask[0]=0x7ffbfeff, sa_flags=0x10000004
SIGUSR1: SIG_DFL, sa_mask[0]=0x00000000, sa_flags=0x00000000
SIGUSR2: [libjvm.so+0x73ed20], sa_mask[0]=0x00000000, sa_flags=0x10000004
SIGHUP: [libjvm.so+0x7410b0], sa_mask[0]=0x7ffbfeff, sa_flags=0x10000004
SIGINT: [libjvm.so+0x7410b0], sa_mask[0]=0x7ffbfeff, sa_flags=0x10000004
SIGTERM: [libjvm.so+0x7410b0], sa_mask[0]=0x7ffbfeff, sa_flags=0x10000004
SIGQUIT: [libjvm.so+0x7410b0], sa_mask[0]=0x7ffbfeff, sa_flags=0x10000004


---------------  S Y S T E M  ---------------

OS:wheezy/sid

uname:Linux 3.5.0-36-generic #57~precise1-Ubuntu SMP Thu Jun 20 18:21:09 UTC 2013 x86_64
libc:glibc 2.15 NPTL 2.15 
rlimit: STACK 8192k, CORE 0k, NPROC 33036, NOFILE 4096, AS infinity
load average:0.87 0.53 0.36

/proc/meminfo:
MemTotal:        4247264 kB
MemFree:          167964 kB
Buffers:           52272 kB
Cached:          1219528 kB
SwapCached:        12220 kB
Active:          1921092 kB
Inactive:         995764 kB
Active(anon):    1189904 kB
Inactive(anon):   456884 kB
Active(file):     731188 kB
Inactive(file):   538880 kB
Unevictable:           0 kB
Mlocked:               0 kB
SwapTotal:       2181116 kB
SwapFree:        2166768 kB
Dirty:               448 kB
Writeback:             0 kB
AnonPages:       1634900 kB
Mapped:           160908 kB
Shmem:              1708 kB
Slab:             135032 kB
SReclaimable:     107700 kB
SUnreclaim:        27332 kB
KernelStack:        3928 kB
PageTables:        28776 kB
NFS_Unstable:          0 kB
Bounce:                0 kB
WritebackTmp:          0 kB
CommitLimit:     4304748 kB
Committed_AS:    4009396 kB
VmallocTotal:   34359738367 kB
VmallocUsed:      315508 kB
VmallocChunk:   34359420628 kB
HardwareCorrupted:     0 kB
AnonHugePages:         0 kB
HugePages_Total:       0
HugePages_Free:        0
HugePages_Rsvd:        0
HugePages_Surp:        0
Hugepagesize:       2048 kB
DirectMap4k:       63488 kB
DirectMap2M:     4339712 kB


CPU:total 1 (1 cores per cpu, 1 threads per core) family 6 model 23 stepping 6, cmov, cx8, fxsr, mmx, sse, sse2, sse3, ssse3, sse4.1, tsc, tscinvbit

/proc/cpuinfo:
processor	: 0
vendor_id	: GenuineIntel
cpu family	: 6
model		: 23
model name	: Intel(R) Core(TM)2 Duo CPU     T9300  @ 2.50GHz
stepping	: 6
microcode	: 0x60c
cpu MHz		: 2493.379
cache size	: 6144 KB
fpu		: yes
fpu_exception	: yes
cpuid level	: 10
wp		: yes
flags		: fpu vme de pse tsc msr pae mce cx8 apic sep mtrr pge mca cmov pat pse36 clflush dts mmx fxsr sse sse2 ss syscall nx lm constant_tsc up arch_perfmon pebs bts nopl tsc_reliable nonstop_tsc aperfmperf pni ssse3 cx16 sse4_1 x2apic hypervisor lahf_lm dtherm
bogomips	: 4986.75
clflush size	: 64
cache_alignment	: 64
address sizes	: 40 bits physical, 48 bits virtual
power management:



Memory: 4k page, physical 4247264k(167964k free), swap 2181116k(2166768k free)

vm_info: Java HotSpot(TM) 64-Bit Server VM (23.25-b01) for linux-amd64 JRE (1.7.0_25-b15), built on Jun  5 2013 20:48:36 by "java_re" with gcc 4.3.0 20080428 (Red Hat 4.3.0-8)

time: Thu Jul 25 20:09:29 2013
elapsed time: 168 seconds

