#
# A fatal error has been detected by the Java Runtime Environment:
#
#  SIGSEGV (0xb) at pc=0x00007f6afcc4400b, pid=5708, tid=140097415325440
#
# JRE version: 7.0_25-b15
# Java VM: Java HotSpot(TM) 64-Bit Server VM (23.25-b01 mixed mode linux-amd64 compressed oops)
# Problematic frame:
# C  [libc.so.6+0x14600b]  __nss_hosts_lookup+0x146bb
#
# Failed to write core dump. Core dumps have been disabled. To enable core dumping, try "ulimit -c unlimited" before starting Java again
#
# If you would like to submit a bug report, please visit:
#   http://bugreport.sun.com/bugreport/crash.jsp
# The crash happened outside the Java Virtual Machine in native code.
# See problematic frame for where to report the bug.
#

---------------  T H R E A D  ---------------

Current thread (0x00007f6adc00e800):  JavaThread "2058000463@qtp-2131061906-4" [_thread_in_native, id=5745, stack(0x00007f6af89ca000,0x00007f6af8acb000)]

siginfo:si_signo=SIGSEGV: si_errno=0, si_code=2 (SEGV_ACCERR), si_addr=0x00007f6af88c9000

Registers:
RAX=0x00007f6ae13bd490, RBX=0x00000000000081b4, RCX=0x0000000000004000, RDX=0x0000000000007324
RSP=0x00007f6af8ac74b8, RBP=0x00007f6af8ac7510, RSI=0x00007f6af88c8ff6, RDI=0x00007f6ae13be2a0
R8 =0x00007f6ae13bd490, R9 =0x00007f6afcc44000, R10=0x00007f6af106ed98, R11=0x00007f6afcc81450
R12=0x00007f6af88c81b8, R13=0x00007f6ae11eb170, R14=0x0000000000006de2, R15=0x00007f6af498f2f0
RIP=0x00007f6afcc4400b, EFLAGS=0x0000000000010206, CSGSFS=0x0000000000000033, ERR=0x0000000000000004
  TRAPNO=0x000000000000000e

Top of Stack: (sp=0x00007f6af8ac74b8)
0x00007f6af8ac74b8:   00007f6afaa4ec67 00000000c0000d10
0x00007f6af8ac74c8:   0000e26a00000000 00000000000081b4
0x00007f6af8ac74d8:   000000002f736567 00007f6ae11eb170
0x00007f6af8ac74e8:   00007f6af49a7458 00007f6af498f2f0
0x00007f6af8ac74f8:   00007f6ae031e600 0000000068825408
0x00007f6af8ac7508:   00007f6af8ac7570 00007f6af8ac7550
0x00007f6af8ac7518:   00007f6afaa4f228 00000016f8ac7550
0x00007f6af8ac7528:   00007f6af8ac7570 0000000000000016
0x00007f6af8ac7538:   00007f6adc00e9d8 00007f6af8ac7570
0x00007f6af8ac7548:   00007f6af8ac79c8 00007f6af8ac79b0
0x00007f6af8ac7558:   00007f6afaa4e05d 01000000c0173700
0x00007f6af8ac7568:   00007f6af498f2f0 2f464e492d424557
0x00007f6af8ac7578:   6f7461726f636564 00006c6d782e7372
0x00007f6af8ac7588:   00007f6a40400000 00007f6a3f8ccccd
0x00007f6af8ac7598:   00000000955a7508 00000000803cf180
0x00007f6af8ac75a8:   00007f6af8ac75a8 00000000c017199e
0x00007f6af8ac75b8:   00007f6af8ac7600 00000000c01761f0
0x00007f6af8ac75c8:   0000000000000000 00000000c01719a8
0x00007f6af8ac75d8:   0000000000000000 00007f6af8ac75f8
0x00007f6af8ac75e8:   00007f6af8ac7648 00007f6af1006158
0x00007f6af8ac75f8:   0000000000000000 00000000803cf180
0x00007f6af8ac7608:   00007f6afc4e827c 0000000001cf47b0
0x00007f6af8ac7618:   0000000001cf6770 00007f6af8ac7670
0x00007f6af8ac7628:   00007f6a00000000 00007f6ae11eb170
0x00007f6af8ac7638:   00007f6af8ac76b0 00007f6adc00e800
0x00007f6af8ac7648:   0000000000000005 00007f6af8ac76b8
0x00007f6af8ac7658:   00007f6af1006158 00007f6af1006158
0x00007f6af8ac7668:   00000000803cf2c8 00000000803cf318
0x00007f6af8ac7678:   00007f6af8ac7678 00000000c0263e8a
0x00007f6af8ac7688:   00007f6af8ac76d0 00000000c02647f0
0x00007f6af8ac7698:   00007f6af8ac7698 00000000c013dbe8
0x00007f6af8ac76a8:   00007f6af8ac76f0 00000000c013f640 

Instructions: (pc=0x00007f6afcc4400b)
0x00007f6afcc43feb:   28 4e fa 72 07 4d 8d 89 f9 ff ff ff 48 8d 52 c0
0x00007f6afcc43ffb:   41 ff e1 0f 0b 0f 18 86 c0 01 00 00 48 83 ea 40
0x00007f6afcc4400b:   0f 28 56 0a 0f 28 5e 1a 0f 28 66 2a 0f 28 6e 3a
0x00007f6afcc4401b:   66 0f 6f f5 66 0f 3a 0f ec 06 48 8d 76 40 66 0f 

Register to memory mapping:

RAX=0x00007f6ae13bd490 is an unknown value
RBX=0x00000000000081b4 is an unknown value
RCX=0x0000000000004000 is an unknown value
RDX=0x0000000000007324 is an unknown value
RSP=0x00007f6af8ac74b8 is pointing into the stack for thread: 0x00007f6adc00e800
RBP=0x00007f6af8ac7510 is pointing into the stack for thread: 0x00007f6adc00e800
RSI=0x00007f6af88c8ff6 is an unknown value
RDI=0x00007f6ae13be2a0 is an unknown value
R8 =0x00007f6ae13bd490 is an unknown value
R9 =0x00007f6afcc44000: <offset 0x146000> in /lib/x86_64-linux-gnu/libc.so.6 at 0x00007f6afcafe000
R10=0x00007f6af106ebd0 [CodeBlob (0x00007f6af106ebd0)]
Framesize: 10
R11=0x00007f6afcc81450: <offset 0x183450> in /lib/x86_64-linux-gnu/libc.so.6 at 0x00007f6afcafe000
R12=0x00007f6af88c81b8 is an unknown value
R13=0x00007f6ae11eb170 is an unknown value
R14=0x0000000000006de2 is an unknown value
R15=0x00007f6af498f2f0 is an unknown value


Stack: [0x00007f6af89ca000,0x00007f6af8acb000],  sp=0x00007f6af8ac74b8,  free space=1013k
Native frames: (J=compiled Java code, j=interpreted, Vv=VM code, C=native code)
C  [libc.so.6+0x14600b]  __nss_hosts_lookup+0x146bb
C  [libzip.so+0x5228]  ZIP_GetEntry+0xd8
C  [libzip.so+0x405d]  Java_java_util_zip_ZipFile_getEntry+0xad
J  java.util.zip.ZipFile.getEntry(J[BZ)J

Java frames: (J=compiled Java code, j=interpreted, Vv=VM code)
J  java.util.zip.ZipFile.getEntry(J[BZ)J
J  java.util.jar.JarFile.getEntry(Ljava/lang/String;)Ljava/util/zip/ZipEntry;
j  sun.net.www.protocol.jar.URLJarFile.getEntry(Ljava/lang/String;)Ljava/util/zip/ZipEntry;+2
j  sun.net.www.protocol.jar.JarURLConnection.connect()V+62
j  sun.net.www.protocol.jar.JarURLConnection.getInputStream()Ljava/io/InputStream;+1
j  java.net.URL.openStream()Ljava/io/InputStream;+4
j  org.mortbay.jetty.handler.ContextHandler$SContext.getResourceAsStream(Ljava/lang/String;)Ljava/io/InputStream;+13
j  com.opensymphony.module.sitemesh.factory.DefaultFactory.loadExcludes()V+29
j  com.opensymphony.module.sitemesh.factory.DefaultFactory.loadConfig()V+291
j  com.opensymphony.module.sitemesh.factory.DefaultFactory.<init>(Lcom/opensymphony/module/sitemesh/Config;)V+94
v  ~StubRoutines::call_stub
j  sun.reflect.NativeConstructorAccessorImpl.newInstance0(Ljava/lang/reflect/Constructor;[Ljava/lang/Object;)Ljava/lang/Object;+0
j  sun.reflect.NativeConstructorAccessorImpl.newInstance([Ljava/lang/Object;)Ljava/lang/Object;+72
j  sun.reflect.DelegatingConstructorAccessorImpl.newInstance([Ljava/lang/Object;)Ljava/lang/Object;+5
j  java.lang.reflect.Constructor.newInstance([Ljava/lang/Object;)Ljava/lang/Object;+79
j  com.opensymphony.module.sitemesh.Factory.getInstance(Lcom/opensymphony/module/sitemesh/Config;)Lcom/opensymphony/module/sitemesh/Factory;+80
j  com.opensymphony.sitemesh.webapp.SiteMeshFilter.initContentProcessor(Lcom/opensymphony/sitemesh/webapp/SiteMeshWebAppContext;)Lcom/opensymphony/sitemesh/ContentProcessor;+11
j  com.opensymphony.sitemesh.webapp.SiteMeshFilter.doFilter(Ljavax/servlet/ServletRequest;Ljavax/servlet/ServletResponse;Ljavax/servlet/FilterChain;)V+41
j  org.mortbay.jetty.servlet.ServletHandler$CachedChain.doFilter(Ljavax/servlet/ServletRequest;Ljavax/servlet/ServletResponse;)V+53
j  org.springframework.security.web.FilterChainProxy$VirtualFilterChain.doFilter(Ljavax/servlet/ServletRequest;Ljavax/servlet/ServletResponse;)V+69
j  org.springframework.security.web.authentication.www.BasicAuthenticationFilter.doFilter(Ljavax/servlet/ServletRequest;Ljavax/servlet/ServletResponse;Ljavax/servlet/FilterChain;)V+414
j  org.springframework.security.web.FilterChainProxy$VirtualFilterChain.doFilter(Ljavax/servlet/ServletRequest;Ljavax/servlet/ServletResponse;)V+192
j  org.springframework.security.web.context.SecurityContextPersistenceFilter.doFilter(Ljavax/servlet/ServletRequest;Ljavax/servlet/ServletResponse;Ljavax/servlet/FilterChain;)V+165
j  org.springframework.security.web.FilterChainProxy$VirtualFilterChain.doFilter(Ljavax/servlet/ServletRequest;Ljavax/servlet/ServletResponse;)V+192
j  org.springframework.security.web.FilterChainProxy.doFilter(Ljavax/servlet/ServletRequest;Ljavax/servlet/ServletResponse;Ljavax/servlet/FilterChain;)V+125
j  org.springframework.web.filter.DelegatingFilterProxy.invokeDelegate(Ljavax/servlet/Filter;Ljavax/servlet/ServletRequest;Ljavax/servlet/ServletResponse;Ljavax/servlet/FilterChain;)V+5
j  org.springframework.web.filter.DelegatingFilterProxy.doFilter(Ljavax/servlet/ServletRequest;Ljavax/servlet/ServletResponse;Ljavax/servlet/FilterChain;)V+71
j  org.mortbay.jetty.servlet.ServletHandler$CachedChain.doFilter(Ljavax/servlet/ServletRequest;Ljavax/servlet/ServletResponse;)V+53
j  org.springframework.web.filter.HiddenHttpMethodFilter.doFilterInternal(Ljavax/servlet/http/HttpServletRequest;Ljavax/servlet/http/HttpServletResponse;Ljavax/servlet/FilterChain;)V+71
j  org.springframework.web.filter.OncePerRequestFilter.doFilter(Ljavax/servlet/ServletRequest;Ljavax/servlet/ServletResponse;Ljavax/servlet/FilterChain;)V+90
j  org.mortbay.jetty.servlet.ServletHandler$CachedChain.doFilter(Ljavax/servlet/ServletRequest;Ljavax/servlet/ServletResponse;)V+53
j  org.mortbay.jetty.servlet.ServletHandler.handle(Ljava/lang/String;Ljavax/servlet/http/HttpServletRequest;Ljavax/servlet/http/HttpServletResponse;I)V+465
j  org.mortbay.jetty.security.SecurityHandler.handle(Ljava/lang/String;Ljavax/servlet/http/HttpServletRequest;Ljavax/servlet/http/HttpServletResponse;I)V+206
j  org.mortbay.jetty.servlet.SessionHandler.handle(Ljava/lang/String;Ljavax/servlet/http/HttpServletRequest;Ljavax/servlet/http/HttpServletResponse;I)V+225
j  org.mortbay.jetty.handler.ContextHandler.handle(Ljava/lang/String;Ljavax/servlet/http/HttpServletRequest;Ljavax/servlet/http/HttpServletResponse;I)V+709
j  org.mortbay.jetty.webapp.WebAppContext.handle(Ljava/lang/String;Ljavax/servlet/http/HttpServletRequest;Ljavax/servlet/http/HttpServletResponse;I)V+25
j  org.mortbay.jetty.handler.ContextHandlerCollection.handle(Ljava/lang/String;Ljavax/servlet/http/HttpServletRequest;Ljavax/servlet/http/HttpServletResponse;I)V+373
j  org.mortbay.jetty.handler.HandlerCollection.handle(Ljava/lang/String;Ljavax/servlet/http/HttpServletRequest;Ljavax/servlet/http/HttpServletResponse;I)V+42
j  org.mortbay.jetty.handler.HandlerWrapper.handle(Ljava/lang/String;Ljavax/servlet/http/HttpServletRequest;Ljavax/servlet/http/HttpServletResponse;I)V+23
j  org.mortbay.jetty.Server.handle(Lorg/mortbay/jetty/HttpConnection;)V+110
j  org.mortbay.jetty.HttpConnection.handleRequest()V+137
j  org.mortbay.jetty.HttpConnection$RequestHandler.headerComplete()V+438
j  org.mortbay.jetty.HttpParser.parseNext()J+1773
j  org.mortbay.jetty.HttpParser.parseAvailable()J+1
j  org.mortbay.jetty.HttpConnection.handle()V+122
j  org.mortbay.io.nio.SelectChannelEndPoint.run()V+4
j  org.mortbay.thread.QueuedThreadPool$PoolThread.run()V+25
v  ~StubRoutines::call_stub

---------------  P R O C E S S  ---------------

Java Threads: ( => current thread )
  0x00000000020d6800 JavaThread "MySQL Statement Cancellation Timer" daemon [_thread_blocked, id=5830, stack(0x00007f6af0bfc000,0x00007f6af0cfd000)]
  0x0000000001d73000 JavaThread "Timer-4" daemon [_thread_blocked, id=5829, stack(0x00007f6af0cfd000,0x00007f6af0dfe000)]
  0x0000000002033800 JavaThread "Store aclCache Spool Thread" daemon [_thread_blocked, id=5827, stack(0x00007f6af85ec000,0x00007f6af86ed000)]
  0x0000000001d0d800 JavaThread "Timer-3" daemon [_thread_blocked, id=5826, stack(0x00007f6af82e8000,0x00007f6af83e9000)]
=>0x00007f6adc00e800 JavaThread "2058000463@qtp-2131061906-4" [_thread_in_native, id=5745, stack(0x00007f6af89ca000,0x00007f6af8acb000)]
  0x00007f6af4f92000 JavaThread "Timer-2" daemon [_thread_blocked, id=5739, stack(0x00007f6af80e6000,0x00007f6af81e7000)]
  0x00007f6af52f0000 JavaThread "MySQL Statement Cancellation Timer" daemon [_thread_blocked, id=5738, stack(0x00007f6af81e7000,0x00007f6af82e8000)]
  0x00007f6af52d9000 JavaThread "Timer-1" daemon [_thread_blocked, id=5737, stack(0x00007f6af84eb000,0x00007f6af85ec000)]
  0x00007f6af49a5800 JavaThread "2045584172@qtp-2131061906-1 - Acceptor0 SelectChannelConnector@0.0.0.0:8080" [_thread_in_native, id=5733, stack(0x00007f6af88c9000,0x00007f6af89ca000)]
  0x00007f6af432f800 JavaThread "com.google.common.base.internal.Finalizer" daemon [_thread_blocked, id=5728, stack(0x00007f6af8c03000,0x00007f6af8d04000)]
  0x00007f6af40e8000 JavaThread "Service Thread" daemon [_thread_blocked, id=5726, stack(0x00007f6af92db000,0x00007f6af93dc000)]
  0x00007f6af40e5000 JavaThread "C2 CompilerThread1" daemon [_thread_blocked, id=5725, stack(0x00007f6af93dc000,0x00007f6af94dd000)]
  0x00007f6af40e3000 JavaThread "C2 CompilerThread0" daemon [_thread_blocked, id=5724, stack(0x00007f6af94dd000,0x00007f6af95de000)]
  0x00007f6af40e1000 JavaThread "Signal Dispatcher" daemon [_thread_blocked, id=5723, stack(0x00007f6af95de000,0x00007f6af96df000)]
  0x00007f6af4092800 JavaThread "Finalizer" daemon [_thread_blocked, id=5722, stack(0x00007f6af9dc2000,0x00007f6af9ec3000)]
  0x00007f6af4090000 JavaThread "Reference Handler" daemon [_thread_blocked, id=5721, stack(0x00007f6af9ec3000,0x00007f6af9fc4000)]
  0x00007f6af4009000 JavaThread "main" [_thread_blocked, id=5719, stack(0x00007f6afd600000,0x00007f6afd701000)]

Other Threads:
  0x00007f6af4088800 VMThread [stack: 0x00007f6af9fc4000,0x00007f6afa0c5000] [id=5720]
  0x00007f6af40f2800 WatcherThread [stack: 0x00007f6af91da000,0x00007f6af92db000] [id=5727]

VM state:not at safepoint (normal execution)

VM Mutex/Monitor currently owned by a thread: None

Heap
 def new generation   total 22464K, used 5709K [0x0000000080000000, 0x0000000081860000, 0x0000000095550000)
  eden space 19968K,  19% used [0x0000000080000000, 0x00000000803dfa90, 0x0000000081380000)
  from space 2496K,  69% used [0x0000000081380000, 0x0000000081533ba0, 0x00000000815f0000)
  to   space 2496K,   0% used [0x00000000815f0000, 0x00000000815f0000, 0x0000000081860000)
 tenured generation   total 49840K, used 29719K [0x0000000095550000, 0x00000000985fc000, 0x00000000c0000000)
   the space 49840K,  59% used [0x0000000095550000, 0x0000000097255f10, 0x0000000097256000, 0x00000000985fc000)
 compacting perm gen  total 66688K, used 66512K [0x00000000c0000000, 0x00000000c4120000, 0x0000000100000000)
   the space 66688K,  99% used [0x00000000c0000000, 0x00000000c40f43c0, 0x00000000c40f4400, 0x00000000c4120000)
No shared spaces configured.

Card table byte_map: [0x00007f6afa649000,0x00007f6afaa4a000] byte_map_base: 0x00007f6afa249000

Polling page: 0x00007f6afd714000

Code Cache  [0x00007f6af1000000, 0x00007f6af1510000, 0x00007f6af4000000)
 total_blobs=1595 nmethods=1128 adapters=418 free_code_cache=44258Kb largest_free_block=45082176

Compilation events (10 events):
Event: 144.365 Thread 0x00007f6af40e5000 1242             java.io.UnixFileSystem::isAbsolute (13 bytes)
Event: 144.366 Thread 0x00007f6af40e5000 nmethod 1242 0x00007f6af1307090 code [0x00007f6af13071c0, 0x00007f6af1307238]
Event: 144.368 Thread 0x00007f6af40e5000 1243             java.io.UnixFileSystem::resolve (27 bytes)
Event: 144.370 Thread 0x00007f6af40e5000 nmethod 1243 0x00007f6af12ee110 code [0x00007f6af12ee260, 0x00007f6af12ee338]
Event: 194.373 Thread 0x00007f6af40e5000 1244             java.io.UnixFileSystem::canonicalize (232 bytes)
Event: 194.411 Thread 0x00007f6af40e5000 nmethod 1244 0x00007f6af1434b50 code [0x00007f6af1434e40, 0x00007f6af1436a38]
Event: 274.381 Thread 0x00007f6af40e3000 1245             java.lang.String::getBytes (27 bytes)
Event: 274.383 Thread 0x00007f6af40e3000 nmethod 1245 0x00007f6af12eb790 code [0x00007f6af12eb8e0, 0x00007f6af12eb988]
Event: 287.107 Thread 0x00007f6af40e3000 1246             java.net.URLStreamHandler::toExternalForm (219 bytes)
Event: 287.130 Thread 0x00007f6af40e3000 nmethod 1246 0x00007f6af12ef1d0 code [0x00007f6af12ef3a0, 0x00007f6af12ef790]

GC Heap History (10 events):
Event: 81.516 GC heap before
{Heap before GC invocations=54 (full 7):
 def new generation   total 22464K, used 5679K [0x0000000080000000, 0x0000000081860000, 0x0000000095550000)
  eden space 19968K,  18% used [0x0000000080000000, 0x00000000803919f8, 0x0000000081380000)
  from space 2496K,  81% used [0x0000000081380000, 0x000000008157a568, 0x00000000815f0000)
  to   space 2496K,   0% used [0x00000000815f0000, 0x00000000815f0000, 0x0000000081860000)
 tenured generation   total 49840K, used 30580K [0x0000000095550000, 0x00000000985fc000, 0x00000000c0000000)
   the space 49840K,  61% used [0x0000000095550000, 0x000000009732d2f8, 0x000000009732d400, 0x00000000985fc000)
 compacting perm gen  total 64768K, used 64767K [0x00000000c0000000, 0x00000000c3f40000, 0x0000000100000000)
   the space 64768K,  99% used [0x00000000c0000000, 0x00000000c3f3fe28, 0x00000000c3f40000, 0x00000000c3f40000)
No shared spaces configured.
Event: 82.353 GC heap after
Heap after GC invocations=55 (full 8):
 def new generation   total 22464K, used 0K [0x0000000080000000, 0x0000000081860000, 0x0000000095550000)
  eden space 19968K,   0% used [0x0000000080000000, 0x0000000080000000, 0x0000000081380000)
  from space 2496K,   0% used [0x0000000081380000, 0x0000000081380000, 0x00000000815f0000)
  to   space 2496K,   0% used [0x00000000815f0000, 0x00000000815f0000, 0x0000000081860000)
 tenured generation   total 49840K, used 29170K [0x0000000095550000, 0x00000000985fc000, 0x00000000c0000000)
   the space 49840K,  58% used [0x0000000095550000, 0x00000000971ccba8, 0x00000000971ccc00, 0x00000000985fc000)
 compacting perm gen  total 64768K, used 64727K [0x00000000c0000000, 0x00000000c3f40000, 0x0000000100000000)
   the space 64768K,  99% used [0x00000000c0000000, 0x00000000c3f35f18, 0x00000000c3f36000, 0x00000000c3f40000)
No shared spaces configured.
}
Event: 82.808 GC heap before
{Heap before GC invocations=55 (full 8):
 def new generation   total 22464K, used 19968K [0x0000000080000000, 0x0000000081860000, 0x0000000095550000)
  eden space 19968K, 100% used [0x0000000080000000, 0x0000000081380000, 0x0000000081380000)
  from space 2496K,   0% used [0x0000000081380000, 0x0000000081380000, 0x00000000815f0000)
  to   space 2496K,   0% used [0x00000000815f0000, 0x00000000815f0000, 0x0000000081860000)
 tenured generation   total 49840K, used 29170K [0x0000000095550000, 0x00000000985fc000, 0x00000000c0000000)
   the space 49840K,  58% used [0x0000000095550000, 0x00000000971ccba8, 0x00000000971ccc00, 0x00000000985fc000)
 compacting perm gen  total 66048K, used 65766K [0x00000000c0000000, 0x00000000c4080000, 0x0000000100000000)
   the space 66048K,  99% used [0x00000000c0000000, 0x00000000c40398a8, 0x00000000c4039a00, 0x00000000c4080000)
No shared spaces configured.
Event: 82.821 GC heap after
Heap after GC invocations=56 (full 8):
 def new generation   total 22464K, used 1201K [0x0000000080000000, 0x0000000081860000, 0x0000000095550000)
  eden space 19968K,   0% used [0x0000000080000000, 0x0000000080000000, 0x0000000081380000)
  from space 2496K,  48% used [0x00000000815f0000, 0x000000008171c650, 0x0000000081860000)
  to   space 2496K,   0% used [0x0000000081380000, 0x0000000081380000, 0x00000000815f0000)
 tenured generation   total 49840K, used 29170K [0x0000000095550000, 0x00000000985fc000, 0x00000000c0000000)
   the space 49840K,  58% used [0x0000000095550000, 0x00000000971ccba8, 0x00000000971ccc00, 0x00000000985fc000)
 compacting perm gen  total 66048K, used 65766K [0x00000000c0000000, 0x00000000c4080000, 0x0000000100000000)
   the space 66048K,  99% used [0x00000000c0000000, 0x00000000c40398a8, 0x00000000c4039a00, 0x00000000c4080000)
No shared spaces configured.
}
Event: 83.358 GC heap before
{Heap before GC invocations=56 (full 8):
 def new generation   total 22464K, used 21169K [0x0000000080000000, 0x0000000081860000, 0x0000000095550000)
  eden space 19968K, 100% used [0x0000000080000000, 0x0000000081380000, 0x0000000081380000)
  from space 2496K,  48% used [0x00000000815f0000, 0x000000008171c650, 0x0000000081860000)
  to   space 2496K,   0% used [0x0000000081380000, 0x0000000081380000, 0x00000000815f0000)
 tenured generation   total 49840K, used 29170K [0x0000000095550000, 0x00000000985fc000, 0x00000000c0000000)
   the space 49840K,  58% used [0x0000000095550000, 0x00000000971ccba8, 0x00000000971ccc00, 0x00000000985fc000)
 compacting perm gen  total 66368K, used 66282K [0x00000000c0000000, 0x00000000c40d0000, 0x0000000100000000)
   the space 66368K,  99% used [0x00000000c0000000, 0x00000000c40babd8, 0x00000000c40bac00, 0x00000000c40d0000)
No shared spaces configured.
Event: 83.371 GC heap after
Heap after GC invocations=57 (full 8):
 def new generation   total 22464K, used 1506K [0x0000000080000000, 0x0000000081860000, 0x0000000095550000)
  eden space 19968K,   0% used [0x0000000080000000, 0x0000000080000000, 0x0000000081380000)
  from space 2496K,  60% used [0x0000000081380000, 0x00000000814f8ac8, 0x00000000815f0000)
  to   space 2496K,   0% used [0x00000000815f0000, 0x00000000815f0000, 0x0000000081860000)
 tenured generation   total 49840K, used 29170K [0x0000000095550000, 0x00000000985fc000, 0x00000000c0000000)
   the space 49840K,  58% used [0x0000000095550000, 0x00000000971ccba8, 0x00000000971ccc00, 0x00000000985fc000)
 compacting perm gen  total 66368K, used 66282K [0x00000000c0000000, 0x00000000c40d0000, 0x0000000100000000)
   the space 66368K,  99% used [0x00000000c0000000, 0x00000000c40babd8, 0x00000000c40bac00, 0x00000000c40d0000)
No shared spaces configured.
}
Event: 83.879 GC heap before
{Heap before GC invocations=57 (full 8):
 def new generation   total 22464K, used 21474K [0x0000000080000000, 0x0000000081860000, 0x0000000095550000)
  eden space 19968K, 100% used [0x0000000080000000, 0x0000000081380000, 0x0000000081380000)
  from space 2496K,  60% used [0x0000000081380000, 0x00000000814f8ac8, 0x00000000815f0000)
  to   space 2496K,   0% used [0x00000000815f0000, 0x00000000815f0000, 0x0000000081860000)
 tenured generation   total 49840K, used 29170K [0x0000000095550000, 0x00000000985fc000, 0x00000000c0000000)
   the space 49840K,  58% used [0x0000000095550000, 0x00000000971ccba8, 0x00000000971ccc00, 0x00000000985fc000)
 compacting perm gen  total 66368K, used 66353K [0x00000000c0000000, 0x00000000c40d0000, 0x0000000100000000)
   the space 66368K,  99% used [0x00000000c0000000, 0x00000000c40cc7c8, 0x00000000c40cc800, 0x00000000c40d0000)
No shared spaces configured.
Event: 83.890 GC heap after
Heap after GC invocations=58 (full 8):
 def new generation   total 22464K, used 1131K [0x0000000080000000, 0x0000000081860000, 0x0000000095550000)
  eden space 19968K,   0% used [0x0000000080000000, 0x0000000080000000, 0x0000000081380000)
  from space 2496K,  45% used [0x00000000815f0000, 0x000000008170ac90, 0x0000000081860000)
  to   space 2496K,   0% used [0x0000000081380000, 0x0000000081380000, 0x00000000815f0000)
 tenured generation   total 49840K, used 29719K [0x0000000095550000, 0x00000000985fc000, 0x00000000c0000000)
   the space 49840K,  59% used [0x0000000095550000, 0x0000000097255f10, 0x0000000097256000, 0x00000000985fc000)
 compacting perm gen  total 66368K, used 66353K [0x00000000c0000000, 0x00000000c40d0000, 0x0000000100000000)
   the space 66368K,  99% used [0x00000000c0000000, 0x00000000c40cc7c8, 0x00000000c40cc800, 0x00000000c40d0000)
No shared spaces configured.
}
Event: 184.555 GC heap before
{Heap before GC invocations=58 (full 8):
 def new generation   total 22464K, used 21099K [0x0000000080000000, 0x0000000081860000, 0x0000000095550000)
  eden space 19968K, 100% used [0x0000000080000000, 0x0000000081380000, 0x0000000081380000)
  from space 2496K,  45% used [0x00000000815f0000, 0x000000008170ac90, 0x0000000081860000)
  to   space 2496K,   0% used [0x0000000081380000, 0x0000000081380000, 0x00000000815f0000)
 tenured generation   total 49840K, used 29719K [0x0000000095550000, 0x00000000985fc000, 0x00000000c0000000)
   the space 49840K,  59% used [0x0000000095550000, 0x0000000097255f10, 0x0000000097256000, 0x00000000985fc000)
 compacting perm gen  total 66688K, used 66455K [0x00000000c0000000, 0x00000000c4120000, 0x0000000100000000)
   the space 66688K,  99% used [0x00000000c0000000, 0x00000000c40e5c68, 0x00000000c40e5e00, 0x00000000c4120000)
No shared spaces configured.
Event: 184.565 GC heap after
Heap after GC invocations=59 (full 8):
 def new generation   total 22464K, used 1742K [0x0000000080000000, 0x0000000081860000, 0x0000000095550000)
  eden space 19968K,   0% used [0x0000000080000000, 0x0000000080000000, 0x0000000081380000)
  from space 2496K,  69% used [0x0000000081380000, 0x0000000081533ba0, 0x00000000815f0000)
  to   space 2496K,   0% used [0x00000000815f0000, 0x00000000815f0000, 0x0000000081860000)
 tenured generation   total 49840K, used 29719K [0x0000000095550000, 0x00000000985fc000, 0x00000000c0000000)
   the space 49840K,  59% used [0x0000000095550000, 0x0000000097255f10, 0x0000000097256000, 0x00000000985fc000)
 compacting perm gen  total 66688K, used 66455K [0x00000000c0000000, 0x00000000c4120000, 0x0000000100000000)
   the space 66688K,  99% used [0x00000000c0000000, 0x00000000c40e5c68, 0x00000000c40e5e00, 0x00000000c4120000)
No shared spaces configured.
}

Deoptimization events (10 events):
Event: 82.459 Thread 0x00007f6af4f92000 Uncommon trap -34 fr.pc 0x00007f6af13b3b10
Event: 82.493 Thread 0x00007f6af4f92000 Uncommon trap -34 fr.pc 0x00007f6af13b3b10
Event: 82.494 Thread 0x00007f6af4f92000 Uncommon trap -34 fr.pc 0x00007f6af13b3b10
Event: 82.992 Thread 0x00007f6af4f92000 Uncommon trap -34 fr.pc 0x00007f6af1457728
Event: 83.049 Thread 0x00007f6af4f92000 Uncommon trap -34 fr.pc 0x00007f6af1457728
Event: 83.061 Thread 0x00007f6af4f92000 Uncommon trap -34 fr.pc 0x00007f6af1457728
Event: 83.542 Thread 0x00007f6af4f92000 Uncommon trap -34 fr.pc 0x00007f6af1457728
Event: 83.582 Thread 0x00007f6af4f92000 Uncommon trap -83 fr.pc 0x00007f6af1425204
Event: 84.328 Thread 0x00007f6af4f92000 Uncommon trap -34 fr.pc 0x00007f6af119e664
Event: 84.342 Thread 0x00007f6af4f92000 Uncommon trap -34 fr.pc 0x00007f6af1304078

Internal exceptions (10 events):
Event: 84.321 Thread 0x00007f6af4f92000 Threw 0x0000000080f91678 at /HUDSON/workspace/jdk7u25-2-build-linux-amd64-product/jdk7u25/hotspot/src/share/vm/prims/jvm.cpp:1235
Event: 84.321 Thread 0x00007f6af4f92000 Threw 0x0000000080f91ce8 at /HUDSON/workspace/jdk7u25-2-build-linux-amd64-product/jdk7u25/hotspot/src/share/vm/prims/jvm.cpp:1235
Event: 84.321 Thread 0x00007f6af4f92000 Threw 0x0000000080f9aa28 at /HUDSON/workspace/jdk7u25-2-build-linux-amd64-product/jdk7u25/hotspot/src/share/vm/prims/jvm.cpp:1235
Event: 84.328 Thread 0x00007f6af4f92000 Threw 0x0000000080fc7510 at /HUDSON/workspace/jdk7u25-2-build-linux-amd64-product/jdk7u25/hotspot/src/share/vm/prims/jvm.cpp:1235
Event: 84.340 Thread 0x00007f6af4f92000 Threw 0x0000000080fe7c98 at /HUDSON/workspace/jdk7u25-2-build-linux-amd64-product/jdk7u25/hotspot/src/share/vm/prims/jvm.cpp:1235
Event: 84.341 Thread 0x00007f6af4f92000 Threw 0x0000000080ff81d0 at /HUDSON/workspace/jdk7u25-2-build-linux-amd64-product/jdk7u25/hotspot/src/share/vm/prims/jvm.cpp:1235
Event: 287.142 Thread 0x00007f6adc00e800 Threw 0x000000008035c090 at /HUDSON/workspace/jdk7u25-2-build-linux-amd64-product/jdk7u25/hotspot/src/share/vm/prims/jvm.cpp:1235
Event: 287.142 Thread 0x00007f6adc00e800 Threw 0x000000008036c5c8 at /HUDSON/workspace/jdk7u25-2-build-linux-amd64-product/jdk7u25/hotspot/src/share/vm/prims/jvm.cpp:1235
Event: 287.144 Thread 0x00007f6adc00e800 Threw 0x00000000803ba738 at /HUDSON/workspace/jdk7u25-2-build-linux-amd64-product/jdk7u25/hotspot/src/share/vm/prims/jvm.cpp:1235
Event: 287.145 Thread 0x00007f6adc00e800 Threw 0x00000000803cac88 at /HUDSON/workspace/jdk7u25-2-build-linux-amd64-product/jdk7u25/hotspot/src/share/vm/prims/jvm.cpp:1235

Events (10 events):
Event: 287.106 Executing VM operation: RevokeBias
Event: 287.106 Executing VM operation: RevokeBias done
Event: 287.107 Executing VM operation: RevokeBias
Event: 287.107 Executing VM operation: RevokeBias done
Event: 287.127 Executing VM operation: RevokeBias
Event: 287.127 Executing VM operation: RevokeBias done
Event: 287.136 Executing VM operation: RevokeBias
Event: 287.136 Executing VM operation: RevokeBias done
Event: 287.141 Executing VM operation: RevokeBias
Event: 287.141 Executing VM operation: RevokeBias done


Dynamic libraries:
00400000-00401000 r-xp 00000000 08:01 3411560                            /usr/lib/jvm/java-7-oracle/bin/java
00600000-00601000 rw-p 00000000 08:01 3411560                            /usr/lib/jvm/java-7-oracle/bin/java
01cf2000-02441000 rw-p 00000000 00:00 0                                  [heap]
80000000-81860000 rw-p 00000000 00:00 0 
81860000-95550000 rw-p 00000000 00:00 0 
95550000-985fc000 rw-p 00000000 00:00 0 
985fc000-c0000000 rw-p 00000000 00:00 0 
c0000000-c4120000 rw-p 00000000 00:00 0 
c4120000-100000000 rw-p 00000000 00:00 0 
7f6acc000000-7f6acd79e000 rw-p 00000000 00:00 0 
7f6acd79e000-7f6ad0000000 ---p 00000000 00:00 0 
7f6ad4000000-7f6ad7d0c000 rw-p 00000000 00:00 0 
7f6ad7d0c000-7f6ad8000000 ---p 00000000 00:00 0 
7f6ad8000000-7f6ad810f000 rw-p 00000000 00:00 0 
7f6ad810f000-7f6adc000000 ---p 00000000 00:00 0 
7f6adc000000-7f6adc042000 rw-p 00000000 00:00 0 
7f6adc042000-7f6ae0000000 ---p 00000000 00:00 0 
7f6ae0000000-7f6ae4000000 rw-p 00000000 00:00 0 
7f6ae4000000-7f6ae4021000 rw-p 00000000 00:00 0 
7f6ae4021000-7f6ae8000000 ---p 00000000 00:00 0 
7f6ae8000000-7f6ae8021000 rw-p 00000000 00:00 0 
7f6ae8021000-7f6aec000000 ---p 00000000 00:00 0 
7f6aec000000-7f6aec110000 rw-p 00000000 00:00 0 
7f6aec110000-7f6af0000000 ---p 00000000 00:00 0 
7f6af0bfc000-7f6af0bff000 ---p 00000000 00:00 0 
7f6af0bff000-7f6af0cfd000 rw-p 00000000 00:00 0                          [stack:5830]
7f6af0cfd000-7f6af0d00000 ---p 00000000 00:00 0 
7f6af0d00000-7f6af0dfe000 rw-p 00000000 00:00 0                          [stack:5829]
7f6af0dfe000-7f6af0e01000 ---p 00000000 00:00 0 
7f6af0e01000-7f6af0eff000 rw-p 00000000 00:00 0 
7f6af0eff000-7f6af0f02000 ---p 00000000 00:00 0 
7f6af0f02000-7f6af1000000 rw-p 00000000 00:00 0 
7f6af1000000-7f6af1510000 rwxp 00000000 00:00 0 
7f6af1510000-7f6af544e000 rw-p 00000000 00:00 0 
7f6af544e000-7f6af8000000 ---p 00000000 00:00 0 
7f6af80e6000-7f6af80e9000 ---p 00000000 00:00 0 
7f6af80e9000-7f6af81e7000 rw-p 00000000 00:00 0                          [stack:5739]
7f6af81e7000-7f6af81ea000 ---p 00000000 00:00 0 
7f6af81ea000-7f6af82e8000 rw-p 00000000 00:00 0                          [stack:5738]
7f6af82e8000-7f6af82eb000 ---p 00000000 00:00 0 
7f6af82eb000-7f6af83e9000 rw-p 00000000 00:00 0                          [stack:5826]
7f6af83e9000-7f6af83ed000 r--s 000f7000 08:01 3411553                    /usr/lib/jvm/java-7-oracle/jre/lib/ext/localedata.jar
7f6af843b000-7f6af843e000 r--s 00009000 08:01 1317125                    /tmp/Jetty_0_0_0_0_8080_webapp__sip__.s0kjx8/lib/Jetty-4618729041167971889.jar
7f6af843e000-7f6af8440000 r--s 0000b000 08:01 1317124                    /tmp/Jetty_0_0_0_0_8080_webapp__sip__.s0kjx8/lib/Jetty-1444044199572751305.jar
7f6af8440000-7f6af8449000 r--s 00059000 08:01 1317123                    /tmp/Jetty_0_0_0_0_8080_webapp__sip__.s0kjx8/lib/Jetty-7989548262402394400.jar
7f6af8449000-7f6af8455000 r--s 0007a000 08:01 1317122                    /tmp/Jetty_0_0_0_0_8080_webapp__sip__.s0kjx8/lib/Jetty-97983164378922163.jar
7f6af8455000-7f6af8458000 r--s 00012000 08:01 1317121                    /tmp/Jetty_0_0_0_0_8080_webapp__sip__.s0kjx8/lib/Jetty-3734755586048682743.jar
7f6af8458000-7f6af8459000 r--s 0000c000 08:01 1317120                    /tmp/Jetty_0_0_0_0_8080_webapp__sip__.s0kjx8/lib/Jetty-5602055657356840393.jar
7f6af8459000-7f6af845a000 r--s 00002000 08:01 1317119                    /tmp/Jetty_0_0_0_0_8080_webapp__sip__.s0kjx8/lib/Jetty-5686418050485587220.jar
7f6af845a000-7f6af8464000 r--s 00064000 08:01 1317118                    /tmp/Jetty_0_0_0_0_8080_webapp__sip__.s0kjx8/lib/Jetty-4400815222113759821.jar
7f6af8464000-7f6af8470000 r--s 00085000 08:01 1317117                    /tmp/Jetty_0_0_0_0_8080_webapp__sip__.s0kjx8/lib/Jetty-6470270804222352890.jar
7f6af8470000-7f6af8479000 r--s 00051000 08:01 1317116                    /tmp/Jetty_0_0_0_0_8080_webapp__sip__.s0kjx8/lib/Jetty-2901818311299566135.jar
7f6af8479000-7f6af847b000 r--s 00014000 08:01 1317115                    /tmp/Jetty_0_0_0_0_8080_webapp__sip__.s0kjx8/lib/Jetty-6793106547008390336.jar
7f6af847b000-7f6af847e000 r--s 00018000 08:01 1317114                    /tmp/Jetty_0_0_0_0_8080_webapp__sip__.s0kjx8/lib/Jetty-6505857290651292793.jar
7f6af847e000-7f6af847f000 r--s 00000000 08:01 1317113                    /tmp/Jetty_0_0_0_0_8080_webapp__sip__.s0kjx8/lib/Jetty-7722951290320534597.jar
7f6af847f000-7f6af8483000 r--s 0003d000 08:01 1317112                    /tmp/Jetty_0_0_0_0_8080_webapp__sip__.s0kjx8/lib/Jetty-4994345356457591151.jar
7f6af8483000-7f6af8485000 r--s 00005000 08:01 1317111                    /tmp/Jetty_0_0_0_0_8080_webapp__sip__.s0kjx8/lib/Jetty-2525040501951240153.jar
7f6af8485000-7f6af848e000 r--s 00049000 08:01 1317110                    /tmp/Jetty_0_0_0_0_8080_webapp__sip__.s0kjx8/lib/Jetty-7918821571269899091.jar
7f6af848e000-7f6af8497000 r--s 0005e000 08:01 1317109                    /tmp/Jetty_0_0_0_0_8080_webapp__sip__.s0kjx8/lib/Jetty-1309407970550627683.jar
7f6af8497000-7f6af8499000 r--s 00000000 08:01 1317108                    /tmp/Jetty_0_0_0_0_8080_webapp__sip__.s0kjx8/lib/Jetty-9112625018831684542.jar
7f6af8499000-7f6af84a2000 r--s 0006d000 08:01 1317106                    /tmp/Jetty_0_0_0_0_8080_webapp__sip__.s0kjx8/lib/Jetty-1534768271120650891.jar
7f6af84a2000-7f6af84a4000 r--s 0000e000 08:01 1317105                    /tmp/Jetty_0_0_0_0_8080_webapp__sip__.s0kjx8/lib/Jetty-6738228647125171099.jar
7f6af84a4000-7f6af84b9000 r--s 000b7000 08:01 1317104                    /tmp/Jetty_0_0_0_0_8080_webapp__sip__.s0kjx8/lib/Jetty-6814260729946414607.jar
7f6af84b9000-7f6af84bf000 r--s 00048000 08:01 1317103                    /tmp/Jetty_0_0_0_0_8080_webapp__sip__.s0kjx8/lib/Jetty-5235150825649399865.jar
7f6af84bf000-7f6af84ca000 r--s 00082000 08:01 1317102                    /tmp/Jetty_0_0_0_0_8080_webapp__sip__.s0kjx8/lib/Jetty-447606702273549494.jar
7f6af84ca000-7f6af84d0000 r--s 00028000 08:01 1317101                    /tmp/Jetty_0_0_0_0_8080_webapp__sip__.s0kjx8/lib/Jetty-6694000749835270865.jar
7f6af84d0000-7f6af84d4000 r--s 00027000 08:01 1317100                    /tmp/Jetty_0_0_0_0_8080_webapp__sip__.s0kjx8/lib/Jetty-156017966908346455.jar
7f6af84d4000-7f6af84d7000 r--s 0059c000 08:01 5376506                    /home/ian/.m2/repository/com/springinpractice/com.springinpractice.skin/1.0-RELEASE/com.springinpractice.skin-1.0-RELEASE.war
7f6af84d7000-7f6af84e1000 r--s 00371000 08:01 3279587                    /usr/lib/jvm/java-7-oracle/jre/lib/charsets.jar
7f6af84e1000-7f6af84eb000 r--s 00371000 08:01 3279587                    /usr/lib/jvm/java-7-oracle/jre/lib/charsets.jar
7f6af84eb000-7f6af84ee000 ---p 00000000 00:00 0 
7f6af84ee000-7f6af85ec000 rw-p 00000000 00:00 0                          [stack:5737]
7f6af85ec000-7f6af85ef000 ---p 00000000 00:00 0 
7f6af85ef000-7f6af86ed000 rw-p 00000000 00:00 0                          [stack:5827]
7f6af86ed000-7f6af86f6000 r--s 0006d000 08:01 5246247                    /home/ian/.m2/repository/log4j/log4j/1.2.16/log4j-1.2.16.jar
7f6af86f6000-7f6af86f7000 r--s 00002000 08:01 5246246                    /home/ian/.m2/repository/org/slf4j/slf4j-log4j12/1.6.4/slf4j-log4j12-1.6.4.jar
7f6af86f7000-7f6af86f9000 r--s 00005000 08:01 5246245                    /home/ian/.m2/repository/org/slf4j/slf4j-api/1.6.4/slf4j-api-1.6.4.jar
7f6af86f9000-7f6af86fc000 r--s 00009000 08:01 5246244                    /home/ian/.m2/repository/javax/validation/validation-api/1.0.0.GA/validation-api-1.0.0.GA.jar
7f6af86fc000-7f6af8705000 r--s 00051000 08:01 5246036                    /home/ian/.m2/repository/org/hibernate/hibernate-validator/4.2.0.Final/hibernate-validator-4.2.0.Final.jar
7f6af8705000-7f6af8709000 r--s 00027000 08:01 5246235                    /home/ian/.m2/repository/org/springframework/org.springframework.expression/3.1.2.RELEASE/org.springframework.expression-3.1.2.RELEASE.jar
7f6af8709000-7f6af8712000 r--s 00049000 08:01 5246233                    /home/ian/.m2/repository/org/springframework/org.springframework.aop/3.1.2.RELEASE/org.springframework.aop-3.1.2.RELEASE.jar
7f6af8712000-7f6af8727000 r--s 000b7000 08:01 5246232                    /home/ian/.m2/repository/org/springframework/org.springframework.context/3.1.2.RELEASE/org.springframework.context-3.1.2.RELEASE.jar
7f6af8727000-7f6af8728000 r--s 0000c000 08:01 5246231                    /home/ian/.m2/repository/org/springframework/org.springframework.asm/3.1.2.RELEASE/org.springframework.asm-3.1.2.RELEASE.jar
7f6af8728000-7f6af8734000 r--s 00085000 08:01 5246230                    /home/ian/.m2/repository/org/springframework/org.springframework.beans/3.1.2.RELEASE/org.springframework.beans-3.1.2.RELEASE.jar
7f6af8734000-7f6af8736000 r--s 0000b000 08:01 5246229                    /home/ian/.m2/repository/org/springframework/org.springframework.aspects/3.1.2.RELEASE/org.springframework.aspects-3.1.2.RELEASE.jar
7f6af8736000-7f6af8740000 r--s 00064000 08:01 5246228                    /home/ian/.m2/repository/org/springframework/org.springframework.core/3.1.2.RELEASE/org.springframework.core-3.1.2.RELEASE.jar
7f6af8740000-7f6af8746000 r--s 00048000 08:01 5246023                    /home/ian/.m2/repository/org/apache/commons/commons-lang3/3.1/commons-lang3-3.1.jar
7f6af8746000-7f6af874a000 r--s 0003d000 08:01 5246256                    /home/ian/.m2/repository/org/apache/commons/com.springsource.org.apache.commons.lang/2.4.0/com.springsource.org.apache.commons.lang-2.4.0.jar
7f6af874a000-7f6af874c000 r--s 0000e000 08:01 5246255                    /home/ian/.m2/repository/org/apache/commons/com.springsource.org.apache.commons.logging/1.1.1/com.springsource.org.apache.commons.logging-1.1.1.jar
7f6af874c000-7f6af874d000 r--s 00000000 08:01 5246254                    /home/ian/.m2/repository/javax/inject/com.springsource.javax.inject/1.0.0/com.springsource.javax.inject-1.0.0.jar
7f6af874d000-7f6af8752000 r--s 0002e000 08:01 5246938                    /home/ian/.m2/repository/net/sourceforge/ehcache/com.springsource.net.sf.ehcache/1.6.2/com.springsource.net.sf.ehcache-1.6.2.jar
7f6af8752000-7f6af8759000 r--s 00033000 08:01 5636192                    /home/ian/.m2/repository/org/springframework/security/org.springframework.security.web/3.0.3.RELEASE/org.springframework.security.web-3.0.3.RELEASE.jar
7f6af8759000-7f6af875a000 r--s 00004000 08:01 5636191                    /home/ian/.m2/repository/org/springframework/security/org.springframework.security.taglibs/3.0.3.RELEASE/org.springframework.security.taglibs-3.0.3.RELEASE.jar
7f6af875a000-7f6af875c000 r--s 00000000 08:01 5246259                    /home/ian/.m2/repository/org/aopalliance/com.springsource.org.aopalliance/1.0.0/com.springsource.org.aopalliance-1.0.0.jar
7f6af875c000-7f6af8766000 r--s 00042000 08:01 5636190                    /home/ian/.m2/repository/org/springframework/security/org.springframework.security.core/3.0.3.RELEASE/org.springframework.security.core-3.0.3.RELEASE.jar
7f6af8766000-7f6af8768000 r--s 00028000 08:01 5510986                    /home/ian/.m2/repository/org/springframework/security/org.springframework.security.config/3.0.3.RELEASE/org.springframework.security.config-3.0.3.RELEASE.jar
7f6af8768000-7f6af876b000 r--s 00011000 08:01 5636925                    /home/ian/.m2/repository/org/springframework/security/org.springframework.security.acls/3.0.3.RELEASE/org.springframework.security.acls-3.0.3.RELEASE.jar
7f6af876b000-7f6af8771000 r--s 00028000 08:01 5373960                    /home/ian/.m2/repository/com/opensymphony/sitemesh/com.springsource.com.opensymphony.sitemesh/2.4.1/com.springsource.com.opensymphony.sitemesh-2.4.1.jar
7f6af8771000-7f6af8774000 r--s 00018000 08:01 5246629                    /home/ian/.m2/repository/org/springframework/org.springframework.context.support/3.1.2.RELEASE/org.springframework.context.support-3.1.2.RELEASE.jar
7f6af8774000-7f6af877f000 r--s 00082000 08:01 5246628                    /home/ian/.m2/repository/org/springframework/org.springframework.web.servlet/3.1.2.RELEASE/org.springframework.web.servlet-3.1.2.RELEASE.jar
7f6af877f000-7f6af878b000 r--s 0007a000 08:01 5246627                    /home/ian/.m2/repository/org/springframework/org.springframework.web/3.1.2.RELEASE/org.springframework.web-3.1.2.RELEASE.jar
7f6af878b000-7f6af8794000 r--s 00059000 08:01 5246576                    /home/ian/.m2/repository/org/apache/taglibs/com.springsource.org.apache.taglibs.standard/1.1.2/com.springsource.org.apache.taglibs.standard-1.1.2.jar
7f6af8794000-7f6af879d000 r--s 0005e000 08:01 5246575                    /home/ian/.m2/repository/javax/servlet/com.springsource.javax.servlet.jsp.jstl/1.2.0/com.springsource.javax.servlet.jsp.jstl-1.2.0.jar
7f6af879d000-7f6af87a0000 r--s 00012000 08:01 5246574                    /home/ian/.m2/repository/javax/servlet/com.springsource.javax.servlet.jsp/2.1.0/com.springsource.javax.servlet.jsp-2.1.0.jar
7f6af87a0000-7f6af87a2000 r--s 00014000 08:01 5246291                    /home/ian/.m2/repository/javax/servlet/com.springsource.javax.servlet/2.5.0/com.springsource.javax.servlet-2.5.0.jar
7f6af87a2000-7f6af87ab000 r--s 00095000 08:01 5246434                    /home/ian/.m2/repository/javassist/javassist/3.12.1.GA/javassist-3.12.1.GA.jar
7f6af87ab000-7f6af87b1000 r--s 0004a000 08:01 5246431                    /home/ian/.m2/repository/cglib/cglib-nodep/2.2.2/cglib-nodep-2.2.2.jar
7f6af87b1000-7f6af87b3000 r--s 0000e000 08:01 5246420                    /home/ian/.m2/repository/org/apache/commons/com.springsource.org.apache.commons.pool/1.3.0/com.springsource.org.apache.commons.pool-1.3.0.jar
7f6af87b3000-7f6af87b5000 r--s 0001c000 08:01 5246418                    /home/ian/.m2/repository/org/apache/commons/com.springsource.org.apache.commons.dbcp/1.2.2.osgi/com.springsource.org.apache.commons.dbcp-1.2.2.osgi.jar
7f6af87b5000-7f6af87bb000 r--s 000a7000 08:01 5246417                    /home/ian/.m2/repository/com/mysql/jdbc/com.springsource.com.mysql.jdbc/5.1.6/com.springsource.com.mysql.jdbc-5.1.6.jar
7f6af87bb000-7f6af87c0000 r--s 00015000 08:01 5246425                    /home/ian/.m2/repository/org/hibernate/javax/persistence/hibernate-jpa-2.0-api/1.0.1.Final/hibernate-jpa-2.0-api-1.0.1.Final.jar
7f6af87c0000-7f6af87c3000 r--s 0000f000 08:01 5246424                    /home/ian/.m2/repository/org/hibernate/hibernate-commons-annotations/3.2.0.Final/hibernate-commons-annotations-3.2.0.Final.jar
7f6af87c3000-7f6af87c8000 r--s 00048000 08:01 5246423                    /home/ian/.m2/repository/dom4j/dom4j/1.6.1/dom4j-1.6.1.jar
7f6af87c8000-7f6af87d5000 r--s 0007c000 08:01 5246422                    /home/ian/.m2/repository/commons-collections/commons-collections/3.1/commons-collections-3.1.jar
7f6af87d5000-7f6af87db000 r--s 00067000 08:01 5246421                    /home/ian/.m2/repository/antlr/antlr/2.7.6/antlr-2.7.6.jar
7f6af87db000-7f6af880d000 r--s 002c8000 08:01 5246416                    /home/ian/.m2/repository/org/hibernate/hibernate-core/3.6.8.Final/hibernate-core-3.6.8.Final.jar
7f6af880d000-7f6af8814000 r--s 00035000 08:01 5246406                    /home/ian/.m2/repository/org/springframework/org.springframework.transaction/3.1.2.RELEASE/org.springframework.transaction-3.1.2.RELEASE.jar
7f6af8814000-7f6af881e000 r--s 00059000 08:01 5246405                    /home/ian/.m2/repository/org/springframework/org.springframework.jdbc/3.1.2.RELEASE/org.springframework.jdbc-3.1.2.RELEASE.jar
7f6af881e000-7f6af8827000 r--s 00054000 08:01 5246404                    /home/ian/.m2/repository/org/springframework/org.springframework.orm/3.1.2.RELEASE/org.springframework.orm-3.1.2.RELEASE.jar
7f6af8827000-7f6af8828000 r--s 00003000 08:01 5246415                    /home/ian/.m2/repository/javax/transaction/jta/1.1/jta-1.1.jar
7f6af8828000-7f6af882d000 r--s 0001c000 08:01 5246402                    /home/ian/.m2/repository/javax/persistence/com.springsource.javax.persistence/2.0.0/com.springsource.javax.persistence-2.0.0.jar
7f6af882d000-7f6af882e000 r--s 00001000 08:01 5376402                    /home/ian/.m2/repository/com/springinpractice/com.springinpractice.api/1.0-RELEASE/com.springinpractice.api-1.0-RELEASE.jar
7f6af882e000-7f6af8831000 r--s 00009000 08:01 1317097                    /tmp/Jetty_0_0_0_0_8080_webapp__sip__.s0kjx8/lib/Jetty-5214682676439484902.jar (deleted)
7f6af8831000-7f6af8833000 r--s 0000b000 08:01 1317096                    /tmp/Jetty_0_0_0_0_8080_webapp__sip__.s0kjx8/lib/Jetty-4430199631969683962.jar (deleted)
7f6af8833000-7f6af883c000 r--s 00059000 08:01 1317095                    /tmp/Jetty_0_0_0_0_8080_webapp__sip__.s0kjx8/lib/Jetty-7188813135978079649.jar (deleted)
7f6af883c000-7f6af8848000 r--s 0007a000 08:01 1317094                    /tmp/Jetty_0_0_0_0_8080_webapp__sip__.s0kjx8/lib/Jetty-3614985953752048660.jar (deleted)
7f6af8848000-7f6af884b000 r--s 00012000 08:01 1317093                    /tmp/Jetty_0_0_0_0_8080_webapp__sip__.s0kjx8/lib/Jetty-6455957816061325530.jar (deleted)
7f6af884b000-7f6af884c000 r--s 0000c000 08:01 1317092                    /tmp/Jetty_0_0_0_0_8080_webapp__sip__.s0kjx8/lib/Jetty-7750759837561901653.jar (deleted)
7f6af884c000-7f6af884d000 r--s 00002000 08:01 1317091                    /tmp/Jetty_0_0_0_0_8080_webapp__sip__.s0kjx8/lib/Jetty-6813081466789172481.jar (deleted)
7f6af884d000-7f6af8857000 r--s 00064000 08:01 1317090                    /tmp/Jetty_0_0_0_0_8080_webapp__sip__.s0kjx8/lib/Jetty-417052339344234787.jar (deleted)
7f6af8857000-7f6af8863000 r--s 00085000 08:01 1317089                    /tmp/Jetty_0_0_0_0_8080_webapp__sip__.s0kjx8/lib/Jetty-7241489792786437143.jar (deleted)
7f6af8863000-7f6af886c000 r--s 00051000 08:01 1317088                    /tmp/Jetty_0_0_0_0_8080_webapp__sip__.s0kjx8/lib/Jetty-5977156373379079565.jar (deleted)
7f6af886c000-7f6af886e000 r--s 00014000 08:01 1317087                    /tmp/Jetty_0_0_0_0_8080_webapp__sip__.s0kjx8/lib/Jetty-6868722393426811290.jar (deleted)
7f6af886e000-7f6af8871000 r--s 00018000 08:01 1317086                    /tmp/Jetty_0_0_0_0_8080_webapp__sip__.s0kjx8/lib/Jetty-6037304899802892121.jar (deleted)
7f6af8871000-7f6af8872000 r--s 00000000 08:01 1317085                    /tmp/Jetty_0_0_0_0_8080_webapp__sip__.s0kjx8/lib/Jetty-7777245254210878990.jar (deleted)
7f6af8872000-7f6af8876000 r--s 0003d000 08:01 1317084                    /tmp/Jetty_0_0_0_0_8080_webapp__sip__.s0kjx8/lib/Jetty-8234848478662262728.jar (deleted)
7f6af8876000-7f6af8878000 r--s 00005000 08:01 1317083                    /tmp/Jetty_0_0_0_0_8080_webapp__sip__.s0kjx8/lib/Jetty-7010283489753016974.jar (deleted)
7f6af8878000-7f6af8881000 r--s 00049000 08:01 1317082                    /tmp/Jetty_0_0_0_0_8080_webapp__sip__.s0kjx8/lib/Jetty-7294399421338988368.jar (deleted)
7f6af8881000-7f6af888a000 r--s 0005e000 08:01 1317081                    /tmp/Jetty_0_0_0_0_8080_webapp__sip__.s0kjx8/lib/Jetty-5260567600122848044.jar (deleted)
7f6af888a000-7f6af888c000 r--s 00000000 08:01 1317080                    /tmp/Jetty_0_0_0_0_8080_webapp__sip__.s0kjx8/lib/Jetty-4629708302558326737.jar (deleted)
7f6af888c000-7f6af8895000 r--s 0006d000 08:01 1317079                    /tmp/Jetty_0_0_0_0_8080_webapp__sip__.s0kjx8/lib/Jetty-611196475708147778.jar (deleted)
7f6af8895000-7f6af8897000 r--s 0000e000 08:01 1317078                    /tmp/Jetty_0_0_0_0_8080_webapp__sip__.s0kjx8/lib/Jetty-1940567072783043874.jar (deleted)
7f6af8897000-7f6af88ac000 r--s 000b7000 08:01 1317077                    /tmp/Jetty_0_0_0_0_8080_webapp__sip__.s0kjx8/lib/Jetty-2677947057550369480.jar (deleted)
7f6af88ac000-7f6af88b2000 r--s 00048000 08:01 1317076                    /tmp/Jetty_0_0_0_0_8080_webapp__sip__.s0kjx8/lib/Jetty-5105358968739830744.jar (deleted)
7f6af88b2000-7f6af88bd000 r--s 00082000 08:01 1317075                    /tmp/Jetty_0_0_0_0_8080_webapp__sip__.s0kjx8/lib/Jetty-5507473917153284754.jar (deleted)
7f6af88bd000-7f6af88c3000 r--s 00028000 08:01 1317074                    /tmp/Jetty_0_0_0_0_8080_webapp__sip__.s0kjx8/lib/Jetty-592166246935194741.jar (deleted)
7f6af88c3000-7f6af88c7000 r--s 00027000 08:01 1317072                    /tmp/Jetty_0_0_0_0_8080_webapp__sip__.s0kjx8/lib/Jetty-7502961340377479942.jar (deleted)
7f6af88c7000-7f6af88c9000 r--s 0059c000 08:01 5376506                    /home/ian/.m2/repository/com/springinpractice/com.springinpractice.skin/1.0-RELEASE/com.springinpractice.skin-1.0-RELEASE.war
7f6af88c9000-7f6af88cc000 ---p 00000000 00:00 0 
7f6af88cc000-7f6af89ca000 rw-p 00000000 00:00 0                          [stack:5733]
7f6af89ca000-7f6af89cd000 ---p 00000000 00:00 0 
7f6af89cd000-7f6af8acb000 rw-p 00000000 00:00 0                          [stack:5745]
7f6af8acb000-7f6af8ad5000 r--s 00254000 08:01 3279458                    /usr/lib/jvm/java-7-oracle/jre/lib/resources.jar
7f6af8ad5000-7f6af8ad7000 r--s 00003000 08:01 5377042                    /home/ian/.m2/repository/org/mortbay/jetty/start/6.1.21/start-6.1.21.jar
7f6af8ad7000-7f6af8ad8000 r--s 00002000 08:01 5377037                    /home/ian/.m2/repository/org/apache/geronimo/specs/geronimo-annotation_1.0_spec/1.0/geronimo-annotation_1.0_spec-1.0.jar
7f6af8ad8000-7f6af8ada000 r--s 00002000 08:01 5377035                    /home/ian/.m2/repository/org/mortbay/jetty/jetty-annotations/6.1.21/jetty-annotations-6.1.21.jar
7f6af8ada000-7f6af8ae9000 r--s 000ee000 08:01 5377033                    /home/ian/.m2/repository/ant/ant/1.6.5/ant-1.6.5.jar
7f6af8ae9000-7f6af8afa000 r--s 000ea000 08:01 5377031                    /home/ian/.m2/repository/org/mortbay/jetty/jsp-2.1-glassfish/9.1.1.B60.25.p2/jsp-2.1-glassfish-9.1.1.B60.25.p2.jar
7f6af8afa000-7f6af8afd000 r--s 0001e000 08:01 5377030                    /home/ian/.m2/repository/org/mortbay/jetty/jsp-api-2.1-glassfish/9.1.1.B60.25.p2/jsp-api-2.1-glassfish-9.1.1.B60.25.p2.jar
7f6af8afd000-7f6af8b20000 r--s 00344000 08:01 5377046                    /home/ian/.m2/repository/org/eclipse/jdt/core/3.1.1/core-3.1.1.jar
7f6af8b20000-7f6af8b22000 r--s 00000000 08:01 5377028                    /home/ian/.m2/repository/org/mortbay/jetty/jsp-2.1-jetty/6.1.21/jsp-2.1-jetty-6.1.21.jar
7f6af8b22000-7f6af8b24000 r--s 00007000 08:01 5377026                    /home/ian/.m2/repository/org/mortbay/jetty/jetty-management/6.1.21/jetty-management-6.1.21.jar
7f6af8b24000-7f6af8b26000 r--s 0000e000 08:01 5377021                    /home/ian/.m2/repository/javax/activation/activation/1.1/activation-1.1.jar
7f6af8b26000-7f6af8b2c000 r--s 00059000 08:01 5377022                    /home/ian/.m2/repository/javax/mail/mail/1.4/mail-1.4.jar
7f6af8b2c000-7f6af8b2d000 r--s 00006000 08:01 5377023                    /home/ian/.m2/repository/org/mortbay/jetty/jetty-naming/6.1.21/jetty-naming-6.1.21.jar
7f6af8b2d000-7f6af8b2f000 r--s 00002000 08:01 5376956                    /home/ian/.m2/repository/geronimo-spec/geronimo-spec-jta/1.0.1B-rc4/geronimo-spec-jta-1.0.1B-rc4.jar
7f6af8b2f000-7f6af8b31000 r--s 0000d000 08:01 5376954                    /home/ian/.m2/repository/org/mortbay/jetty/jetty-plus/6.1.21/jetty-plus-6.1.21.jar
7f6af8b31000-7f6af8b33000 r--s 00004000 08:01 5376952                    /home/ian/.m2/repository/org/apache/maven/maven-plugin-tools-api/2.0/maven-plugin-tools-api-2.0.jar
7f6af8b33000-7f6af8b36000 r--s 0001b000 08:01 5376948                    /home/ian/.m2/repository/junit/junit/3.8.2/junit-3.8.2.jar
7f6af8b36000-7f6af8b39000 r--s 00027000 08:01 5376947                    /home/ian/.m2/repository/org/codehaus/plexus/plexus-utils/1.1/plexus-utils-1.1.jar
7f6af8b39000-7f6af8b3b000 r--s 0001f000 08:01 5376946                    /home/ian/.m2/repository/org/mortbay/jetty/servlet-api/2.5-20081211/servlet-api-2.5-20081211.jar
7f6af8b3b000-7f6af8b3e000 r--s 00028000 08:01 5376949                    /home/ian/.m2/repository/org/mortbay/jetty/jetty-util/6.1.21/jetty-util-6.1.21.jar
7f6af8b3e000-7f6af8b45000 r--s 0007c000 08:01 5376950                    /home/ian/.m2/repository/org/mortbay/jetty/jetty/6.1.21/jetty-6.1.21.jar
7f6af8b45000-7f6af8b47000 r--s 0000a000 08:01 5376693                    /home/ian/.m2/repository/org/mortbay/jetty/maven-jetty-plugin/6.1.21/maven-jetty-plugin-6.1.21.jar
7f6af8b47000-7f6af8bb2000 r--s 00e18000 08:01 3411741                    /usr/lib/jvm/java-7-oracle/lib/tools.jar
7f6af8bb2000-7f6af8bb3000 r--s 00003000 08:01 5246002                    /home/ian/.m2/repository/org/codehaus/plexus/plexus-compiler-javac/1.9.1/plexus-compiler-javac-1.9.1.jar
7f6af8bb3000-7f6af8bb5000 r--s 00000000 08:01 5246001                    /home/ian/.m2/repository/org/codehaus/plexus/plexus-compiler-manager/1.9.1/plexus-compiler-manager-1.9.1.jar
7f6af8bb5000-7f6af8bb7000 r--s 00004000 08:01 5246000                    /home/ian/.m2/repository/org/codehaus/plexus/plexus-compiler-api/1.9.1/plexus-compiler-api-1.9.1.jar
7f6af8bb7000-7f6af8bbb000 r--s 00034000 08:01 5245999                    /home/ian/.m2/repository/org/codehaus/plexus/plexus-utils/3.0/plexus-utils-3.0.jar
7f6af8bbb000-7f6af8bbc000 r--s 00007000 08:01 5245654                    /home/ian/.m2/repository/org/apache/maven/plugins/maven-compiler-plugin/2.5.1/maven-compiler-plugin-2.5.1.jar
7f6af8bbc000-7f6af8bbd000 r--s 00002000 08:01 5246680                    /home/ian/.m2/repository/org/apache/maven/reporting/maven-reporting-api/2.0.6/maven-reporting-api-2.0.6.jar
7f6af8bbd000-7f6af8bbf000 r--s 00007000 08:01 5374277                    /home/ian/.m2/repository/org/apache/maven/shared/maven-filtering/1.0-beta-2/maven-filtering-1.0-beta-2.jar
7f6af8bbf000-7f6af8bc1000 r--s 00002000 08:01 5246685                    /home/ian/.m2/repository/org/codehaus/plexus/plexus-interactivity-api/1.0-alpha-4/plexus-interactivity-api-1.0-alpha-4.jar
7f6af8bc1000-7f6af8bc3000 r--s 00006000 08:01 5246684                    /home/ian/.m2/repository/commons-cli/commons-cli/1.0/commons-cli-1.0.jar
7f6af8bc3000-7f6af8bc4000 r--s 00001000 08:01 5246683                    /home/ian/.m2/repository/org/apache/maven/doxia/doxia-sink-api/1.0-alpha-7/doxia-sink-api-1.0-alpha-7.jar
7f6af8bc4000-7f6af8bc5000 rw-p 00000000 00:00 0 
7f6af8bc5000-7f6af8bc7000 r--s 0000b000 08:01 5376588                    /home/ian/.m2/repository/org/codehaus/plexus/plexus-interpolation/1.6/plexus-interpolation-1.6.jar
7f6af8bc7000-7f6af8bc9000 r--s 00004000 08:01 5247522                    /home/ian/.m2/repository/org/apache/maven/plugins/maven-resources-plugin/2.3/maven-resources-plugin-2.3.jar
7f6af8bc9000-7f6af8bce000 r--s 00039000 08:01 5377016                    /home/ian/.m2/repository/org/codehaus/plexus/plexus-utils/1.5.6/plexus-utils-1.5.6.jar
7f6af8bce000-7f6af8bd0000 r--s 00008000 08:01 5377015                    /home/ian/.m2/repository/org/apache/maven/shared/maven-shared-io/1.1/maven-shared-io-1.1.jar
7f6af8bd0000-7f6af8bd2000 r--s 00008000 08:01 5377014                    /home/ian/.m2/repository/org/apache/maven/shared/file-management/1.2.1/file-management-1.2.1.jar
7f6af8bd2000-7f6af8bd5000 r--s 0001b000 08:01 5246003                    /home/ian/.m2/repository/junit/junit/3.8.1/junit-3.8.1.jar
7f6af8bd5000-7f6af8bd7000 r--s 00003000 08:01 5247516                    /home/ian/.m2/repository/org/apache/maven/plugins/maven-clean-plugin/2.3/maven-clean-plugin-2.3.jar
7f6af8bd7000-7f6af8bda000 ---p 00000000 00:00 0 
7f6af8bda000-7f6af8bff000 rw-p 00000000 00:00 0 
7f6af8bff000-7f6af8c03000 r--s 0008a000 08:01 3279592                    /usr/lib/jvm/java-7-oracle/jre/lib/jsse.jar
7f6af8c03000-7f6af8c06000 ---p 00000000 00:00 0 
7f6af8c06000-7f6af8d35000 rw-p 00000000 00:00 0                          [stack:5728]
7f6af8d35000-7f6af8d4a000 r-xp 00000000 08:01 3279533                    /usr/lib/jvm/java-7-oracle/jre/lib/amd64/libnet.so
7f6af8d4a000-7f6af8f4a000 ---p 00015000 08:01 3279533                    /usr/lib/jvm/java-7-oracle/jre/lib/amd64/libnet.so
7f6af8f4a000-7f6af8f4b000 rw-p 00015000 08:01 3279533                    /usr/lib/jvm/java-7-oracle/jre/lib/amd64/libnet.so
7f6af8f4b000-7f6af8f5b000 r-xp 00000000 08:01 3279557                    /usr/lib/jvm/java-7-oracle/jre/lib/amd64/libnio.so
7f6af8f5b000-7f6af915b000 ---p 00010000 08:01 3279557                    /usr/lib/jvm/java-7-oracle/jre/lib/amd64/libnio.so
7f6af915b000-7f6af915c000 rw-p 00010000 08:01 3279557                    /usr/lib/jvm/java-7-oracle/jre/lib/amd64/libnio.so
7f6af915c000-7f6af9162000 r--s 0002c000 08:01 1057377                    /usr/share/java/sisu-inject-plexus.jar
7f6af9162000-7f6af9164000 r--s 0000a000 08:01 1712477                    /usr/share/maven/lib/maven-artifact-3.0.4.jar
7f6af9164000-7f6af9166000 r--s 00009000 08:01 1712486                    /usr/share/maven/lib/maven-settings-3.0.4.jar
7f6af9166000-7f6af9168000 r--s 00008000 08:01 1712480                    /usr/share/maven/lib/maven-embedder-3.0.4.jar
7f6af9168000-7f6af916a000 r--s 00007000 08:01 1712485                    /usr/share/maven/lib/maven-settings-builder-3.0.4.jar
7f6af916a000-7f6af916c000 r--s 00003000 08:01 1056999                    /usr/share/java/jsr305-0.1~+svn49.jar
7f6af916c000-7f6af9183000 r--s 000de000 08:01 1057353                    /usr/share/java/guava-r09.jar
7f6af9183000-7f6af918f000 r--s 00082000 08:01 3540416                    /usr/share/maven-repo/org/sonatype/sisu/sisu-guice/3.1.0/sisu-guice-3.1.0.jar
7f6af918f000-7f6af9193000 r--s 00033000 08:01 1057335                    /usr/share/java/plexus-utils2-2.0.5.jar
7f6af9193000-7f6af9195000 r--s 00025000 08:01 1712482                    /usr/share/maven/lib/maven-model-3.0.4.jar
7f6af9195000-7f6af9197000 r--s 00005000 08:01 1712484                    /usr/share/maven/lib/maven-repository-metadata-3.0.4.jar
7f6af9197000-7f6af9199000 r--s 00007000 08:01 1056997                    /usr/share/java/commons-cli-1.2.jar
7f6af9199000-7f6af919b000 r--s 00006000 08:01 3540621                    /usr/share/maven-repo/org/sonatype/aether/aether-connector-wagon/1.13.1/aether-connector-wagon-1.13.1.jar
7f6af919b000-7f6af919c000 r--s 00001000 08:01 1057251                    /usr/share/java/wagon-http.jar
7f6af919c000-7f6af919d000 r--s 00001000 08:01 1057247                    /usr/share/java/wagon-file.jar
7f6af919d000-7f6af919f000 r--s 0000a000 08:01 1057245                    /usr/share/java/wagon-provider-api.jar
7f6af919f000-7f6af91a2000 r--s 00013000 08:01 3540603                    /usr/share/maven-repo/org/sonatype/aether/aether-api/1.13.1/aether-api-1.13.1.jar
7f6af91a2000-7f6af91a4000 r--s 00002000 08:01 3539638                    /usr/share/maven-repo/org/sonatype/plexus/plexus-cipher/1.5/plexus-cipher-1.5.jar
7f6af91a4000-7f6af91a6000 r--s 0000b000 08:01 3539201                    /usr/share/maven-repo/org/codehaus/plexus/plexus-interpolation/1.11/plexus-interpolation-1.11.jar
7f6af91a6000-7f6af91a7000 r--s 00006000 08:01 3539645                    /usr/share/maven-repo/org/sonatype/plexus/plexus-sec-dispatcher/1.3.1/plexus-sec-dispatcher-1.3.1.jar
7f6af91a7000-7f6af91ab000 r--s 00020000 08:01 1712481                    /usr/share/maven/lib/maven-model-builder-3.0.4.jar
7f6af91ab000-7f6af91ad000 r--s 00009000 08:01 1712483                    /usr/share/maven/lib/maven-plugin-api-3.0.4.jar
7f6af91ad000-7f6af91b0000 r--s 0001d000 08:01 3540615                    /usr/share/maven-repo/org/sonatype/aether/aether-impl/1.13.1/aether-impl-1.13.1.jar
7f6af91b0000-7f6af91bc000 r--s 0007c000 08:01 1712479                    /usr/share/maven/lib/maven-core-3.0.4.jar
7f6af91bc000-7f6af91c0000 r--s 0001c000 08:01 3540586                    /usr/share/maven-repo/org/sonatype/aether/aether-util/1.13.1/aether-util-1.13.1.jar
7f6af91c0000-7f6af91c2000 r--s 0000c000 08:01 1056834                    /usr/share/java/commons-logging-1.1.1.jar
7f6af91c2000-7f6af91c5000 r--s 00011000 08:01 1057026                    /usr/share/java/commons-codec-1.5.jar
7f6af91c5000-7f6af91cb000 r--s 00045000 08:01 1057167                    /usr/share/java/commons-httpclient-3.1.jar
7f6af91cb000-7f6af91d2000 r--s 00040000 08:01 1057369                    /usr/share/java/sisu-inject-bean.jar
7f6af91d2000-7f6af91d8000 r--s 0003e000 08:01 1712478                    /usr/share/maven/lib/maven-compat-3.0.4.jar
7f6af91d8000-7f6af91da000 r--s 0000a000 08:01 1056977                    /usr/share/java/plexus-classworlds2-2.4.jar
7f6af91da000-7f6af91db000 ---p 00000000 00:00 0 
7f6af91db000-7f6af92db000 rw-p 00000000 00:00 0                          [stack:5727]
7f6af92db000-7f6af92de000 ---p 00000000 00:00 0 
7f6af92de000-7f6af93dc000 rw-p 00000000 00:00 0                          [stack:5726]
7f6af93dc000-7f6af93df000 ---p 00000000 00:00 0 
7f6af93df000-7f6af94dd000 rw-p 00000000 00:00 0                          [stack:5725]
7f6af94dd000-7f6af94e0000 ---p 00000000 00:00 0 
7f6af94e0000-7f6af95de000 rw-p 00000000 00:00 0                          [stack:5724]
7f6af95de000-7f6af95e1000 ---p 00000000 00:00 0 
7f6af95e1000-7f6af96df000 rw-p 00000000 00:00 0                          [stack:5723]
7f6af96df000-7f6af9dc2000 r--p 00000000 08:01 793174                     /usr/lib/locale/locale-archive
7f6af9dc2000-7f6af9dc5000 ---p 00000000 00:00 0 
7f6af9dc5000-7f6af9ec3000 rw-p 00000000 00:00 0                          [stack:5722]
7f6af9ec3000-7f6af9ec6000 ---p 00000000 00:00 0 
7f6af9ec6000-7f6af9fc4000 rw-p 00000000 00:00 0                          [stack:5721]
7f6af9fc4000-7f6af9fc5000 ---p 00000000 00:00 0 
7f6af9fc5000-7f6afa135000 rw-p 00000000 00:00 0                          [stack:5720]
7f6afa135000-7f6afa2f2000 r--s 039f9000 08:01 3279461                    /usr/lib/jvm/java-7-oracle/jre/lib/rt.jar
7f6afa2f2000-7f6afa313000 rw-p 00000000 00:00 0 
7f6afa313000-7f6afa4f3000 rw-p 00000000 00:00 0 
7f6afa4f3000-7f6afa50c000 rw-p 00000000 00:00 0 
7f6afa50c000-7f6afa649000 rw-p 00000000 00:00 0 
7f6afa649000-7f6afa656000 rw-p 00000000 00:00 0 
7f6afa656000-7f6afa6f3000 rw-p 00000000 00:00 0 
7f6afa6f3000-7f6afa70c000 rw-p 00000000 00:00 0 
7f6afa70c000-7f6afa849000 rw-p 00000000 00:00 0 
7f6afa849000-7f6afa86a000 rw-p 00000000 00:00 0 
7f6afa86a000-7f6afaa49000 rw-p 00000000 00:00 0 
7f6afaa49000-7f6afaa4a000 rw-p 00000000 00:00 0 
7f6afaa4a000-7f6afaa65000 r-xp 00000000 08:01 3279535                    /usr/lib/jvm/java-7-oracle/jre/lib/amd64/libzip.so
7f6afaa65000-7f6afac64000 ---p 0001b000 08:01 3279535                    /usr/lib/jvm/java-7-oracle/jre/lib/amd64/libzip.so
7f6afac64000-7f6afac65000 rw-p 0001a000 08:01 3279535                    /usr/lib/jvm/java-7-oracle/jre/lib/amd64/libzip.so
7f6afac65000-7f6afac71000 r-xp 00000000 08:01 1441921                    /lib/x86_64-linux-gnu/libnss_files-2.15.so
7f6afac71000-7f6afae70000 ---p 0000c000 08:01 1441921                    /lib/x86_64-linux-gnu/libnss_files-2.15.so
7f6afae70000-7f6afae71000 r--p 0000b000 08:01 1441921                    /lib/x86_64-linux-gnu/libnss_files-2.15.so
7f6afae71000-7f6afae72000 rw-p 0000c000 08:01 1441921                    /lib/x86_64-linux-gnu/libnss_files-2.15.so
7f6afae72000-7f6afae7c000 r-xp 00000000 08:01 1441917                    /lib/x86_64-linux-gnu/libnss_nis-2.15.so
7f6afae7c000-7f6afb07c000 ---p 0000a000 08:01 1441917                    /lib/x86_64-linux-gnu/libnss_nis-2.15.so
7f6afb07c000-7f6afb07d000 r--p 0000a000 08:01 1441917                    /lib/x86_64-linux-gnu/libnss_nis-2.15.so
7f6afb07d000-7f6afb07e000 rw-p 0000b000 08:01 1441917                    /lib/x86_64-linux-gnu/libnss_nis-2.15.so
7f6afb07e000-7f6afb095000 r-xp 00000000 08:01 1446261                    /lib/x86_64-linux-gnu/libnsl-2.15.so
7f6afb095000-7f6afb294000 ---p 00017000 08:01 1446261                    /lib/x86_64-linux-gnu/libnsl-2.15.so
7f6afb294000-7f6afb295000 r--p 00016000 08:01 1446261                    /lib/x86_64-linux-gnu/libnsl-2.15.so
7f6afb295000-7f6afb296000 rw-p 00017000 08:01 1446261                    /lib/x86_64-linux-gnu/libnsl-2.15.so
7f6afb296000-7f6afb298000 rw-p 00000000 00:00 0 
7f6afb298000-7f6afb2a0000 r-xp 00000000 08:01 1441922                    /lib/x86_64-linux-gnu/libnss_compat-2.15.so
7f6afb2a0000-7f6afb49f000 ---p 00008000 08:01 1441922                    /lib/x86_64-linux-gnu/libnss_compat-2.15.so
7f6afb49f000-7f6afb4a0000 r--p 00007000 08:01 1441922                    /lib/x86_64-linux-gnu/libnss_compat-2.15.so
7f6afb4a0000-7f6afb4a1000 rw-p 00008000 08:01 1441922                    /lib/x86_64-linux-gnu/libnss_compat-2.15.so
7f6afb4a1000-7f6afb4ca000 r-xp 00000000 08:01 3279567                    /usr/lib/jvm/java-7-oracle/jre/lib/amd64/libjava.so
7f6afb4ca000-7f6afb6ca000 ---p 00029000 08:01 3279567                    /usr/lib/jvm/java-7-oracle/jre/lib/amd64/libjava.so
7f6afb6ca000-7f6afb6cc000 rw-p 00029000 08:01 3279567                    /usr/lib/jvm/java-7-oracle/jre/lib/amd64/libjava.so
7f6afb6cc000-7f6afb6d9000 r-xp 00000000 08:01 3279538                    /usr/lib/jvm/java-7-oracle/jre/lib/amd64/libverify.so
7f6afb6d9000-7f6afb8d8000 ---p 0000d000 08:01 3279538                    /usr/lib/jvm/java-7-oracle/jre/lib/amd64/libverify.so
7f6afb8d8000-7f6afb8da000 rw-p 0000c000 08:01 3279538                    /usr/lib/jvm/java-7-oracle/jre/lib/amd64/libverify.so
7f6afb8da000-7f6afb8e1000 r-xp 00000000 08:01 1441915                    /lib/x86_64-linux-gnu/librt-2.15.so
7f6afb8e1000-7f6afbae0000 ---p 00007000 08:01 1441915                    /lib/x86_64-linux-gnu/librt-2.15.so
7f6afbae0000-7f6afbae1000 r--p 00006000 08:01 1441915                    /lib/x86_64-linux-gnu/librt-2.15.so
7f6afbae1000-7f6afbae2000 rw-p 00007000 08:01 1441915                    /lib/x86_64-linux-gnu/librt-2.15.so
7f6afbae2000-7f6afbbdd000 r-xp 00000000 08:01 1441919                    /lib/x86_64-linux-gnu/libm-2.15.so
7f6afbbdd000-7f6afbddc000 ---p 000fb000 08:01 1441919                    /lib/x86_64-linux-gnu/libm-2.15.so
7f6afbddc000-7f6afbddd000 r--p 000fa000 08:01 1441919                    /lib/x86_64-linux-gnu/libm-2.15.so
7f6afbddd000-7f6afbdde000 rw-p 000fb000 08:01 1441919                    /lib/x86_64-linux-gnu/libm-2.15.so
7f6afbdde000-7f6afc81f000 r-xp 00000000 08:01 3411540                    /usr/lib/jvm/java-7-oracle/jre/lib/amd64/server/libjvm.so
7f6afc81f000-7f6afca1f000 ---p 00a41000 08:01 3411540                    /usr/lib/jvm/java-7-oracle/jre/lib/amd64/server/libjvm.so
7f6afca1f000-7f6afcac2000 rw-p 00a41000 08:01 3411540                    /usr/lib/jvm/java-7-oracle/jre/lib/amd64/server/libjvm.so
7f6afcac2000-7f6afcafe000 rw-p 00000000 00:00 0 
7f6afcafe000-7f6afccb3000 r-xp 00000000 08:01 1441815                    /lib/x86_64-linux-gnu/libc-2.15.so
7f6afccb3000-7f6afceb2000 ---p 001b5000 08:01 1441815                    /lib/x86_64-linux-gnu/libc-2.15.so
7f6afceb2000-7f6afceb6000 r--p 001b4000 08:01 1441815                    /lib/x86_64-linux-gnu/libc-2.15.so
7f6afceb6000-7f6afceb8000 rw-p 001b8000 08:01 1441815                    /lib/x86_64-linux-gnu/libc-2.15.so
7f6afceb8000-7f6afcebd000 rw-p 00000000 00:00 0 
7f6afcebd000-7f6afcebf000 r-xp 00000000 08:01 1441804                    /lib/x86_64-linux-gnu/libdl-2.15.so
7f6afcebf000-7f6afd0bf000 ---p 00002000 08:01 1441804                    /lib/x86_64-linux-gnu/libdl-2.15.so
7f6afd0bf000-7f6afd0c0000 r--p 00002000 08:01 1441804                    /lib/x86_64-linux-gnu/libdl-2.15.so
7f6afd0c0000-7f6afd0c1000 rw-p 00003000 08:01 1441804                    /lib/x86_64-linux-gnu/libdl-2.15.so
7f6afd0c1000-7f6afd0d7000 r-xp 00000000 08:01 3411546                    /usr/lib/jvm/java-7-oracle/jre/lib/amd64/jli/libjli.so
7f6afd0d7000-7f6afd2d7000 ---p 00016000 08:01 3411546                    /usr/lib/jvm/java-7-oracle/jre/lib/amd64/jli/libjli.so
7f6afd2d7000-7f6afd2d8000 rw-p 00016000 08:01 3411546                    /usr/lib/jvm/java-7-oracle/jre/lib/amd64/jli/libjli.so
7f6afd2d8000-7f6afd2f0000 r-xp 00000000 08:01 1441913                    /lib/x86_64-linux-gnu/libpthread-2.15.so
7f6afd2f0000-7f6afd4ef000 ---p 00018000 08:01 1441913                    /lib/x86_64-linux-gnu/libpthread-2.15.so
7f6afd4ef000-7f6afd4f0000 r--p 00017000 08:01 1441913                    /lib/x86_64-linux-gnu/libpthread-2.15.so
7f6afd4f0000-7f6afd4f1000 rw-p 00018000 08:01 1441913                    /lib/x86_64-linux-gnu/libpthread-2.15.so
7f6afd4f1000-7f6afd4f5000 rw-p 00000000 00:00 0 
7f6afd4f5000-7f6afd517000 r-xp 00000000 08:01 1441925                    /lib/x86_64-linux-gnu/ld-2.15.so
7f6afd517000-7f6afd518000 r--p 00000000 00:00 0 
7f6afd518000-7f6afd555000 rw-p 00000000 00:00 0 
7f6afd555000-7f6afd600000 rw-p 00000000 00:00 0 
7f6afd600000-7f6afd603000 ---p 00000000 00:00 0 
7f6afd603000-7f6afd705000 rw-p 00000000 00:00 0                          [stack:5719]
7f6afd705000-7f6afd706000 r--s 00003000 08:01 3540598                    /usr/share/maven-repo/org/sonatype/aether/aether-spi/1.13.1/aether-spi-1.13.1.jar
7f6afd706000-7f6afd708000 r--s 00000000 08:01 1057338                    /usr/share/java/plexus-component-annotations-1.5-1.5.5.jar
7f6afd708000-7f6afd70a000 r--s 0000b000 08:01 1712476                    /usr/share/maven/lib/maven-aether-provider-3.0.4.jar
7f6afd70a000-7f6afd70b000 r--s 00004000 08:01 1057249                    /usr/share/java/wagon-http-shared.jar
7f6afd70b000-7f6afd713000 rw-s 00000000 08:01 1315459                    /tmp/hsperfdata_ian/5708
7f6afd713000-7f6afd714000 rw-p 00000000 00:00 0 
7f6afd714000-7f6afd715000 r--p 00000000 00:00 0 
7f6afd715000-7f6afd717000 rw-p 00000000 00:00 0 
7f6afd717000-7f6afd718000 r--p 00022000 08:01 1441925                    /lib/x86_64-linux-gnu/ld-2.15.so
7f6afd718000-7f6afd71a000 rw-p 00023000 08:01 1441925                    /lib/x86_64-linux-gnu/ld-2.15.so
7fff28a21000-7fff28a42000 rw-p 00000000 00:00 0                          [stack]
7fff28b8e000-7fff28b8f000 r-xp 00000000 00:00 0                          [vdso]
ffffffffff600000-ffffffffff601000 r-xp 00000000 00:00 0                  [vsyscall]

VM Arguments:
jvm_args: -Xmx1024M -XX:MaxPermSize=1024m -Dclassworlds.conf=/usr/share/maven/bin/m2.conf -Dmaven.home=/usr/share/maven 
java_command: org.codehaus.plexus.classworlds.launcher.Launcher clean jetty:run --debug
Launcher Type: SUN_STANDARD

Environment Variables:
JAVA_HOME=/usr/lib/jvm/java-7-oracle
PATH=/usr/lib/lightdm/lightdm:/usr/local/sbin:/usr/local/bin:/usr/sbin:/usr/bin:/sbin:/bin:/usr/games
SHELL=/bin/bash
DISPLAY=:0

Signal Handlers:
SIGSEGV: [libjvm.so+0x8a26a0], sa_mask[0]=0x7ffbfeff, sa_flags=0x10000004
SIGBUS: [libjvm.so+0x8a26a0], sa_mask[0]=0x7ffbfeff, sa_flags=0x10000004
SIGFPE: [libjvm.so+0x73f3d0], sa_mask[0]=0x7ffbfeff, sa_flags=0x10000004
SIGPIPE: [libjvm.so+0x73f3d0], sa_mask[0]=0x7ffbfeff, sa_flags=0x10000004
SIGXFSZ: [libjvm.so+0x73f3d0], sa_mask[0]=0x7ffbfeff, sa_flags=0x10000004
SIGILL: [libjvm.so+0x73f3d0], sa_mask[0]=0x7ffbfeff, sa_flags=0x10000004
SIGUSR1: SIG_DFL, sa_mask[0]=0x00000000, sa_flags=0x00000000
SIGUSR2: [libjvm.so+0x73ed20], sa_mask[0]=0x00000000, sa_flags=0x10000004
SIGHUP: [libjvm.so+0x7410b0], sa_mask[0]=0x7ffbfeff, sa_flags=0x10000004
SIGINT: [libjvm.so+0x7410b0], sa_mask[0]=0x7ffbfeff, sa_flags=0x10000004
SIGTERM: [libjvm.so+0x7410b0], sa_mask[0]=0x7ffbfeff, sa_flags=0x10000004
SIGQUIT: [libjvm.so+0x7410b0], sa_mask[0]=0x7ffbfeff, sa_flags=0x10000004


---------------  S Y S T E M  ---------------

OS:wheezy/sid

uname:Linux 3.5.0-36-generic #57~precise1-Ubuntu SMP Thu Jun 20 18:21:09 UTC 2013 x86_64
libc:glibc 2.15 NPTL 2.15 
rlimit: STACK 8192k, CORE 0k, NPROC 33036, NOFILE 4096, AS infinity
load average:0.38 0.42 0.55

/proc/meminfo:
MemTotal:        4247264 kB
MemFree:          609056 kB
Buffers:           41740 kB
Cached:          1075100 kB
SwapCached:        12264 kB
Active:          1530100 kB
Inactive:         950636 kB
Active(anon):     907196 kB
Inactive(anon):   458480 kB
Active(file):     622904 kB
Inactive(file):   492156 kB
Unevictable:           0 kB
Mlocked:               0 kB
SwapTotal:       2181116 kB
SwapFree:        2166724 kB
Dirty:               108 kB
Writeback:             0 kB
AnonPages:       1353764 kB
Mapped:           155348 kB
Shmem:              1708 kB
Slab:             131324 kB
SReclaimable:     104388 kB
SUnreclaim:        26936 kB
KernelStack:        3880 kB
PageTables:        27532 kB
NFS_Unstable:          0 kB
Bounce:                0 kB
WritebackTmp:          0 kB
CommitLimit:     4304748 kB
Committed_AS:    3705604 kB
VmallocTotal:   34359738367 kB
VmallocUsed:      315484 kB
VmallocChunk:   34359420704 kB
HardwareCorrupted:     0 kB
AnonHugePages:         0 kB
HugePages_Total:       0
HugePages_Free:        0
HugePages_Rsvd:        0
HugePages_Surp:        0
Hugepagesize:       2048 kB
DirectMap4k:       63488 kB
DirectMap2M:     4339712 kB


CPU:total 1 (1 cores per cpu, 1 threads per core) family 6 model 23 stepping 6, cmov, cx8, fxsr, mmx, sse, sse2, sse3, ssse3, sse4.1, tsc, tscinvbit

/proc/cpuinfo:
processor	: 0
vendor_id	: GenuineIntel
cpu family	: 6
model		: 23
model name	: Intel(R) Core(TM)2 Duo CPU     T9300  @ 2.50GHz
stepping	: 6
microcode	: 0x60c
cpu MHz		: 2493.379
cache size	: 6144 KB
fpu		: yes
fpu_exception	: yes
cpuid level	: 10
wp		: yes
flags		: fpu vme de pse tsc msr pae mce cx8 apic sep mtrr pge mca cmov pat pse36 clflush dts mmx fxsr sse sse2 ss syscall nx lm constant_tsc up arch_perfmon pebs bts nopl tsc_reliable nonstop_tsc aperfmperf pni ssse3 cx16 sse4_1 x2apic hypervisor lahf_lm dtherm
bogomips	: 4986.75
clflush size	: 64
cache_alignment	: 64
address sizes	: 40 bits physical, 48 bits virtual
power management:



Memory: 4k page, physical 4247264k(609056k free), swap 2181116k(2166724k free)

vm_info: Java HotSpot(TM) 64-Bit Server VM (23.25-b01) for linux-amd64 JRE (1.7.0_25-b15), built on Jun  5 2013 20:48:36 by "java_re" with gcc 4.3.0 20080428 (Red Hat 4.3.0-8)

time: Thu Jul 25 19:05:16 2013
elapsed time: 287 seconds

