#
# A fatal error has been detected by the Java Runtime Environment:
#
#  SIGSEGV (0xb) at pc=0x00007f5720b50403, pid=9705, tid=140012118877952
#
# JRE version: 7.0_25-b15
# Java VM: Java HotSpot(TM) 64-Bit Server VM (23.25-b01 mixed mode linux-amd64 compressed oops)
# Problematic frame:
# C  [libc.so.6+0x146403]  __nss_hosts_lookup+0x14ab3
#
# Failed to write core dump. Core dumps have been disabled. To enable core dumping, try "ulimit -c unlimited" before starting Java again
#
# If you would like to submit a bug report, please visit:
#   http://bugreport.sun.com/bugreport/crash.jsp
# The crash happened outside the Java Virtual Machine in native code.
# See problematic frame for where to report the bug.
#

---------------  T H R E A D  ---------------

Current thread (0x00007f57189be800):  JavaThread "775499867@qtp-888911872-0" [_thread_in_native, id=9731, stack(0x00007f571c8c2000,0x00007f571c9c3000)]

siginfo:si_signo=SIGSEGV: si_errno=0, si_code=2 (SEGV_ACCERR), si_addr=0x00007f571c7c1000

Registers:
RAX=0x00007f5704082150, RBX=0x00000000000044b0, RCX=0x0000000000004000, RDX=0x00000000000027a0
RSP=0x00007f571c9bf6b8, RBP=0x00007f571c9bf710, RSI=0x00007f571c7c0fd9, RDI=0x00007f5704083de0
R8 =0x00007f5704082150, R9 =0x00007f5720b503f0, R10=0x00007f571506cb58, R11=0x00007f5720b8d450
R12=0x00007f571c7bf31b, R13=0x00007f5704b97820, R14=0x00000000000097fd, R15=0x00007f57189d5ad0
RIP=0x00007f5720b50403, EFLAGS=0x0000000000010206, CSGSFS=0x0000000000000033, ERR=0x0000000000000004
  TRAPNO=0x000000000000000e

Top of Stack: (sp=0x00007f571c9bf6b8)
0x00007f571c9bf6b8:   00007f571e95ac67 00000000c0000d10
0x00007f571c9bf6c8:   0000fd5700000000 00000000000044b0
0x00007f571c9bf6d8:   0000000000000000 00007f5704b97820
0x00007f571c9bf6e8:   00007f57189ded78 00007f57189d5ad0
0x00007f571c9bf6f8:   00007f5704ae3240 0000000068825408
0x00007f571c9bf708:   00007f571c9bf770 00007f571c9bf750
0x00007f571c9bf718:   00007f571e95b228 000000161c9bf750
0x00007f571c9bf728:   00007f571c9bf770 0000000000000016
0x00007f571c9bf738:   00007f57189be9d8 00007f571c9bf770
0x00007f571c9bf748:   00007f571c9bfbc8 00007f571c9bfbb0
0x00007f571c9bf758:   00007f571e95a05d 01000000c01736f4
0x00007f571c9bf768:   00007f57189d5ad0 2f464e492d424557
0x00007f571c9bf778:   6f7461726f636564 00006c6d782e7372
0x00007f571c9bf788:   0000000000000000 00007f571c9bf7a8
0x00007f571c9bf798:   00007f571c9bf808 00007f5715006158
0x00007f571c9bf7a8:   00007f5740400000 00007f573f8ccccd
0x00007f571c9bf7b8:   00000000955a7508 0000000081184728
0x00007f571c9bf7c8:   00007f56f8019f98 00000000c017199e
0x00007f571c9bf7d8:   00007f571c9bf820 00000000c01761f0
0x00007f571c9bf7e8:   0000000000000000 00000000c01719a8
0x00007f571c9bf7f8:   0000000000000000 00007f571c9bf818
0x00007f571c9bf808:   00007f571c9bf868 00007f5715006158
0x00007f571c9bf818:   00007f5718005e40 00007f57180e6800
0x00007f571c9bf828:   00007f57180e4528 0000000000000000
0x00007f571c9bf838:   00007f57211ef104 00007f571c9bf870
0x00007f571c9bf848:   00007f57203f3dea 00007f5704b97820
0x00007f571c9bf858:   00007f57187af5b0 00007f57180e2860
0x00007f571c9bf868:   00007f57209d5dc1 00007f571c9bf8c0
0x00007f571c9bf878:   00007f57200a9797 00007f56f8019f98
0x00007f571c9bf888:   00000004009be800 000004f9ffffffff
0x00007f571c9bf898:   0000000000000000 00007f56f8019f78
0x00007f571c9bf8a8:   00007f5720427c37 0000000000000000 

Instructions: (pc=0x00007f5720b50403)
0x00007f5720b503e3:   f9 ff ff ff 48 8d 52 c0 41 ff e1 0f 0b 0f 18 86
0x00007f5720b503f3:   c0 01 00 00 48 83 ea 40 0f 28 56 07 0f 28 5e 17
0x00007f5720b50403:   0f 28 66 27 0f 28 6e 37 66 0f 6f f5 66 0f 3a 0f
0x00007f5720b50413:   ec 09 48 8d 76 40 66 0f 3a 0f e3 09 66 0f 3a 0f 

Register to memory mapping:

RAX=0x00007f5704082150 is an unknown value
RBX=0x00000000000044b0 is an unknown value
RCX=0x0000000000004000 is an unknown value
RDX=0x00000000000027a0 is an unknown value
RSP=0x00007f571c9bf6b8 is pointing into the stack for thread: 0x00007f57189be800
RBP=0x00007f571c9bf710 is pointing into the stack for thread: 0x00007f57189be800
RSI=0x00007f571c7c0fd9 is an unknown value
RDI=0x00007f5704083de0 is an unknown value
R8 =0x00007f5704082150 is an unknown value
R9 =0x00007f5720b503f0: <offset 0x1463f0> in /lib/x86_64-linux-gnu/libc.so.6 at 0x00007f5720a0a000
R10=0x00007f571506c990 [CodeBlob (0x00007f571506c990)]
Framesize: 10
R11=0x00007f5720b8d450: <offset 0x183450> in /lib/x86_64-linux-gnu/libc.so.6 at 0x00007f5720a0a000
R12=0x00007f571c7bf31b is an unknown value
R13=0x00007f5704b97820 is an unknown value
R14=0x00000000000097fd is an unknown value
R15=0x00007f57189d5ad0 is an unknown value


Stack: [0x00007f571c8c2000,0x00007f571c9c3000],  sp=0x00007f571c9bf6b8,  free space=1013k
Native frames: (J=compiled Java code, j=interpreted, Vv=VM code, C=native code)
C  [libc.so.6+0x146403]  __nss_hosts_lookup+0x14ab3
C  [libzip.so+0x5228]  ZIP_GetEntry+0xd8
C  [libzip.so+0x405d]  Java_java_util_zip_ZipFile_getEntry+0xad
J  java.util.zip.ZipFile.getEntry(J[BZ)J

Java frames: (J=compiled Java code, j=interpreted, Vv=VM code)
J  java.util.zip.ZipFile.getEntry(J[BZ)J
J  java.util.jar.JarFile.getEntry(Ljava/lang/String;)Ljava/util/zip/ZipEntry;
j  sun.net.www.protocol.jar.URLJarFile.getEntry(Ljava/lang/String;)Ljava/util/zip/ZipEntry;+2
j  sun.net.www.protocol.jar.JarURLConnection.connect()V+62
j  sun.net.www.protocol.jar.JarURLConnection.getInputStream()Ljava/io/InputStream;+1
j  java.net.URL.openStream()Ljava/io/InputStream;+4
j  org.mortbay.jetty.handler.ContextHandler$SContext.getResourceAsStream(Ljava/lang/String;)Ljava/io/InputStream;+13
j  com.opensymphony.module.sitemesh.factory.DefaultFactory.loadExcludes()V+29
j  com.opensymphony.module.sitemesh.factory.DefaultFactory.loadConfig()V+291
j  com.opensymphony.module.sitemesh.factory.DefaultFactory.<init>(Lcom/opensymphony/module/sitemesh/Config;)V+94
v  ~StubRoutines::call_stub
j  sun.reflect.NativeConstructorAccessorImpl.newInstance0(Ljava/lang/reflect/Constructor;[Ljava/lang/Object;)Ljava/lang/Object;+0
j  sun.reflect.NativeConstructorAccessorImpl.newInstance([Ljava/lang/Object;)Ljava/lang/Object;+72
j  sun.reflect.DelegatingConstructorAccessorImpl.newInstance([Ljava/lang/Object;)Ljava/lang/Object;+5
j  java.lang.reflect.Constructor.newInstance([Ljava/lang/Object;)Ljava/lang/Object;+79
j  com.opensymphony.module.sitemesh.Factory.getInstance(Lcom/opensymphony/module/sitemesh/Config;)Lcom/opensymphony/module/sitemesh/Factory;+80
j  com.opensymphony.sitemesh.webapp.SiteMeshFilter.initContentProcessor(Lcom/opensymphony/sitemesh/webapp/SiteMeshWebAppContext;)Lcom/opensymphony/sitemesh/ContentProcessor;+11
j  com.opensymphony.sitemesh.webapp.SiteMeshFilter.doFilter(Ljavax/servlet/ServletRequest;Ljavax/servlet/ServletResponse;Ljavax/servlet/FilterChain;)V+41
j  org.mortbay.jetty.servlet.ServletHandler$CachedChain.doFilter(Ljavax/servlet/ServletRequest;Ljavax/servlet/ServletResponse;)V+53
j  org.springframework.security.web.FilterChainProxy$VirtualFilterChain.doFilter(Ljavax/servlet/ServletRequest;Ljavax/servlet/ServletResponse;)V+69
j  org.springframework.security.web.authentication.www.BasicAuthenticationFilter.doFilter(Ljavax/servlet/ServletRequest;Ljavax/servlet/ServletResponse;Ljavax/servlet/FilterChain;)V+414
j  org.springframework.security.web.FilterChainProxy$VirtualFilterChain.doFilter(Ljavax/servlet/ServletRequest;Ljavax/servlet/ServletResponse;)V+192
j  org.springframework.security.web.context.SecurityContextPersistenceFilter.doFilter(Ljavax/servlet/ServletRequest;Ljavax/servlet/ServletResponse;Ljavax/servlet/FilterChain;)V+165
j  org.springframework.security.web.FilterChainProxy$VirtualFilterChain.doFilter(Ljavax/servlet/ServletRequest;Ljavax/servlet/ServletResponse;)V+192
j  org.springframework.security.web.FilterChainProxy.doFilter(Ljavax/servlet/ServletRequest;Ljavax/servlet/ServletResponse;Ljavax/servlet/FilterChain;)V+125
j  org.springframework.web.filter.DelegatingFilterProxy.invokeDelegate(Ljavax/servlet/Filter;Ljavax/servlet/ServletRequest;Ljavax/servlet/ServletResponse;Ljavax/servlet/FilterChain;)V+5
j  org.springframework.web.filter.DelegatingFilterProxy.doFilter(Ljavax/servlet/ServletRequest;Ljavax/servlet/ServletResponse;Ljavax/servlet/FilterChain;)V+71
j  org.mortbay.jetty.servlet.ServletHandler$CachedChain.doFilter(Ljavax/servlet/ServletRequest;Ljavax/servlet/ServletResponse;)V+53
j  org.springframework.web.filter.HiddenHttpMethodFilter.doFilterInternal(Ljavax/servlet/http/HttpServletRequest;Ljavax/servlet/http/HttpServletResponse;Ljavax/servlet/FilterChain;)V+71
j  org.springframework.web.filter.OncePerRequestFilter.doFilter(Ljavax/servlet/ServletRequest;Ljavax/servlet/ServletResponse;Ljavax/servlet/FilterChain;)V+90
j  org.mortbay.jetty.servlet.ServletHandler$CachedChain.doFilter(Ljavax/servlet/ServletRequest;Ljavax/servlet/ServletResponse;)V+53
j  org.mortbay.jetty.servlet.ServletHandler.handle(Ljava/lang/String;Ljavax/servlet/http/HttpServletRequest;Ljavax/servlet/http/HttpServletResponse;I)V+465
j  org.mortbay.jetty.security.SecurityHandler.handle(Ljava/lang/String;Ljavax/servlet/http/HttpServletRequest;Ljavax/servlet/http/HttpServletResponse;I)V+206
j  org.mortbay.jetty.servlet.SessionHandler.handle(Ljava/lang/String;Ljavax/servlet/http/HttpServletRequest;Ljavax/servlet/http/HttpServletResponse;I)V+225
j  org.mortbay.jetty.handler.ContextHandler.handle(Ljava/lang/String;Ljavax/servlet/http/HttpServletRequest;Ljavax/servlet/http/HttpServletResponse;I)V+709
j  org.mortbay.jetty.webapp.WebAppContext.handle(Ljava/lang/String;Ljavax/servlet/http/HttpServletRequest;Ljavax/servlet/http/HttpServletResponse;I)V+25
j  org.mortbay.jetty.handler.ContextHandlerCollection.handle(Ljava/lang/String;Ljavax/servlet/http/HttpServletRequest;Ljavax/servlet/http/HttpServletResponse;I)V+373
j  org.mortbay.jetty.handler.HandlerCollection.handle(Ljava/lang/String;Ljavax/servlet/http/HttpServletRequest;Ljavax/servlet/http/HttpServletResponse;I)V+42
j  org.mortbay.jetty.handler.HandlerWrapper.handle(Ljava/lang/String;Ljavax/servlet/http/HttpServletRequest;Ljavax/servlet/http/HttpServletResponse;I)V+23
j  org.mortbay.jetty.Server.handle(Lorg/mortbay/jetty/HttpConnection;)V+110
j  org.mortbay.jetty.HttpConnection.handleRequest()V+137
j  org.mortbay.jetty.HttpConnection$RequestHandler.headerComplete()V+438
j  org.mortbay.jetty.HttpParser.parseNext()J+1773
j  org.mortbay.jetty.HttpParser.parseAvailable()J+1
j  org.mortbay.jetty.HttpConnection.handle()V+122
j  org.mortbay.io.nio.SelectChannelEndPoint.run()V+4
j  org.mortbay.thread.QueuedThreadPool$PoolThread.run()V+25
v  ~StubRoutines::call_stub

---------------  P R O C E S S  ---------------

Java Threads: ( => current thread )
  0x00000000017a3000 JavaThread "MySQL Statement Cancellation Timer" daemon [_thread_blocked, id=9976, stack(0x00007f5714eff000,0x00007f5715000000)]
  0x0000000001724000 JavaThread "Timer-4" daemon [_thread_blocked, id=9975, stack(0x00007f5714dfe000,0x00007f5714eff000)]
  0x0000000001cca000 JavaThread "Store aclCache Spool Thread" daemon [_thread_blocked, id=9974, stack(0x00007f571c4e3000,0x00007f571c5e4000)]
  0x0000000001a45000 JavaThread "Timer-3" daemon [_thread_blocked, id=9973, stack(0x00007f571c3e2000,0x00007f571c4e3000)]
  0x00007f57190c2000 JavaThread "Timer-2" daemon [_thread_blocked, id=9738, stack(0x00007f571c0df000,0x00007f571c1e0000)]
  0x00007f57192af000 JavaThread "MySQL Statement Cancellation Timer" daemon [_thread_blocked, id=9737, stack(0x00007f571c1e0000,0x00007f571c2e1000)]
  0x00007f57191f0800 JavaThread "Timer-1" daemon [_thread_blocked, id=9736, stack(0x00007f571c2e1000,0x00007f571c3e2000)]
  0x00007f57189d4000 JavaThread "452044444@qtp-888911872-1 - Acceptor0 SelectChannelConnector@0.0.0.0:8080" [_thread_in_native, id=9732, stack(0x00007f571c7c1000,0x00007f571c8c2000)]
=>0x00007f57189be800 JavaThread "775499867@qtp-888911872-0" [_thread_in_native, id=9731, stack(0x00007f571c8c2000,0x00007f571c9c3000)]
  0x00007f5718362000 JavaThread "com.google.common.base.internal.Finalizer" daemon [_thread_blocked, id=9725, stack(0x00007f571caaa000,0x00007f571cbab000)]
  0x00007f57180e8000 JavaThread "Service Thread" daemon [_thread_blocked, id=9723, stack(0x00007f571d1e7000,0x00007f571d2e8000)]
  0x00007f57180e5000 JavaThread "C2 CompilerThread1" daemon [_thread_blocked, id=9722, stack(0x00007f571d2e8000,0x00007f571d3e9000)]
  0x00007f57180e3000 JavaThread "C2 CompilerThread0" daemon [_thread_in_native, id=9721, stack(0x00007f571d3e9000,0x00007f571d4ea000)]
  0x00007f57180e1000 JavaThread "Signal Dispatcher" daemon [_thread_blocked, id=9720, stack(0x00007f571d4ea000,0x00007f571d5eb000)]
  0x00007f5718092800 JavaThread "Finalizer" daemon [_thread_blocked, id=9719, stack(0x00007f571dcce000,0x00007f571ddcf000)]
  0x00007f5718090000 JavaThread "Reference Handler" daemon [_thread_blocked, id=9718, stack(0x00007f571ddcf000,0x00007f571ded0000)]
  0x00007f5718009000 JavaThread "main" [_thread_blocked, id=9716, stack(0x00007f572150c000,0x00007f572160d000)]

Other Threads:
  0x00007f5718088800 VMThread [stack: 0x00007f571ded0000,0x00007f571dfd1000] [id=9717]
  0x00007f57180f2800 WatcherThread [stack: 0x00007f571d0e6000,0x00007f571d1e7000] [id=9724]

VM state:not at safepoint (normal execution)

VM Mutex/Monitor currently owned by a thread: None

Heap
 def new generation   total 22464K, used 19311K [0x0000000080000000, 0x0000000081860000, 0x0000000095550000)
  eden space 19968K,  90% used [0x0000000080000000, 0x00000000811be2b0, 0x0000000081380000)
  from space 2496K,  45% used [0x00000000815f0000, 0x000000008170db78, 0x0000000081860000)
  to   space 2496K,   0% used [0x0000000081380000, 0x0000000081380000, 0x00000000815f0000)
 tenured generation   total 49804K, used 29644K [0x0000000095550000, 0x00000000985f3000, 0x00000000c0000000)
   the space 49804K,  59% used [0x0000000095550000, 0x00000000972433c0, 0x0000000097243400, 0x00000000985f3000)
 compacting perm gen  total 66688K, used 66491K [0x00000000c0000000, 0x00000000c4120000, 0x0000000100000000)
   the space 66688K,  99% used [0x00000000c0000000, 0x00000000c40eec60, 0x00000000c40eee00, 0x00000000c4120000)
No shared spaces configured.

Card table byte_map: [0x00007f571e555000,0x00007f571e956000] byte_map_base: 0x00007f571e155000

Polling page: 0x00007f5721620000

Code Cache  [0x00007f5715000000, 0x00007f57154e0000, 0x00007f5718000000)
 total_blobs=1621 nmethods=1154 adapters=418 free_code_cache=44352Kb largest_free_block=45236352

Compilation events (10 events):
Event: 610.371 Thread 0x00007f57180e3000 1270             org.springframework.util.ClassUtils::isOverridable (49 bytes)
Event: 610.379 Thread 0x00007f57180e3000 nmethod 1270 0x00007f57152dcd50 code [0x00007f57152dcea0, 0x00007f57152dd018]
Event: 610.379 Thread 0x00007f57180e3000 1271   !         java.nio.charset.Charset::defaultCharset (66 bytes)
Event: 610.380 Thread 0x00007f57180e3000 nmethod 1271 0x00007f57152dcb10 code [0x00007f57152dcc40, 0x00007f57152dccb8]
Event: 610.380 Thread 0x00007f57180e3000 1272   !         org.springframework.util.ClassUtils::getMostSpecificMethod (56 bytes)
Event: 610.383 Thread 0x00007f57180e3000 nmethod 1272 0x00007f57154299d0 code [0x00007f5715429b40, 0x00007f5715429e48]
Event: 610.383 Thread 0x00007f57180e3000   33 % !         java.net.URLDecoder::decode @ 53 (321 bytes)
Event: 610.402 Thread 0x00007f57180e3000 nmethod 33% 0x00007f5715466310 code [0x00007f5715466500, 0x00007f5715466d10]
Event: 611.530 Thread 0x00007f57180e5000 nmethod 1264 0x00007f57154b1410 code [0x00007f57154b2f40, 0x00007f57154c6a98]
Event: 620.706 Thread 0x00007f57180e3000 1273   !         org.mortbay.resource.JarFileResource::exists (342 bytes)

GC Heap History (10 events):
Event: 607.609 GC heap before
{Heap before GC invocations=54 (full 7):
 def new generation   total 22464K, used 22306K [0x0000000080000000, 0x0000000081860000, 0x0000000095550000)
  eden space 19968K, 100% used [0x0000000080000000, 0x0000000081380000, 0x0000000081380000)
  from space 2496K,  93% used [0x00000000815f0000, 0x0000000081838bb0, 0x0000000081860000)
  to   space 2496K,   0% used [0x0000000081380000, 0x0000000081380000, 0x00000000815f0000)
 tenured generation   total 49804K, used 29880K [0x0000000095550000, 0x00000000985f3000, 0x00000000c0000000)
   the space 49804K,  59% used [0x0000000095550000, 0x000000009727e110, 0x000000009727e200, 0x00000000985f3000)
 compacting perm gen  total 64448K, used 64208K [0x00000000c0000000, 0x00000000c3ef0000, 0x0000000100000000)
   the space 64448K,  99% used [0x00000000c0000000, 0x00000000c3eb4370, 0x00000000c3eb4400, 0x00000000c3ef0000)
No shared spaces configured.
Event: 607.618 GC heap after
Heap after GC invocations=55 (full 7):
 def new generation   total 22464K, used 2035K [0x0000000080000000, 0x0000000081860000, 0x0000000095550000)
  eden space 19968K,   0% used [0x0000000080000000, 0x0000000080000000, 0x0000000081380000)
  from space 2496K,  81% used [0x0000000081380000, 0x000000008157cfe8, 0x00000000815f0000)
  to   space 2496K,   0% used [0x00000000815f0000, 0x00000000815f0000, 0x0000000081860000)
 tenured generation   total 49804K, used 30556K [0x0000000095550000, 0x00000000985f3000, 0x00000000c0000000)
   the space 49804K,  61% used [0x0000000095550000, 0x00000000973273d0, 0x0000000097327400, 0x00000000985f3000)
 compacting perm gen  total 64448K, used 64208K [0x00000000c0000000, 0x00000000c3ef0000, 0x0000000100000000)
   the space 64448K,  99% used [0x00000000c0000000, 0x00000000c3eb4370, 0x00000000c3eb4400, 0x00000000c3ef0000)
No shared spaces configured.
}
Event: 607.669 GC heap before
{Heap before GC invocations=55 (full 7):
 def new generation   total 22464K, used 5286K [0x0000000080000000, 0x0000000081860000, 0x0000000095550000)
  eden space 19968K,  16% used [0x0000000080000000, 0x000000008032c910, 0x0000000081380000)
  from space 2496K,  81% used [0x0000000081380000, 0x000000008157cfe8, 0x00000000815f0000)
  to   space 2496K,   0% used [0x00000000815f0000, 0x00000000815f0000, 0x0000000081860000)
 tenured generation   total 49804K, used 30556K [0x0000000095550000, 0x00000000985f3000, 0x00000000c0000000)
   the space 49804K,  61% used [0x0000000095550000, 0x00000000973273d0, 0x0000000097327400, 0x00000000985f3000)
 compacting perm gen  total 64768K, used 64767K [0x00000000c0000000, 0x00000000c3f40000, 0x0000000100000000)
   the space 64768K,  99% used [0x00000000c0000000, 0x00000000c3f3ff80, 0x00000000c3f40000, 0x00000000c3f40000)
No shared spaces configured.
Event: 607.918 GC heap after
Heap after GC invocations=56 (full 8):
 def new generation   total 22464K, used 0K [0x0000000080000000, 0x0000000081860000, 0x0000000095550000)
  eden space 19968K,   0% used [0x0000000080000000, 0x0000000080000000, 0x0000000081380000)
  from space 2496K,   0% used [0x0000000081380000, 0x0000000081380000, 0x00000000815f0000)
  to   space 2496K,   0% used [0x00000000815f0000, 0x00000000815f0000, 0x0000000081860000)
 tenured generation   total 49804K, used 29092K [0x0000000095550000, 0x00000000985f3000, 0x00000000c0000000)
   the space 49804K,  58% used [0x0000000095550000, 0x00000000971b9130, 0x00000000971b9200, 0x00000000985f3000)
 compacting perm gen  total 64768K, used 64717K [0x00000000c0000000, 0x00000000c3f40000, 0x0000000100000000)
   the space 64768K,  99% used [0x00000000c0000000, 0x00000000c3f33538, 0x00000000c3f33600, 0x00000000c3f40000)
No shared spaces configured.
}
Event: 608.154 GC heap before
{Heap before GC invocations=56 (full 8):
 def new generation   total 22464K, used 19968K [0x0000000080000000, 0x0000000081860000, 0x0000000095550000)
  eden space 19968K, 100% used [0x0000000080000000, 0x0000000081380000, 0x0000000081380000)
  from space 2496K,   0% used [0x0000000081380000, 0x0000000081380000, 0x00000000815f0000)
  to   space 2496K,   0% used [0x00000000815f0000, 0x00000000815f0000, 0x0000000081860000)
 tenured generation   total 49804K, used 29092K [0x0000000095550000, 0x00000000985f3000, 0x00000000c0000000)
   the space 49804K,  58% used [0x0000000095550000, 0x00000000971b9130, 0x00000000971b9200, 0x00000000985f3000)
 compacting perm gen  total 66048K, used 65754K [0x00000000c0000000, 0x00000000c4080000, 0x0000000100000000)
   the space 66048K,  99% used [0x00000000c0000000, 0x00000000c4036980, 0x00000000c4036a00, 0x00000000c4080000)
No shared spaces configured.
Event: 608.160 GC heap after
Heap after GC invocations=57 (full 8):
 def new generation   total 22464K, used 1225K [0x0000000080000000, 0x0000000081860000, 0x0000000095550000)
  eden space 19968K,   0% used [0x0000000080000000, 0x0000000080000000, 0x0000000081380000)
  from space 2496K,  49% used [0x00000000815f0000, 0x0000000081722598, 0x0000000081860000)
  to   space 2496K,   0% used [0x0000000081380000, 0x0000000081380000, 0x00000000815f0000)
 tenured generation   total 49804K, used 29092K [0x0000000095550000, 0x00000000985f3000, 0x00000000c0000000)
   the space 49804K,  58% used [0x0000000095550000, 0x00000000971b9130, 0x00000000971b9200, 0x00000000985f3000)
 compacting perm gen  total 66048K, used 65754K [0x00000000c0000000, 0x00000000c4080000, 0x0000000100000000)
   the space 66048K,  99% used [0x00000000c0000000, 0x00000000c4036980, 0x00000000c4036a00, 0x00000000c4080000)
No shared spaces configured.
}
Event: 608.506 GC heap before
{Heap before GC invocations=57 (full 8):
 def new generation   total 22464K, used 21193K [0x0000000080000000, 0x0000000081860000, 0x0000000095550000)
  eden space 19968K, 100% used [0x0000000080000000, 0x0000000081380000, 0x0000000081380000)
  from space 2496K,  49% used [0x00000000815f0000, 0x0000000081722598, 0x0000000081860000)
  to   space 2496K,   0% used [0x0000000081380000, 0x0000000081380000, 0x00000000815f0000)
 tenured generation   total 49804K, used 29092K [0x0000000095550000, 0x00000000985f3000, 0x00000000c0000000)
   the space 49804K,  58% used [0x0000000095550000, 0x00000000971b9130, 0x00000000971b9200, 0x00000000985f3000)
 compacting perm gen  total 66368K, used 66262K [0x00000000c0000000, 0x00000000c40d0000, 0x0000000100000000)
   the space 66368K,  99% used [0x00000000c0000000, 0x00000000c40b5ad0, 0x00000000c40b5c00, 0x00000000c40d0000)
No shared spaces configured.
Event: 608.514 GC heap after
Heap after GC invocations=58 (full 8):
 def new generation   total 22464K, used 1506K [0x0000000080000000, 0x0000000081860000, 0x0000000095550000)
  eden space 19968K,   0% used [0x0000000080000000, 0x0000000080000000, 0x0000000081380000)
  from space 2496K,  60% used [0x0000000081380000, 0x00000000814f8bd8, 0x00000000815f0000)
  to   space 2496K,   0% used [0x00000000815f0000, 0x00000000815f0000, 0x0000000081860000)
 tenured generation   total 49804K, used 29092K [0x0000000095550000, 0x00000000985f3000, 0x00000000c0000000)
   the space 49804K,  58% used [0x0000000095550000, 0x00000000971b9130, 0x00000000971b9200, 0x00000000985f3000)
 compacting perm gen  total 66368K, used 66262K [0x00000000c0000000, 0x00000000c40d0000, 0x0000000100000000)
   the space 66368K,  99% used [0x00000000c0000000, 0x00000000c40b5ad0, 0x00000000c40b5c00, 0x00000000c40d0000)
No shared spaces configured.
}
Event: 609.067 GC heap before
{Heap before GC invocations=58 (full 8):
 def new generation   total 22464K, used 21474K [0x0000000080000000, 0x0000000081860000, 0x0000000095550000)
  eden space 19968K, 100% used [0x0000000080000000, 0x0000000081380000, 0x0000000081380000)
  from space 2496K,  60% used [0x0000000081380000, 0x00000000814f8bd8, 0x00000000815f0000)
  to   space 2496K,   0% used [0x00000000815f0000, 0x00000000815f0000, 0x0000000081860000)
 tenured generation   total 49804K, used 29092K [0x0000000095550000, 0x00000000985f3000, 0x00000000c0000000)
   the space 49804K,  58% used [0x0000000095550000, 0x00000000971b9130, 0x00000000971b9200, 0x00000000985f3000)
 compacting perm gen  total 66368K, used 66335K [0x00000000c0000000, 0x00000000c40d0000, 0x0000000100000000)
   the space 66368K,  99% used [0x00000000c0000000, 0x00000000c40c7df8, 0x00000000c40c7e00, 0x00000000c40d0000)
No shared spaces configured.
Event: 609.080 GC heap after
Heap after GC invocations=59 (full 8):
 def new generation   total 22464K, used 1142K [0x0000000080000000, 0x0000000081860000, 0x0000000095550000)
  eden space 19968K,   0% used [0x0000000080000000, 0x0000000080000000, 0x0000000081380000)
  from space 2496K,  45% used [0x00000000815f0000, 0x000000008170db78, 0x0000000081860000)
  to   space 2496K,   0% used [0x0000000081380000, 0x0000000081380000, 0x00000000815f0000)
 tenured generation   total 49804K, used 29644K [0x0000000095550000, 0x00000000985f3000, 0x00000000c0000000)
   the space 49804K,  59% used [0x0000000095550000, 0x00000000972433c0, 0x0000000097243400, 0x00000000985f3000)
 compacting perm gen  total 66368K, used 66335K [0x00000000c0000000, 0x00000000c40d0000, 0x0000000100000000)
   the space 66368K,  99% used [0x00000000c0000000, 0x00000000c40c7df8, 0x00000000c40c7e00, 0x00000000c40d0000)
No shared spaces configured.
}

Deoptimization events (10 events):
Event: 607.981 Thread 0x00007f57190c2000 Uncommon trap -34 fr.pc 0x00007f57153aecd0
Event: 608.018 Thread 0x00007f57190c2000 Uncommon trap -34 fr.pc 0x00007f57153aecd0
Event: 608.018 Thread 0x00007f57190c2000 Uncommon trap -34 fr.pc 0x00007f57153aecd0
Event: 608.213 Thread 0x00007f57190c2000 Uncommon trap -34 fr.pc 0x00007f5715451848
Event: 608.238 Thread 0x00007f57190c2000 Uncommon trap -34 fr.pc 0x00007f5715451848
Event: 608.242 Thread 0x00007f57190c2000 Uncommon trap -34 fr.pc 0x00007f5715451848
Event: 608.673 Thread 0x00007f57190c2000 Uncommon trap -34 fr.pc 0x00007f5715451848
Event: 608.709 Thread 0x00007f57190c2000 Uncommon trap -83 fr.pc 0x00007f5715416a04
Event: 609.600 Thread 0x00007f57190c2000 Uncommon trap -34 fr.pc 0x00007f571518ac24
Event: 609.604 Thread 0x00007f57190c2000 Uncommon trap -34 fr.pc 0x00007f57152f6a38

Internal exceptions (10 events):
Event: 609.588 Thread 0x00007f57190c2000 Threw 0x0000000080f30480 at /HUDSON/workspace/jdk7u25-2-build-linux-amd64-product/jdk7u25/hotspot/src/share/vm/prims/jvm.cpp:1235
Event: 609.588 Thread 0x00007f57190c2000 Threw 0x0000000080f30af0 at /HUDSON/workspace/jdk7u25-2-build-linux-amd64-product/jdk7u25/hotspot/src/share/vm/prims/jvm.cpp:1235
Event: 609.589 Thread 0x00007f57190c2000 Threw 0x0000000080f395b0 at /HUDSON/workspace/jdk7u25-2-build-linux-amd64-product/jdk7u25/hotspot/src/share/vm/prims/jvm.cpp:1235
Event: 609.601 Thread 0x00007f57190c2000 Threw 0x0000000080f65ed8 at /HUDSON/workspace/jdk7u25-2-build-linux-amd64-product/jdk7u25/hotspot/src/share/vm/prims/jvm.cpp:1235
Event: 609.602 Thread 0x00007f57190c2000 Threw 0x0000000080f86180 at /HUDSON/workspace/jdk7u25-2-build-linux-amd64-product/jdk7u25/hotspot/src/share/vm/prims/jvm.cpp:1235
Event: 609.603 Thread 0x00007f57190c2000 Threw 0x0000000080f96448 at /HUDSON/workspace/jdk7u25-2-build-linux-amd64-product/jdk7u25/hotspot/src/share/vm/prims/jvm.cpp:1235
Event: 620.699 Thread 0x00007f57189be800 Threw 0x0000000081118118 at /HUDSON/workspace/jdk7u25-2-build-linux-amd64-product/jdk7u25/hotspot/src/share/vm/prims/jvm.cpp:1235
Event: 620.700 Thread 0x00007f57189be800 Threw 0x00000000811283e0 at /HUDSON/workspace/jdk7u25-2-build-linux-amd64-product/jdk7u25/hotspot/src/share/vm/prims/jvm.cpp:1235
Event: 620.705 Thread 0x00007f57189be800 Threw 0x000000008116ff58 at /HUDSON/workspace/jdk7u25-2-build-linux-amd64-product/jdk7u25/hotspot/src/share/vm/prims/jvm.cpp:1235
Event: 620.705 Thread 0x00007f57189be800 Threw 0x0000000081180220 at /HUDSON/workspace/jdk7u25-2-build-linux-amd64-product/jdk7u25/hotspot/src/share/vm/prims/jvm.cpp:1235

Events (10 events):
Event: 620.684 Executing VM operation: RevokeBias
Event: 620.684 Executing VM operation: RevokeBias done
Event: 620.684 Executing VM operation: RevokeBias
Event: 620.684 Executing VM operation: RevokeBias done
Event: 620.685 Executing VM operation: RevokeBias
Event: 620.686 Executing VM operation: RevokeBias done
Event: 620.689 Executing VM operation: RevokeBias
Event: 620.689 Executing VM operation: RevokeBias done
Event: 620.698 Executing VM operation: RevokeBias
Event: 620.698 Executing VM operation: RevokeBias done


Dynamic libraries:
00400000-00401000 r-xp 00000000 08:01 3411560                            /usr/lib/jvm/java-7-oracle/bin/java
00600000-00601000 rw-p 00000000 08:01 3411560                            /usr/lib/jvm/java-7-oracle/bin/java
01700000-01e0f000 rw-p 00000000 00:00 0                                  [heap]
80000000-81860000 rw-p 00000000 00:00 0 
81860000-95550000 rw-p 00000000 00:00 0 
95550000-985f3000 rw-p 00000000 00:00 0 
985f3000-c0000000 rw-p 00000000 00:00 0 
c0000000-c4120000 rw-p 00000000 00:00 0 
c4120000-100000000 rw-p 00000000 00:00 0 
7f56e8000000-7f56e9225000 rw-p 00000000 00:00 0 
7f56e9225000-7f56ec000000 ---p 00000000 00:00 0 
7f56f0000000-7f56f175e000 rw-p 00000000 00:00 0 
7f56f175e000-7f56f4000000 ---p 00000000 00:00 0 
7f56f8000000-7f56fbfe8000 rw-p 00000000 00:00 0 
7f56fbfe8000-7f56fc000000 ---p 00000000 00:00 0 
7f56fc000000-7f56fc025000 rw-p 00000000 00:00 0 
7f56fc025000-7f5700000000 ---p 00000000 00:00 0 
7f5700000000-7f5700042000 rw-p 00000000 00:00 0 
7f5700042000-7f5704000000 ---p 00000000 00:00 0 
7f5704000000-7f5707ffa000 rw-p 00000000 00:00 0 
7f5707ffa000-7f5708000000 ---p 00000000 00:00 0 
7f5708000000-7f5708021000 rw-p 00000000 00:00 0 
7f5708021000-7f570c000000 ---p 00000000 00:00 0 
7f570c000000-7f570c021000 rw-p 00000000 00:00 0 
7f570c021000-7f5710000000 ---p 00000000 00:00 0 
7f5710000000-7f57100f0000 rw-p 00000000 00:00 0 
7f57100f0000-7f5714000000 ---p 00000000 00:00 0 
7f5714dfe000-7f5714e01000 ---p 00000000 00:00 0 
7f5714e01000-7f5714eff000 rw-p 00000000 00:00 0                          [stack:9975]
7f5714eff000-7f5714f02000 ---p 00000000 00:00 0 
7f5714f02000-7f5715000000 rw-p 00000000 00:00 0                          [stack:9976]
7f5715000000-7f57154e0000 rwxp 00000000 00:00 0 
7f57154e0000-7f5719495000 rw-p 00000000 00:00 0 
7f5719495000-7f571c000000 ---p 00000000 00:00 0 
7f571c03e000-7f571c041000 r--s 00009000 08:01 1317127                    /tmp/Jetty_0_0_0_0_8080_webapp__sip__.s0kjx8/lib/Jetty-7334333967571463070.jar
7f571c041000-7f571c043000 r--s 0000b000 08:01 1317126                    /tmp/Jetty_0_0_0_0_8080_webapp__sip__.s0kjx8/lib/Jetty-3907143627181243380.jar
7f571c043000-7f571c04c000 r--s 00059000 08:01 1317125                    /tmp/Jetty_0_0_0_0_8080_webapp__sip__.s0kjx8/lib/Jetty-5693248732556823297.jar
7f571c04c000-7f571c058000 r--s 0007a000 08:01 1317124                    /tmp/Jetty_0_0_0_0_8080_webapp__sip__.s0kjx8/lib/Jetty-5384684292056830238.jar
7f571c058000-7f571c05b000 r--s 00012000 08:01 1317123                    /tmp/Jetty_0_0_0_0_8080_webapp__sip__.s0kjx8/lib/Jetty-6329102341580712782.jar
7f571c05b000-7f571c05c000 r--s 0000c000 08:01 1317122                    /tmp/Jetty_0_0_0_0_8080_webapp__sip__.s0kjx8/lib/Jetty-3517430410531115712.jar
7f571c05c000-7f571c05d000 r--s 00002000 08:01 1317121                    /tmp/Jetty_0_0_0_0_8080_webapp__sip__.s0kjx8/lib/Jetty-2735369179459672730.jar
7f571c05d000-7f571c067000 r--s 00064000 08:01 1317120                    /tmp/Jetty_0_0_0_0_8080_webapp__sip__.s0kjx8/lib/Jetty-8409792785080852282.jar
7f571c067000-7f571c073000 r--s 00085000 08:01 1317119                    /tmp/Jetty_0_0_0_0_8080_webapp__sip__.s0kjx8/lib/Jetty-6173460319446124004.jar
7f571c073000-7f571c07c000 r--s 00051000 08:01 1317118                    /tmp/Jetty_0_0_0_0_8080_webapp__sip__.s0kjx8/lib/Jetty-93552561227139490.jar
7f571c07c000-7f571c07e000 r--s 00014000 08:01 1317117                    /tmp/Jetty_0_0_0_0_8080_webapp__sip__.s0kjx8/lib/Jetty-1585250974264307048.jar
7f571c07e000-7f571c081000 r--s 00018000 08:01 1317116                    /tmp/Jetty_0_0_0_0_8080_webapp__sip__.s0kjx8/lib/Jetty-3660504534707152331.jar
7f571c081000-7f571c082000 r--s 00000000 08:01 1317115                    /tmp/Jetty_0_0_0_0_8080_webapp__sip__.s0kjx8/lib/Jetty-8147491174749683134.jar
7f571c082000-7f571c086000 r--s 0003d000 08:01 1317114                    /tmp/Jetty_0_0_0_0_8080_webapp__sip__.s0kjx8/lib/Jetty-4589699194827859076.jar
7f571c086000-7f571c088000 r--s 00005000 08:01 1317113                    /tmp/Jetty_0_0_0_0_8080_webapp__sip__.s0kjx8/lib/Jetty-8896377888853293647.jar
7f571c088000-7f571c091000 r--s 00049000 08:01 1317112                    /tmp/Jetty_0_0_0_0_8080_webapp__sip__.s0kjx8/lib/Jetty-2452867276933995625.jar
7f571c091000-7f571c09a000 r--s 0005e000 08:01 1317111                    /tmp/Jetty_0_0_0_0_8080_webapp__sip__.s0kjx8/lib/Jetty-593283314634431940.jar
7f571c09a000-7f571c09c000 r--s 00000000 08:01 1317110                    /tmp/Jetty_0_0_0_0_8080_webapp__sip__.s0kjx8/lib/Jetty-246603660876756131.jar
7f571c09c000-7f571c0a5000 r--s 0006d000 08:01 1317109                    /tmp/Jetty_0_0_0_0_8080_webapp__sip__.s0kjx8/lib/Jetty-3970521917721453850.jar
7f571c0a5000-7f571c0ba000 r--s 000b7000 08:01 1317106                    /tmp/Jetty_0_0_0_0_8080_webapp__sip__.s0kjx8/lib/Jetty-8756575153010778611.jar
7f571c0ba000-7f571c0c0000 r--s 00048000 08:01 1317105                    /tmp/Jetty_0_0_0_0_8080_webapp__sip__.s0kjx8/lib/Jetty-2264470977471562823.jar
7f571c0c0000-7f571c0cb000 r--s 00082000 08:01 1317104                    /tmp/Jetty_0_0_0_0_8080_webapp__sip__.s0kjx8/lib/Jetty-426430605963579766.jar
7f571c0cb000-7f571c0d1000 r--s 00028000 08:01 1317103                    /tmp/Jetty_0_0_0_0_8080_webapp__sip__.s0kjx8/lib/Jetty-6408342146357792879.jar
7f571c0d1000-7f571c0d5000 r--s 00027000 08:01 1317102                    /tmp/Jetty_0_0_0_0_8080_webapp__sip__.s0kjx8/lib/Jetty-6090913662943124631.jar
7f571c0d5000-7f571c0df000 r--s 00371000 08:01 3279587                    /usr/lib/jvm/java-7-oracle/jre/lib/charsets.jar
7f571c0df000-7f571c0e2000 ---p 00000000 00:00 0 
7f571c0e2000-7f571c1e0000 rw-p 00000000 00:00 0                          [stack:9738]
7f571c1e0000-7f571c1e3000 ---p 00000000 00:00 0 
7f571c1e3000-7f571c2e1000 rw-p 00000000 00:00 0                          [stack:9737]
7f571c2e1000-7f571c2e4000 ---p 00000000 00:00 0 
7f571c2e4000-7f571c3e2000 rw-p 00000000 00:00 0                          [stack:9736]
7f571c3e2000-7f571c3e5000 ---p 00000000 00:00 0 
7f571c3e5000-7f571c4e3000 rw-p 00000000 00:00 0                          [stack:9973]
7f571c4e3000-7f571c4e6000 ---p 00000000 00:00 0 
7f571c4e6000-7f571c5e4000 rw-p 00000000 00:00 0                          [stack:9974]
7f571c5e4000-7f571c5ed000 r--s 0006d000 08:01 5246247                    /home/ian/.m2/repository/log4j/log4j/1.2.16/log4j-1.2.16.jar
7f571c5ed000-7f571c5ee000 r--s 00002000 08:01 5246246                    /home/ian/.m2/repository/org/slf4j/slf4j-log4j12/1.6.4/slf4j-log4j12-1.6.4.jar
7f571c5ee000-7f571c5f0000 r--s 00005000 08:01 5246245                    /home/ian/.m2/repository/org/slf4j/slf4j-api/1.6.4/slf4j-api-1.6.4.jar
7f571c5f0000-7f571c5f3000 r--s 00009000 08:01 5246244                    /home/ian/.m2/repository/javax/validation/validation-api/1.0.0.GA/validation-api-1.0.0.GA.jar
7f571c5f3000-7f571c5fc000 r--s 00051000 08:01 5246036                    /home/ian/.m2/repository/org/hibernate/hibernate-validator/4.2.0.Final/hibernate-validator-4.2.0.Final.jar
7f571c5fc000-7f571c600000 r--s 00027000 08:01 5246235                    /home/ian/.m2/repository/org/springframework/org.springframework.expression/3.1.2.RELEASE/org.springframework.expression-3.1.2.RELEASE.jar
7f571c600000-7f571c609000 r--s 00049000 08:01 5246233                    /home/ian/.m2/repository/org/springframework/org.springframework.aop/3.1.2.RELEASE/org.springframework.aop-3.1.2.RELEASE.jar
7f571c609000-7f571c61e000 r--s 000b7000 08:01 5246232                    /home/ian/.m2/repository/org/springframework/org.springframework.context/3.1.2.RELEASE/org.springframework.context-3.1.2.RELEASE.jar
7f571c61e000-7f571c61f000 r--s 0000c000 08:01 5246231                    /home/ian/.m2/repository/org/springframework/org.springframework.asm/3.1.2.RELEASE/org.springframework.asm-3.1.2.RELEASE.jar
7f571c61f000-7f571c62b000 r--s 00085000 08:01 5246230                    /home/ian/.m2/repository/org/springframework/org.springframework.beans/3.1.2.RELEASE/org.springframework.beans-3.1.2.RELEASE.jar
7f571c62b000-7f571c62d000 r--s 0000b000 08:01 5246229                    /home/ian/.m2/repository/org/springframework/org.springframework.aspects/3.1.2.RELEASE/org.springframework.aspects-3.1.2.RELEASE.jar
7f571c62d000-7f571c637000 r--s 00064000 08:01 5246228                    /home/ian/.m2/repository/org/springframework/org.springframework.core/3.1.2.RELEASE/org.springframework.core-3.1.2.RELEASE.jar
7f571c637000-7f571c63d000 r--s 00048000 08:01 5246023                    /home/ian/.m2/repository/org/apache/commons/commons-lang3/3.1/commons-lang3-3.1.jar
7f571c63d000-7f571c641000 r--s 0003d000 08:01 5246256                    /home/ian/.m2/repository/org/apache/commons/com.springsource.org.apache.commons.lang/2.4.0/com.springsource.org.apache.commons.lang-2.4.0.jar
7f571c641000-7f571c643000 r--s 0000e000 08:01 5246255                    /home/ian/.m2/repository/org/apache/commons/com.springsource.org.apache.commons.logging/1.1.1/com.springsource.org.apache.commons.logging-1.1.1.jar
7f571c643000-7f571c644000 r--s 00000000 08:01 5246254                    /home/ian/.m2/repository/javax/inject/com.springsource.javax.inject/1.0.0/com.springsource.javax.inject-1.0.0.jar
7f571c644000-7f571c649000 r--s 0002e000 08:01 5246938                    /home/ian/.m2/repository/net/sourceforge/ehcache/com.springsource.net.sf.ehcache/1.6.2/com.springsource.net.sf.ehcache-1.6.2.jar
7f571c649000-7f571c650000 r--s 00033000 08:01 5636192                    /home/ian/.m2/repository/org/springframework/security/org.springframework.security.web/3.0.3.RELEASE/org.springframework.security.web-3.0.3.RELEASE.jar
7f571c650000-7f571c651000 r--s 00004000 08:01 5636191                    /home/ian/.m2/repository/org/springframework/security/org.springframework.security.taglibs/3.0.3.RELEASE/org.springframework.security.taglibs-3.0.3.RELEASE.jar
7f571c651000-7f571c653000 r--s 00000000 08:01 5246259                    /home/ian/.m2/repository/org/aopalliance/com.springsource.org.aopalliance/1.0.0/com.springsource.org.aopalliance-1.0.0.jar
7f571c653000-7f571c65d000 r--s 00042000 08:01 5636190                    /home/ian/.m2/repository/org/springframework/security/org.springframework.security.core/3.0.3.RELEASE/org.springframework.security.core-3.0.3.RELEASE.jar
7f571c65d000-7f571c65f000 r--s 00028000 08:01 5510986                    /home/ian/.m2/repository/org/springframework/security/org.springframework.security.config/3.0.3.RELEASE/org.springframework.security.config-3.0.3.RELEASE.jar
7f571c65f000-7f571c662000 r--s 00011000 08:01 5636925                    /home/ian/.m2/repository/org/springframework/security/org.springframework.security.acls/3.0.3.RELEASE/org.springframework.security.acls-3.0.3.RELEASE.jar
7f571c662000-7f571c668000 r--s 00028000 08:01 5373960                    /home/ian/.m2/repository/com/opensymphony/sitemesh/com.springsource.com.opensymphony.sitemesh/2.4.1/com.springsource.com.opensymphony.sitemesh-2.4.1.jar
7f571c668000-7f571c66b000 r--s 00018000 08:01 5246629                    /home/ian/.m2/repository/org/springframework/org.springframework.context.support/3.1.2.RELEASE/org.springframework.context.support-3.1.2.RELEASE.jar
7f571c66b000-7f571c676000 r--s 00082000 08:01 5246628                    /home/ian/.m2/repository/org/springframework/org.springframework.web.servlet/3.1.2.RELEASE/org.springframework.web.servlet-3.1.2.RELEASE.jar
7f571c676000-7f571c682000 r--s 0007a000 08:01 5246627                    /home/ian/.m2/repository/org/springframework/org.springframework.web/3.1.2.RELEASE/org.springframework.web-3.1.2.RELEASE.jar
7f571c682000-7f571c68b000 r--s 00059000 08:01 5246576                    /home/ian/.m2/repository/org/apache/taglibs/com.springsource.org.apache.taglibs.standard/1.1.2/com.springsource.org.apache.taglibs.standard-1.1.2.jar
7f571c68b000-7f571c694000 r--s 0005e000 08:01 5246575                    /home/ian/.m2/repository/javax/servlet/com.springsource.javax.servlet.jsp.jstl/1.2.0/com.springsource.javax.servlet.jsp.jstl-1.2.0.jar
7f571c694000-7f571c697000 r--s 00012000 08:01 5246574                    /home/ian/.m2/repository/javax/servlet/com.springsource.javax.servlet.jsp/2.1.0/com.springsource.javax.servlet.jsp-2.1.0.jar
7f571c697000-7f571c699000 r--s 00014000 08:01 5246291                    /home/ian/.m2/repository/javax/servlet/com.springsource.javax.servlet/2.5.0/com.springsource.javax.servlet-2.5.0.jar
7f571c699000-7f571c6a2000 r--s 00095000 08:01 5246434                    /home/ian/.m2/repository/javassist/javassist/3.12.1.GA/javassist-3.12.1.GA.jar
7f571c6a2000-7f571c6a8000 r--s 0004a000 08:01 5246431                    /home/ian/.m2/repository/cglib/cglib-nodep/2.2.2/cglib-nodep-2.2.2.jar
7f571c6a8000-7f571c6aa000 r--s 0000e000 08:01 5246420                    /home/ian/.m2/repository/org/apache/commons/com.springsource.org.apache.commons.pool/1.3.0/com.springsource.org.apache.commons.pool-1.3.0.jar
7f571c6aa000-7f571c6ac000 r--s 0001c000 08:01 5246418                    /home/ian/.m2/repository/org/apache/commons/com.springsource.org.apache.commons.dbcp/1.2.2.osgi/com.springsource.org.apache.commons.dbcp-1.2.2.osgi.jar
7f571c6ac000-7f571c6b2000 r--s 000a7000 08:01 5246417                    /home/ian/.m2/repository/com/mysql/jdbc/com.springsource.com.mysql.jdbc/5.1.6/com.springsource.com.mysql.jdbc-5.1.6.jar
7f571c6b2000-7f571c6b7000 r--s 00015000 08:01 5246425                    /home/ian/.m2/repository/org/hibernate/javax/persistence/hibernate-jpa-2.0-api/1.0.1.Final/hibernate-jpa-2.0-api-1.0.1.Final.jar
7f571c6b7000-7f571c6ba000 r--s 0000f000 08:01 5246424                    /home/ian/.m2/repository/org/hibernate/hibernate-commons-annotations/3.2.0.Final/hibernate-commons-annotations-3.2.0.Final.jar
7f571c6ba000-7f571c6bf000 r--s 00048000 08:01 5246423                    /home/ian/.m2/repository/dom4j/dom4j/1.6.1/dom4j-1.6.1.jar
7f571c6bf000-7f571c6cc000 r--s 0007c000 08:01 5246422                    /home/ian/.m2/repository/commons-collections/commons-collections/3.1/commons-collections-3.1.jar
7f571c6cc000-7f571c6d2000 r--s 00067000 08:01 5246421                    /home/ian/.m2/repository/antlr/antlr/2.7.6/antlr-2.7.6.jar
7f571c6d2000-7f571c704000 r--s 002c8000 08:01 5246416                    /home/ian/.m2/repository/org/hibernate/hibernate-core/3.6.8.Final/hibernate-core-3.6.8.Final.jar
7f571c704000-7f571c70b000 r--s 00035000 08:01 5246406                    /home/ian/.m2/repository/org/springframework/org.springframework.transaction/3.1.2.RELEASE/org.springframework.transaction-3.1.2.RELEASE.jar
7f571c70b000-7f571c715000 r--s 00059000 08:01 5246405                    /home/ian/.m2/repository/org/springframework/org.springframework.jdbc/3.1.2.RELEASE/org.springframework.jdbc-3.1.2.RELEASE.jar
7f571c715000-7f571c71e000 r--s 00054000 08:01 5246404                    /home/ian/.m2/repository/org/springframework/org.springframework.orm/3.1.2.RELEASE/org.springframework.orm-3.1.2.RELEASE.jar
7f571c71e000-7f571c71f000 r--s 00003000 08:01 5246415                    /home/ian/.m2/repository/javax/transaction/jta/1.1/jta-1.1.jar
7f571c71f000-7f571c724000 r--s 0001c000 08:01 5246402                    /home/ian/.m2/repository/javax/persistence/com.springsource.javax.persistence/2.0.0/com.springsource.javax.persistence-2.0.0.jar
7f571c724000-7f571c725000 r--s 00001000 08:01 5376402                    /home/ian/.m2/repository/com/springinpractice/com.springinpractice.api/1.0-RELEASE/com.springinpractice.api-1.0-RELEASE.jar
7f571c725000-7f571c728000 r--s 00009000 08:01 1317099                    /tmp/Jetty_0_0_0_0_8080_webapp__sip__.s0kjx8/lib/Jetty-1889072233186411737.jar (deleted)
7f571c728000-7f571c72a000 r--s 0000b000 08:01 1317098                    /tmp/Jetty_0_0_0_0_8080_webapp__sip__.s0kjx8/lib/Jetty-4852100048872531390.jar (deleted)
7f571c72a000-7f571c733000 r--s 00059000 08:01 1317097                    /tmp/Jetty_0_0_0_0_8080_webapp__sip__.s0kjx8/lib/Jetty-8663257313296669166.jar (deleted)
7f571c733000-7f571c73f000 r--s 0007a000 08:01 1317096                    /tmp/Jetty_0_0_0_0_8080_webapp__sip__.s0kjx8/lib/Jetty-6550698063694205773.jar (deleted)
7f571c73f000-7f571c742000 r--s 00012000 08:01 1317095                    /tmp/Jetty_0_0_0_0_8080_webapp__sip__.s0kjx8/lib/Jetty-7065851404043582324.jar (deleted)
7f571c742000-7f571c743000 r--s 0000c000 08:01 1317094                    /tmp/Jetty_0_0_0_0_8080_webapp__sip__.s0kjx8/lib/Jetty-3038275627731486307.jar (deleted)
7f571c743000-7f571c744000 r--s 00002000 08:01 1317093                    /tmp/Jetty_0_0_0_0_8080_webapp__sip__.s0kjx8/lib/Jetty-4500181198921392814.jar (deleted)
7f571c744000-7f571c74e000 r--s 00064000 08:01 1317092                    /tmp/Jetty_0_0_0_0_8080_webapp__sip__.s0kjx8/lib/Jetty-672477468009576940.jar (deleted)
7f571c74e000-7f571c75a000 r--s 00085000 08:01 1317091                    /tmp/Jetty_0_0_0_0_8080_webapp__sip__.s0kjx8/lib/Jetty-9001662586922576534.jar (deleted)
7f571c75a000-7f571c763000 r--s 00051000 08:01 1317090                    /tmp/Jetty_0_0_0_0_8080_webapp__sip__.s0kjx8/lib/Jetty-8308569523309843884.jar (deleted)
7f571c763000-7f571c765000 r--s 00014000 08:01 1317089                    /tmp/Jetty_0_0_0_0_8080_webapp__sip__.s0kjx8/lib/Jetty-1827983306146538223.jar (deleted)
7f571c765000-7f571c768000 r--s 00018000 08:01 1317088                    /tmp/Jetty_0_0_0_0_8080_webapp__sip__.s0kjx8/lib/Jetty-7217456291153645843.jar (deleted)
7f571c768000-7f571c769000 r--s 00000000 08:01 1317087                    /tmp/Jetty_0_0_0_0_8080_webapp__sip__.s0kjx8/lib/Jetty-3614815636151573956.jar (deleted)
7f571c769000-7f571c76d000 r--s 0003d000 08:01 1317086                    /tmp/Jetty_0_0_0_0_8080_webapp__sip__.s0kjx8/lib/Jetty-3142771485031197927.jar (deleted)
7f571c76d000-7f571c76f000 r--s 00005000 08:01 1317085                    /tmp/Jetty_0_0_0_0_8080_webapp__sip__.s0kjx8/lib/Jetty-6209563293500816563.jar (deleted)
7f571c76f000-7f571c778000 r--s 00049000 08:01 1317084                    /tmp/Jetty_0_0_0_0_8080_webapp__sip__.s0kjx8/lib/Jetty-1805567418660317071.jar (deleted)
7f571c778000-7f571c781000 r--s 0005e000 08:01 1317083                    /tmp/Jetty_0_0_0_0_8080_webapp__sip__.s0kjx8/lib/Jetty-989824953831612810.jar (deleted)
7f571c781000-7f571c783000 r--s 00000000 08:01 1317082                    /tmp/Jetty_0_0_0_0_8080_webapp__sip__.s0kjx8/lib/Jetty-1718705518620255876.jar (deleted)
7f571c783000-7f571c78c000 r--s 0006d000 08:01 1317081                    /tmp/Jetty_0_0_0_0_8080_webapp__sip__.s0kjx8/lib/Jetty-3555542937954787124.jar (deleted)
7f571c78c000-7f571c78e000 r--s 0000e000 08:01 1317080                    /tmp/Jetty_0_0_0_0_8080_webapp__sip__.s0kjx8/lib/Jetty-1976769630230555521.jar (deleted)
7f571c78e000-7f571c7a3000 r--s 000b7000 08:01 1317079                    /tmp/Jetty_0_0_0_0_8080_webapp__sip__.s0kjx8/lib/Jetty-7605526323056405855.jar (deleted)
7f571c7a3000-7f571c7a9000 r--s 00048000 08:01 1317078                    /tmp/Jetty_0_0_0_0_8080_webapp__sip__.s0kjx8/lib/Jetty-2115277101065375644.jar (deleted)
7f571c7a9000-7f571c7b4000 r--s 00082000 08:01 1317077                    /tmp/Jetty_0_0_0_0_8080_webapp__sip__.s0kjx8/lib/Jetty-4403077392475470165.jar (deleted)
7f571c7b4000-7f571c7ba000 r--s 00028000 08:01 1317076                    /tmp/Jetty_0_0_0_0_8080_webapp__sip__.s0kjx8/lib/Jetty-949074142114303707.jar (deleted)
7f571c7ba000-7f571c7be000 r--s 00027000 08:01 1317075                    /tmp/Jetty_0_0_0_0_8080_webapp__sip__.s0kjx8/lib/Jetty-1433131602938748572.jar (deleted)
7f571c7be000-7f571c7c1000 r--s 0059d000 08:01 5376506                    /home/ian/.m2/repository/com/springinpractice/com.springinpractice.skin/1.0-RELEASE/com.springinpractice.skin-1.0-RELEASE.war
7f571c7c1000-7f571c7c4000 ---p 00000000 00:00 0 
7f571c7c4000-7f571c8c2000 rw-p 00000000 00:00 0                          [stack:9732]
7f571c8c2000-7f571c8c5000 ---p 00000000 00:00 0 
7f571c8c5000-7f571c9c3000 rw-p 00000000 00:00 0                          [stack:9731]
7f571c9c3000-7f571c9cd000 r--s 00254000 08:01 3279458                    /usr/lib/jvm/java-7-oracle/jre/lib/resources.jar
7f571c9cd000-7f571c9cf000 r--s 00003000 08:01 5377042                    /home/ian/.m2/repository/org/mortbay/jetty/start/6.1.21/start-6.1.21.jar
7f571c9cf000-7f571c9d0000 r--s 00002000 08:01 5377037                    /home/ian/.m2/repository/org/apache/geronimo/specs/geronimo-annotation_1.0_spec/1.0/geronimo-annotation_1.0_spec-1.0.jar
7f571c9d0000-7f571c9d2000 r--s 00002000 08:01 5377035                    /home/ian/.m2/repository/org/mortbay/jetty/jetty-annotations/6.1.21/jetty-annotations-6.1.21.jar
7f571c9d2000-7f571c9e1000 r--s 000ee000 08:01 5377033                    /home/ian/.m2/repository/ant/ant/1.6.5/ant-1.6.5.jar
7f571c9e1000-7f571c9f2000 r--s 000ea000 08:01 5377031                    /home/ian/.m2/repository/org/mortbay/jetty/jsp-2.1-glassfish/9.1.1.B60.25.p2/jsp-2.1-glassfish-9.1.1.B60.25.p2.jar
7f571c9f2000-7f571c9f5000 r--s 0001e000 08:01 5377030                    /home/ian/.m2/repository/org/mortbay/jetty/jsp-api-2.1-glassfish/9.1.1.B60.25.p2/jsp-api-2.1-glassfish-9.1.1.B60.25.p2.jar
7f571c9f5000-7f571ca18000 r--s 00344000 08:01 5377046                    /home/ian/.m2/repository/org/eclipse/jdt/core/3.1.1/core-3.1.1.jar
7f571ca18000-7f571ca1a000 r--s 00000000 08:01 5377028                    /home/ian/.m2/repository/org/mortbay/jetty/jsp-2.1-jetty/6.1.21/jsp-2.1-jetty-6.1.21.jar
7f571ca1a000-7f571ca1c000 r--s 00007000 08:01 5377026                    /home/ian/.m2/repository/org/mortbay/jetty/jetty-management/6.1.21/jetty-management-6.1.21.jar
7f571ca1c000-7f571ca1e000 r--s 0000e000 08:01 5377021                    /home/ian/.m2/repository/javax/activation/activation/1.1/activation-1.1.jar
7f571ca1e000-7f571ca24000 r--s 00059000 08:01 5377022                    /home/ian/.m2/repository/javax/mail/mail/1.4/mail-1.4.jar
7f571ca24000-7f571ca25000 r--s 00006000 08:01 5377023                    /home/ian/.m2/repository/org/mortbay/jetty/jetty-naming/6.1.21/jetty-naming-6.1.21.jar
7f571ca25000-7f571ca27000 r--s 00002000 08:01 5376956                    /home/ian/.m2/repository/geronimo-spec/geronimo-spec-jta/1.0.1B-rc4/geronimo-spec-jta-1.0.1B-rc4.jar
7f571ca27000-7f571ca29000 r--s 0000d000 08:01 5376954                    /home/ian/.m2/repository/org/mortbay/jetty/jetty-plus/6.1.21/jetty-plus-6.1.21.jar
7f571ca29000-7f571ca2b000 r--s 00004000 08:01 5376952                    /home/ian/.m2/repository/org/apache/maven/maven-plugin-tools-api/2.0/maven-plugin-tools-api-2.0.jar
7f571ca2b000-7f571ca2e000 r--s 0001b000 08:01 5376948                    /home/ian/.m2/repository/junit/junit/3.8.2/junit-3.8.2.jar
7f571ca2e000-7f571ca31000 r--s 00027000 08:01 5376947                    /home/ian/.m2/repository/org/codehaus/plexus/plexus-utils/1.1/plexus-utils-1.1.jar
7f571ca31000-7f571ca33000 r--s 0001f000 08:01 5376946                    /home/ian/.m2/repository/org/mortbay/jetty/servlet-api/2.5-20081211/servlet-api-2.5-20081211.jar
7f571ca33000-7f571ca36000 r--s 00028000 08:01 5376949                    /home/ian/.m2/repository/org/mortbay/jetty/jetty-util/6.1.21/jetty-util-6.1.21.jar
7f571ca36000-7f571ca3d000 r--s 0007c000 08:01 5376950                    /home/ian/.m2/repository/org/mortbay/jetty/jetty/6.1.21/jetty-6.1.21.jar
7f571ca3d000-7f571ca3f000 r--s 0000a000 08:01 5376693                    /home/ian/.m2/repository/org/mortbay/jetty/maven-jetty-plugin/6.1.21/maven-jetty-plugin-6.1.21.jar
7f571ca3f000-7f571caaa000 r--s 00e18000 08:01 3411741                    /usr/lib/jvm/java-7-oracle/lib/tools.jar
7f571caaa000-7f571caad000 ---p 00000000 00:00 0 
7f571caad000-7f571cbab000 rw-p 00000000 00:00 0                          [stack:9725]
7f571cbac000-7f571cbae000 r--s 0000e000 08:01 1317108                    /tmp/Jetty_0_0_0_0_8080_webapp__sip__.s0kjx8/lib/Jetty-3974687338334001155.jar
7f571cbae000-7f571cbb1000 r--s 0059d000 08:01 5376506                    /home/ian/.m2/repository/com/springinpractice/com.springinpractice.skin/1.0-RELEASE/com.springinpractice.skin-1.0-RELEASE.war
7f571cbb1000-7f571cbb2000 rw-p 00000000 00:00 0 
7f571cbb2000-7f571cbbc000 r--s 00371000 08:01 3279587                    /usr/lib/jvm/java-7-oracle/jre/lib/charsets.jar
7f571cbbc000-7f571cbc0000 r--s 000f7000 08:01 3411553                    /usr/lib/jvm/java-7-oracle/jre/lib/ext/localedata.jar
7f571cbc0000-7f571cbc1000 r--s 00003000 08:01 5246002                    /home/ian/.m2/repository/org/codehaus/plexus/plexus-compiler-javac/1.9.1/plexus-compiler-javac-1.9.1.jar
7f571cbc1000-7f571cbc3000 r--s 00000000 08:01 5246001                    /home/ian/.m2/repository/org/codehaus/plexus/plexus-compiler-manager/1.9.1/plexus-compiler-manager-1.9.1.jar
7f571cbc3000-7f571cbc5000 r--s 00004000 08:01 5246000                    /home/ian/.m2/repository/org/codehaus/plexus/plexus-compiler-api/1.9.1/plexus-compiler-api-1.9.1.jar
7f571cbc5000-7f571cbc9000 r--s 00034000 08:01 5245999                    /home/ian/.m2/repository/org/codehaus/plexus/plexus-utils/3.0/plexus-utils-3.0.jar
7f571cbc9000-7f571cbca000 r--s 00007000 08:01 5245654                    /home/ian/.m2/repository/org/apache/maven/plugins/maven-compiler-plugin/2.5.1/maven-compiler-plugin-2.5.1.jar
7f571cbca000-7f571cbcc000 r--s 0000b000 08:01 5376588                    /home/ian/.m2/repository/org/codehaus/plexus/plexus-interpolation/1.6/plexus-interpolation-1.6.jar
7f571cbcc000-7f571cbce000 r--s 00002000 08:01 5246685                    /home/ian/.m2/repository/org/codehaus/plexus/plexus-interactivity-api/1.0-alpha-4/plexus-interactivity-api-1.0-alpha-4.jar
7f571cbce000-7f571cbd0000 r--s 00006000 08:01 5246684                    /home/ian/.m2/repository/commons-cli/commons-cli/1.0/commons-cli-1.0.jar
7f571cbd0000-7f571cbd1000 r--s 00001000 08:01 5246683                    /home/ian/.m2/repository/org/apache/maven/doxia/doxia-sink-api/1.0-alpha-7/doxia-sink-api-1.0-alpha-7.jar
7f571cbd1000-7f571cbd2000 r--s 00002000 08:01 5246680                    /home/ian/.m2/repository/org/apache/maven/reporting/maven-reporting-api/2.0.6/maven-reporting-api-2.0.6.jar
7f571cbd2000-7f571cbd4000 r--s 00007000 08:01 5374277                    /home/ian/.m2/repository/org/apache/maven/shared/maven-filtering/1.0-beta-2/maven-filtering-1.0-beta-2.jar
7f571cbd4000-7f571cbd6000 r--s 00004000 08:01 5247522                    /home/ian/.m2/repository/org/apache/maven/plugins/maven-resources-plugin/2.3/maven-resources-plugin-2.3.jar
7f571cbd6000-7f571cbdb000 r--s 00039000 08:01 5377016                    /home/ian/.m2/repository/org/codehaus/plexus/plexus-utils/1.5.6/plexus-utils-1.5.6.jar
7f571cbdb000-7f571cbdd000 r--s 00008000 08:01 5377015                    /home/ian/.m2/repository/org/apache/maven/shared/maven-shared-io/1.1/maven-shared-io-1.1.jar
7f571cbdd000-7f571cbdf000 r--s 00008000 08:01 5377014                    /home/ian/.m2/repository/org/apache/maven/shared/file-management/1.2.1/file-management-1.2.1.jar
7f571cbdf000-7f571cbe2000 r--s 0001b000 08:01 5246003                    /home/ian/.m2/repository/junit/junit/3.8.1/junit-3.8.1.jar
7f571cbe2000-7f571cbe4000 r--s 00003000 08:01 5247516                    /home/ian/.m2/repository/org/apache/maven/plugins/maven-clean-plugin/2.3/maven-clean-plugin-2.3.jar
7f571cbe4000-7f571cbe7000 ---p 00000000 00:00 0 
7f571cbe7000-7f571cc0c000 rw-p 00000000 00:00 0 
7f571cc0c000-7f571cc10000 r--s 0008a000 08:01 3279592                    /usr/lib/jvm/java-7-oracle/jre/lib/jsse.jar
7f571cc10000-7f571cc41000 rw-p 00000000 00:00 0 
7f571cc41000-7f571cc56000 r-xp 00000000 08:01 3279533                    /usr/lib/jvm/java-7-oracle/jre/lib/amd64/libnet.so
7f571cc56000-7f571ce56000 ---p 00015000 08:01 3279533                    /usr/lib/jvm/java-7-oracle/jre/lib/amd64/libnet.so
7f571ce56000-7f571ce57000 rw-p 00015000 08:01 3279533                    /usr/lib/jvm/java-7-oracle/jre/lib/amd64/libnet.so
7f571ce57000-7f571ce67000 r-xp 00000000 08:01 3279557                    /usr/lib/jvm/java-7-oracle/jre/lib/amd64/libnio.so
7f571ce67000-7f571d067000 ---p 00010000 08:01 3279557                    /usr/lib/jvm/java-7-oracle/jre/lib/amd64/libnio.so
7f571d067000-7f571d068000 rw-p 00010000 08:01 3279557                    /usr/lib/jvm/java-7-oracle/jre/lib/amd64/libnio.so
7f571d068000-7f571d06e000 r--s 0002c000 08:01 1057377                    /usr/share/java/sisu-inject-plexus.jar
7f571d06e000-7f571d070000 r--s 0000a000 08:01 1712477                    /usr/share/maven/lib/maven-artifact-3.0.4.jar
7f571d070000-7f571d072000 r--s 00009000 08:01 1712486                    /usr/share/maven/lib/maven-settings-3.0.4.jar
7f571d072000-7f571d074000 r--s 00008000 08:01 1712480                    /usr/share/maven/lib/maven-embedder-3.0.4.jar
7f571d074000-7f571d076000 r--s 00007000 08:01 1712485                    /usr/share/maven/lib/maven-settings-builder-3.0.4.jar
7f571d076000-7f571d078000 r--s 00003000 08:01 1056999                    /usr/share/java/jsr305-0.1~+svn49.jar
7f571d078000-7f571d08f000 r--s 000de000 08:01 1057353                    /usr/share/java/guava-r09.jar
7f571d08f000-7f571d09b000 r--s 00082000 08:01 3540416                    /usr/share/maven-repo/org/sonatype/sisu/sisu-guice/3.1.0/sisu-guice-3.1.0.jar
7f571d09b000-7f571d09f000 r--s 00033000 08:01 1057335                    /usr/share/java/plexus-utils2-2.0.5.jar
7f571d09f000-7f571d0a1000 r--s 00025000 08:01 1712482                    /usr/share/maven/lib/maven-model-3.0.4.jar
7f571d0a1000-7f571d0a3000 r--s 00005000 08:01 1712484                    /usr/share/maven/lib/maven-repository-metadata-3.0.4.jar
7f571d0a3000-7f571d0a5000 r--s 00007000 08:01 1056997                    /usr/share/java/commons-cli-1.2.jar
7f571d0a5000-7f571d0a7000 r--s 00006000 08:01 3540621                    /usr/share/maven-repo/org/sonatype/aether/aether-connector-wagon/1.13.1/aether-connector-wagon-1.13.1.jar
7f571d0a7000-7f571d0a8000 r--s 00001000 08:01 1057251                    /usr/share/java/wagon-http.jar
7f571d0a8000-7f571d0a9000 r--s 00001000 08:01 1057247                    /usr/share/java/wagon-file.jar
7f571d0a9000-7f571d0ab000 r--s 0000a000 08:01 1057245                    /usr/share/java/wagon-provider-api.jar
7f571d0ab000-7f571d0ae000 r--s 00013000 08:01 3540603                    /usr/share/maven-repo/org/sonatype/aether/aether-api/1.13.1/aether-api-1.13.1.jar
7f571d0ae000-7f571d0b0000 r--s 00002000 08:01 3539638                    /usr/share/maven-repo/org/sonatype/plexus/plexus-cipher/1.5/plexus-cipher-1.5.jar
7f571d0b0000-7f571d0b2000 r--s 0000b000 08:01 3539201                    /usr/share/maven-repo/org/codehaus/plexus/plexus-interpolation/1.11/plexus-interpolation-1.11.jar
7f571d0b2000-7f571d0b3000 r--s 00006000 08:01 3539645                    /usr/share/maven-repo/org/sonatype/plexus/plexus-sec-dispatcher/1.3.1/plexus-sec-dispatcher-1.3.1.jar
7f571d0b3000-7f571d0b7000 r--s 00020000 08:01 1712481                    /usr/share/maven/lib/maven-model-builder-3.0.4.jar
7f571d0b7000-7f571d0b9000 r--s 00009000 08:01 1712483                    /usr/share/maven/lib/maven-plugin-api-3.0.4.jar
7f571d0b9000-7f571d0bc000 r--s 0001d000 08:01 3540615                    /usr/share/maven-repo/org/sonatype/aether/aether-impl/1.13.1/aether-impl-1.13.1.jar
7f571d0bc000-7f571d0c8000 r--s 0007c000 08:01 1712479                    /usr/share/maven/lib/maven-core-3.0.4.jar
7f571d0c8000-7f571d0cc000 r--s 0001c000 08:01 3540586                    /usr/share/maven-repo/org/sonatype/aether/aether-util/1.13.1/aether-util-1.13.1.jar
7f571d0cc000-7f571d0ce000 r--s 0000c000 08:01 1056834                    /usr/share/java/commons-logging-1.1.1.jar
7f571d0ce000-7f571d0d1000 r--s 00011000 08:01 1057026                    /usr/share/java/commons-codec-1.5.jar
7f571d0d1000-7f571d0d7000 r--s 00045000 08:01 1057167                    /usr/share/java/commons-httpclient-3.1.jar
7f571d0d7000-7f571d0de000 r--s 00040000 08:01 1057369                    /usr/share/java/sisu-inject-bean.jar
7f571d0de000-7f571d0e4000 r--s 0003e000 08:01 1712478                    /usr/share/maven/lib/maven-compat-3.0.4.jar
7f571d0e4000-7f571d0e6000 r--s 0000a000 08:01 1056977                    /usr/share/java/plexus-classworlds2-2.4.jar
7f571d0e6000-7f571d0e7000 ---p 00000000 00:00 0 
7f571d0e7000-7f571d1e7000 rw-p 00000000 00:00 0                          [stack:9724]
7f571d1e7000-7f571d1ea000 ---p 00000000 00:00 0 
7f571d1ea000-7f571d2e8000 rw-p 00000000 00:00 0                          [stack:9723]
7f571d2e8000-7f571d2eb000 ---p 00000000 00:00 0 
7f571d2eb000-7f571d3e9000 rw-p 00000000 00:00 0                          [stack:9722]
7f571d3e9000-7f571d3ec000 ---p 00000000 00:00 0 
7f571d3ec000-7f571d4ea000 rw-p 00000000 00:00 0                          [stack:9721]
7f571d4ea000-7f571d4ed000 ---p 00000000 00:00 0 
7f571d4ed000-7f571d5eb000 rw-p 00000000 00:00 0                          [stack:9720]
7f571d5eb000-7f571dcce000 r--p 00000000 08:01 793174                     /usr/lib/locale/locale-archive
7f571dcce000-7f571dcd1000 ---p 00000000 00:00 0 
7f571dcd1000-7f571ddcf000 rw-p 00000000 00:00 0                          [stack:9719]
7f571ddcf000-7f571ddd2000 ---p 00000000 00:00 0 
7f571ddd2000-7f571ded0000 rw-p 00000000 00:00 0                          [stack:9718]
7f571ded0000-7f571ded1000 ---p 00000000 00:00 0 
7f571ded1000-7f571e041000 rw-p 00000000 00:00 0                          [stack:9717]
7f571e041000-7f571e1fe000 r--s 039f9000 08:01 3279461                    /usr/lib/jvm/java-7-oracle/jre/lib/rt.jar
7f571e1fe000-7f571e21f000 rw-p 00000000 00:00 0 
7f571e21f000-7f571e3ff000 rw-p 00000000 00:00 0 
7f571e3ff000-7f571e418000 rw-p 00000000 00:00 0 
7f571e418000-7f571e555000 rw-p 00000000 00:00 0 
7f571e555000-7f571e562000 rw-p 00000000 00:00 0 
7f571e562000-7f571e5ff000 rw-p 00000000 00:00 0 
7f571e5ff000-7f571e618000 rw-p 00000000 00:00 0 
7f571e618000-7f571e755000 rw-p 00000000 00:00 0 
7f571e755000-7f571e776000 rw-p 00000000 00:00 0 
7f571e776000-7f571e955000 rw-p 00000000 00:00 0 
7f571e955000-7f571e956000 rw-p 00000000 00:00 0 
7f571e956000-7f571e971000 r-xp 00000000 08:01 3279535                    /usr/lib/jvm/java-7-oracle/jre/lib/amd64/libzip.so
7f571e971000-7f571eb70000 ---p 0001b000 08:01 3279535                    /usr/lib/jvm/java-7-oracle/jre/lib/amd64/libzip.so
7f571eb70000-7f571eb71000 rw-p 0001a000 08:01 3279535                    /usr/lib/jvm/java-7-oracle/jre/lib/amd64/libzip.so
7f571eb71000-7f571eb7d000 r-xp 00000000 08:01 1441921                    /lib/x86_64-linux-gnu/libnss_files-2.15.so
7f571eb7d000-7f571ed7c000 ---p 0000c000 08:01 1441921                    /lib/x86_64-linux-gnu/libnss_files-2.15.so
7f571ed7c000-7f571ed7d000 r--p 0000b000 08:01 1441921                    /lib/x86_64-linux-gnu/libnss_files-2.15.so
7f571ed7d000-7f571ed7e000 rw-p 0000c000 08:01 1441921                    /lib/x86_64-linux-gnu/libnss_files-2.15.so
7f571ed7e000-7f571ed88000 r-xp 00000000 08:01 1441917                    /lib/x86_64-linux-gnu/libnss_nis-2.15.so
7f571ed88000-7f571ef88000 ---p 0000a000 08:01 1441917                    /lib/x86_64-linux-gnu/libnss_nis-2.15.so
7f571ef88000-7f571ef89000 r--p 0000a000 08:01 1441917                    /lib/x86_64-linux-gnu/libnss_nis-2.15.so
7f571ef89000-7f571ef8a000 rw-p 0000b000 08:01 1441917                    /lib/x86_64-linux-gnu/libnss_nis-2.15.so
7f571ef8a000-7f571efa1000 r-xp 00000000 08:01 1446261                    /lib/x86_64-linux-gnu/libnsl-2.15.so
7f571efa1000-7f571f1a0000 ---p 00017000 08:01 1446261                    /lib/x86_64-linux-gnu/libnsl-2.15.so
7f571f1a0000-7f571f1a1000 r--p 00016000 08:01 1446261                    /lib/x86_64-linux-gnu/libnsl-2.15.so
7f571f1a1000-7f571f1a2000 rw-p 00017000 08:01 1446261                    /lib/x86_64-linux-gnu/libnsl-2.15.so
7f571f1a2000-7f571f1a4000 rw-p 00000000 00:00 0 
7f571f1a4000-7f571f1ac000 r-xp 00000000 08:01 1441922                    /lib/x86_64-linux-gnu/libnss_compat-2.15.so
7f571f1ac000-7f571f3ab000 ---p 00008000 08:01 1441922                    /lib/x86_64-linux-gnu/libnss_compat-2.15.so
7f571f3ab000-7f571f3ac000 r--p 00007000 08:01 1441922                    /lib/x86_64-linux-gnu/libnss_compat-2.15.so
7f571f3ac000-7f571f3ad000 rw-p 00008000 08:01 1441922                    /lib/x86_64-linux-gnu/libnss_compat-2.15.so
7f571f3ad000-7f571f3d6000 r-xp 00000000 08:01 3279567                    /usr/lib/jvm/java-7-oracle/jre/lib/amd64/libjava.so
7f571f3d6000-7f571f5d6000 ---p 00029000 08:01 3279567                    /usr/lib/jvm/java-7-oracle/jre/lib/amd64/libjava.so
7f571f5d6000-7f571f5d8000 rw-p 00029000 08:01 3279567                    /usr/lib/jvm/java-7-oracle/jre/lib/amd64/libjava.so
7f571f5d8000-7f571f5e5000 r-xp 00000000 08:01 3279538                    /usr/lib/jvm/java-7-oracle/jre/lib/amd64/libverify.so
7f571f5e5000-7f571f7e4000 ---p 0000d000 08:01 3279538                    /usr/lib/jvm/java-7-oracle/jre/lib/amd64/libverify.so
7f571f7e4000-7f571f7e6000 rw-p 0000c000 08:01 3279538                    /usr/lib/jvm/java-7-oracle/jre/lib/amd64/libverify.so
7f571f7e6000-7f571f7ed000 r-xp 00000000 08:01 1441915                    /lib/x86_64-linux-gnu/librt-2.15.so
7f571f7ed000-7f571f9ec000 ---p 00007000 08:01 1441915                    /lib/x86_64-linux-gnu/librt-2.15.so
7f571f9ec000-7f571f9ed000 r--p 00006000 08:01 1441915                    /lib/x86_64-linux-gnu/librt-2.15.so
7f571f9ed000-7f571f9ee000 rw-p 00007000 08:01 1441915                    /lib/x86_64-linux-gnu/librt-2.15.so
7f571f9ee000-7f571fae9000 r-xp 00000000 08:01 1441919                    /lib/x86_64-linux-gnu/libm-2.15.so
7f571fae9000-7f571fce8000 ---p 000fb000 08:01 1441919                    /lib/x86_64-linux-gnu/libm-2.15.so
7f571fce8000-7f571fce9000 r--p 000fa000 08:01 1441919                    /lib/x86_64-linux-gnu/libm-2.15.so
7f571fce9000-7f571fcea000 rw-p 000fb000 08:01 1441919                    /lib/x86_64-linux-gnu/libm-2.15.so
7f571fcea000-7f572072b000 r-xp 00000000 08:01 3411540                    /usr/lib/jvm/java-7-oracle/jre/lib/amd64/server/libjvm.so
7f572072b000-7f572092b000 ---p 00a41000 08:01 3411540                    /usr/lib/jvm/java-7-oracle/jre/lib/amd64/server/libjvm.so
7f572092b000-7f57209ce000 rw-p 00a41000 08:01 3411540                    /usr/lib/jvm/java-7-oracle/jre/lib/amd64/server/libjvm.so
7f57209ce000-7f5720a0a000 rw-p 00000000 00:00 0 
7f5720a0a000-7f5720bbf000 r-xp 00000000 08:01 1441815                    /lib/x86_64-linux-gnu/libc-2.15.so
7f5720bbf000-7f5720dbe000 ---p 001b5000 08:01 1441815                    /lib/x86_64-linux-gnu/libc-2.15.so
7f5720dbe000-7f5720dc2000 r--p 001b4000 08:01 1441815                    /lib/x86_64-linux-gnu/libc-2.15.so
7f5720dc2000-7f5720dc4000 rw-p 001b8000 08:01 1441815                    /lib/x86_64-linux-gnu/libc-2.15.so
7f5720dc4000-7f5720dc9000 rw-p 00000000 00:00 0 
7f5720dc9000-7f5720dcb000 r-xp 00000000 08:01 1441804                    /lib/x86_64-linux-gnu/libdl-2.15.so
7f5720dcb000-7f5720fcb000 ---p 00002000 08:01 1441804                    /lib/x86_64-linux-gnu/libdl-2.15.so
7f5720fcb000-7f5720fcc000 r--p 00002000 08:01 1441804                    /lib/x86_64-linux-gnu/libdl-2.15.so
7f5720fcc000-7f5720fcd000 rw-p 00003000 08:01 1441804                    /lib/x86_64-linux-gnu/libdl-2.15.so
7f5720fcd000-7f5720fe3000 r-xp 00000000 08:01 3411546                    /usr/lib/jvm/java-7-oracle/jre/lib/amd64/jli/libjli.so
7f5720fe3000-7f57211e3000 ---p 00016000 08:01 3411546                    /usr/lib/jvm/java-7-oracle/jre/lib/amd64/jli/libjli.so
7f57211e3000-7f57211e4000 rw-p 00016000 08:01 3411546                    /usr/lib/jvm/java-7-oracle/jre/lib/amd64/jli/libjli.so
7f57211e4000-7f57211fc000 r-xp 00000000 08:01 1441913                    /lib/x86_64-linux-gnu/libpthread-2.15.so
7f57211fc000-7f57213fb000 ---p 00018000 08:01 1441913                    /lib/x86_64-linux-gnu/libpthread-2.15.so
7f57213fb000-7f57213fc000 r--p 00017000 08:01 1441913                    /lib/x86_64-linux-gnu/libpthread-2.15.so
7f57213fc000-7f57213fd000 rw-p 00018000 08:01 1441913                    /lib/x86_64-linux-gnu/libpthread-2.15.so
7f57213fd000-7f5721401000 rw-p 00000000 00:00 0 
7f5721401000-7f5721423000 r-xp 00000000 08:01 1441925                    /lib/x86_64-linux-gnu/ld-2.15.so
7f5721423000-7f5721424000 r--p 00000000 00:00 0 
7f5721424000-7f5721460000 rw-p 00000000 00:00 0 
7f5721460000-7f572150c000 rw-p 00000000 00:00 0 
7f572150c000-7f572150f000 ---p 00000000 00:00 0 
7f572150f000-7f5721611000 rw-p 00000000 00:00 0                          [stack:9716]
7f5721611000-7f5721612000 r--s 00003000 08:01 3540598                    /usr/share/maven-repo/org/sonatype/aether/aether-spi/1.13.1/aether-spi-1.13.1.jar
7f5721612000-7f5721614000 r--s 00000000 08:01 1057338                    /usr/share/java/plexus-component-annotations-1.5-1.5.5.jar
7f5721614000-7f5721616000 r--s 0000b000 08:01 1712476                    /usr/share/maven/lib/maven-aether-provider-3.0.4.jar
7f5721616000-7f5721617000 r--s 00004000 08:01 1057249                    /usr/share/java/wagon-http-shared.jar
7f5721617000-7f572161f000 rw-s 00000000 08:01 1316441                    /tmp/hsperfdata_ian/9705
7f572161f000-7f5721620000 rw-p 00000000 00:00 0 
7f5721620000-7f5721621000 r--p 00000000 00:00 0 
7f5721621000-7f5721623000 rw-p 00000000 00:00 0 
7f5721623000-7f5721624000 r--p 00022000 08:01 1441925                    /lib/x86_64-linux-gnu/ld-2.15.so
7f5721624000-7f5721626000 rw-p 00023000 08:01 1441925                    /lib/x86_64-linux-gnu/ld-2.15.so
7fffa66de000-7fffa66ff000 rw-p 00000000 00:00 0                          [stack]
7fffa67ff000-7fffa6800000 r-xp 00000000 00:00 0                          [vdso]
ffffffffff600000-ffffffffff601000 r-xp 00000000 00:00 0                  [vsyscall]

VM Arguments:
jvm_args: -Xmx1024M -XX:MaxPermSize=1024m -Dclassworlds.conf=/usr/share/maven/bin/m2.conf -Dmaven.home=/usr/share/maven 
java_command: org.codehaus.plexus.classworlds.launcher.Launcher clean jetty:run --debug
Launcher Type: SUN_STANDARD

Environment Variables:
JAVA_HOME=/usr/lib/jvm/java-7-oracle
PATH=/usr/lib/lightdm/lightdm:/usr/local/sbin:/usr/local/bin:/usr/sbin:/usr/bin:/sbin:/bin:/usr/games
SHELL=/bin/bash
DISPLAY=:0

Signal Handlers:
SIGSEGV: [libjvm.so+0x8a26a0], sa_mask[0]=0x7ffbfeff, sa_flags=0x10000004
SIGBUS: [libjvm.so+0x8a26a0], sa_mask[0]=0x7ffbfeff, sa_flags=0x10000004
SIGFPE: [libjvm.so+0x73f3d0], sa_mask[0]=0x7ffbfeff, sa_flags=0x10000004
SIGPIPE: [libjvm.so+0x73f3d0], sa_mask[0]=0x7ffbfeff, sa_flags=0x10000004
SIGXFSZ: [libjvm.so+0x73f3d0], sa_mask[0]=0x7ffbfeff, sa_flags=0x10000004
SIGILL: [libjvm.so+0x73f3d0], sa_mask[0]=0x7ffbfeff, sa_flags=0x10000004
SIGUSR1: SIG_DFL, sa_mask[0]=0x00000000, sa_flags=0x00000000
SIGUSR2: [libjvm.so+0x73ed20], sa_mask[0]=0x00000000, sa_flags=0x10000004
SIGHUP: [libjvm.so+0x7410b0], sa_mask[0]=0x7ffbfeff, sa_flags=0x10000004
SIGINT: [libjvm.so+0x7410b0], sa_mask[0]=0x7ffbfeff, sa_flags=0x10000004
SIGTERM: [libjvm.so+0x7410b0], sa_mask[0]=0x7ffbfeff, sa_flags=0x10000004
SIGQUIT: [libjvm.so+0x7410b0], sa_mask[0]=0x7ffbfeff, sa_flags=0x10000004


---------------  S Y S T E M  ---------------

OS:wheezy/sid

uname:Linux 3.5.0-36-generic #57~precise1-Ubuntu SMP Thu Jun 20 18:21:09 UTC 2013 x86_64
libc:glibc 2.15 NPTL 2.15 
rlimit: STACK 8192k, CORE 0k, NPROC 33036, NOFILE 4096, AS infinity
load average:0.86 0.50 0.68

/proc/meminfo:
MemTotal:        4247264 kB
MemFree:          125296 kB
Buffers:           62440 kB
Cached:          1149572 kB
SwapCached:        11048 kB
Active:          1973952 kB
Inactive:         981972 kB
Active(anon):    1226348 kB
Inactive(anon):   519368 kB
Active(file):     747604 kB
Inactive(file):   462604 kB
Unevictable:           0 kB
Mlocked:               0 kB
SwapTotal:       2181116 kB
SwapFree:        2154356 kB
Dirty:               332 kB
Writeback:             0 kB
AnonPages:       1734808 kB
Mapped:           143108 kB
Shmem:              1728 kB
Slab:             138256 kB
SReclaimable:     110856 kB
SUnreclaim:        27400 kB
KernelStack:        3912 kB
PageTables:        28932 kB
NFS_Unstable:          0 kB
Bounce:                0 kB
WritebackTmp:          0 kB
CommitLimit:     4304748 kB
Committed_AS:    4017368 kB
VmallocTotal:   34359738367 kB
VmallocUsed:      315508 kB
VmallocChunk:   34359420628 kB
HardwareCorrupted:     0 kB
AnonHugePages:         0 kB
HugePages_Total:       0
HugePages_Free:        0
HugePages_Rsvd:        0
HugePages_Surp:        0
Hugepagesize:       2048 kB
DirectMap4k:       63488 kB
DirectMap2M:     4339712 kB


CPU:total 1 (1 cores per cpu, 1 threads per core) family 6 model 23 stepping 6, cmov, cx8, fxsr, mmx, sse, sse2, sse3, ssse3, sse4.1, tsc, tscinvbit

/proc/cpuinfo:
processor	: 0
vendor_id	: GenuineIntel
cpu family	: 6
model		: 23
model name	: Intel(R) Core(TM)2 Duo CPU     T9300  @ 2.50GHz
stepping	: 6
microcode	: 0x60c
cpu MHz		: 2493.379
cache size	: 6144 KB
fpu		: yes
fpu_exception	: yes
cpuid level	: 10
wp		: yes
flags		: fpu vme de pse tsc msr pae mce cx8 apic sep mtrr pge mca cmov pat pse36 clflush dts mmx fxsr sse sse2 ss syscall nx lm constant_tsc up arch_perfmon pebs bts nopl tsc_reliable nonstop_tsc aperfmperf pni ssse3 cx16 sse4_1 x2apic hypervisor lahf_lm dtherm
bogomips	: 4986.75
clflush size	: 64
cache_alignment	: 64
address sizes	: 40 bits physical, 48 bits virtual
power management:



Memory: 4k page, physical 4247264k(125296k free), swap 2181116k(2154356k free)

vm_info: Java HotSpot(TM) 64-Bit Server VM (23.25-b01) for linux-amd64 JRE (1.7.0_25-b15), built on Jun  5 2013 20:48:36 by "java_re" with gcc 4.3.0 20080428 (Red Hat 4.3.0-8)

time: Fri Jul 26 16:35:58 2013
elapsed time: 620 seconds

