#
# A fatal error has been detected by the Java Runtime Environment:
#
#  SIGSEGV (0xb) at pc=0x00007f7a4ebef20f, pid=8030, tid=140162627991296
#
# JRE version: 7.0_25-b15
# Java VM: Java HotSpot(TM) 64-Bit Server VM (23.25-b01 mixed mode linux-amd64 compressed oops)
# Problematic frame:
# C  [libc.so.6+0x14620f]  __nss_hosts_lookup+0x148bf
#
# Failed to write core dump. Core dumps have been disabled. To enable core dumping, try "ulimit -c unlimited" before starting Java again
#
# If you would like to submit a bug report, please visit:
#   http://bugreport.sun.com/bugreport/crash.jsp
# The crash happened outside the Java Virtual Machine in native code.
# See problematic frame for where to report the bug.
#

---------------  T H R E A D  ---------------

Current thread (0x00007f7a489aa800):  JavaThread "748011026@qtp-2045584172-0" [_thread_in_native, id=8054, stack(0x00007f7a2796f000,0x00007f7a27a70000)]

siginfo:si_signo=SIGSEGV: si_errno=0, si_code=2 (SEGV_ACCERR), si_addr=0x00007f7a27870ff0

Registers:
RAX=0x00007f7a34565bf2, RBX=0x00007f7a2786c219, RCX=0x0000000000004000, RDX=0x0000000000004d7e
RSP=0x00007f7a27a6c638, RBP=0x00007f7a27a6c690, RSI=0x00007f7a27871017, RDI=0x00007f7a3456a9f0
R8 =0x00007f7a3456fde2, R9 =0x00007f7a4ebef200, R10=0x00000000000072d1, R11=0x00007f7a4ec2c490
R12=0x00007f7a2786c1e7, R13=0x00007f7a34043360, R14=0x000000000000a200, R15=0x00007f7a489b4c00
RIP=0x00007f7a4ebef20f, EFLAGS=0x0000000000010206, CSGSFS=0x0000000000000033, ERR=0x0000000000000004
  TRAPNO=0x000000000000000e

Top of Stack: (sp=0x00007f7a27a6c638)
0x00007f7a27a6c638:   00007f7a4c9f9cb8 00000000c0000d10
0x00007f7a27a6c648:   000c007a00000000 0000000000000004
0x00007f7a27a6c658:   0000000000000000 00007f7a34043360
0x00007f7a27a6c668:   00007f7a489aff78 00007f7a489b4c00
0x00007f7a27a6c678:   00007f7a28223250 0000000068825408
0x00007f7a27a6c688:   00007f7a27a6c6f0 00007f7a27a6c6d0
0x00007f7a27a6c698:   00007f7a4c9fa228 0000001627a6c6d0
0x00007f7a27a6c6a8:   00007f7a27a6c6f0 0000000000000016
0x00007f7a27a6c6b8:   00007f7a489aa9d8 00007f7a27a6c6f0
0x00007f7a27a6c6c8:   00007f7a27a6cb48 00007f7a27a6cb30
0x00007f7a27a6c6d8:   00007f7a4c9f905d 01000000c01736f4
0x00007f7a27a6c6e8:   00007f7a489b4c00 2f464e492d424557
0x00007f7a27a6c6f8:   6f7461726f636564 00006c6d782e7372
0x00007f7a27a6c708:   0000000000000000 00007f7a27a6c728
0x00007f7a27a6c718:   00007f7a27a6c788 00007f7a45006158
0x00007f7a27a6c728:   00007f7a40400000 00007f7a3f8ccccd
0x00007f7a27a6c738:   00000000955a7508 000000008125db68
0x00007f7a27a6c748:   00007f7a27a6c748 00000000c017199e
0x00007f7a27a6c758:   00007f7a27a6c7a0 00000000c01761f0
0x00007f7a27a6c768:   0000000000000000 00000000c01719a8
0x00007f7a27a6c778:   0000000000000000 00007f7a27a6c798
0x00007f7a27a6c788:   00007f7a27a6c7e8 00007f7a45006158
0x00007f7a27a6c798:   0000000000000000 000000008125db68
0x00007f7a27a6c7a8:   00007f7a4e49327c 00000000018a2990
0x00007f7a27a6c7b8:   00000000018a4960 00007f7a27a6c810
0x00007f7a27a6c7c8:   00007f7a00000000 00007f7a34043360
0x00007f7a27a6c7d8:   00007f7a27a6c850 00007f7a489aa800
0x00007f7a27a6c7e8:   0000000000000005 00007f7a27a6c858
0x00007f7a27a6c7f8:   00007f7a45006158 00007f7a45006158
0x00007f7a27a6c808:   000000008125dcb0 000000008125dd00
0x00007f7a27a6c818:   00007f7a27a6c818 00000000c0263e8a
0x00007f7a27a6c828:   00007f7a27a6c828 00000000c013dbe8 

Instructions: (pc=0x00007f7a4ebef20f)
0x00007f7a4ebef1ef:   07 4d 8d 89 f9 ff ff ff 48 8d 52 c0 41 ff e1 0f
0x00007f7a4ebef1ff:   0b 0f 18 86 40 fe ff ff 0f 28 56 e9 48 83 ea 40
0x00007f7a4ebef20f:   0f 28 5e d9 0f 28 66 c9 0f 28 6e b9 48 8d 76 c0
0x00007f7a4ebef21f:   66 0f 3a 0f ca 07 66 0f 3a 0f d3 07 66 0f 3a 0f 

Register to memory mapping:

RAX=0x00007f7a34565bf2 is an unknown value
RBX=0x00007f7a2786c219 is an unknown value
RCX=0x0000000000004000 is an unknown value
RDX=0x0000000000004d7e is an unknown value
RSP=0x00007f7a27a6c638 is pointing into the stack for thread: 0x00007f7a489aa800
RBP=0x00007f7a27a6c690 is pointing into the stack for thread: 0x00007f7a489aa800
RSI=0x00007f7a27871017 is pointing into the stack for thread: 0x00007f7a489ac000
RDI=0x00007f7a3456a9f0 is an unknown value
R8 =0x00007f7a3456fde2 is an unknown value
R9 =0x00007f7a4ebef200: <offset 0x146200> in /lib/x86_64-linux-gnu/libc.so.6 at 0x00007f7a4eaa9000
R10=0x00000000000072d1 is an unknown value
R11=0x00007f7a4ec2c490: <offset 0x183490> in /lib/x86_64-linux-gnu/libc.so.6 at 0x00007f7a4eaa9000
R12=0x00007f7a2786c1e7 is an unknown value
R13=0x00007f7a34043360 is an unknown value
R14=0x000000000000a200 is an unknown value
R15=0x00007f7a489b4c00 is an unknown value


Stack: [0x00007f7a2796f000,0x00007f7a27a70000],  sp=0x00007f7a27a6c638,  free space=1013k
Native frames: (J=compiled Java code, j=interpreted, Vv=VM code, C=native code)
C  [libc.so.6+0x14620f]  __nss_hosts_lookup+0x148bf
C  [libzip.so+0x5228]  ZIP_GetEntry+0xd8
C  [libzip.so+0x405d]  Java_java_util_zip_ZipFile_getEntry+0xad
J  java.util.zip.ZipFile.getEntry(J[BZ)J

Java frames: (J=compiled Java code, j=interpreted, Vv=VM code)
J  java.util.zip.ZipFile.getEntry(J[BZ)J
J  java.util.jar.JarFile.getEntry(Ljava/lang/String;)Ljava/util/zip/ZipEntry;
j  sun.net.www.protocol.jar.URLJarFile.getEntry(Ljava/lang/String;)Ljava/util/zip/ZipEntry;+2
j  sun.net.www.protocol.jar.JarURLConnection.connect()V+62
j  sun.net.www.protocol.jar.JarURLConnection.getInputStream()Ljava/io/InputStream;+1
j  java.net.URL.openStream()Ljava/io/InputStream;+4
j  org.mortbay.jetty.handler.ContextHandler$SContext.getResourceAsStream(Ljava/lang/String;)Ljava/io/InputStream;+13
j  com.opensymphony.module.sitemesh.factory.DefaultFactory.loadExcludes()V+29
j  com.opensymphony.module.sitemesh.factory.DefaultFactory.loadConfig()V+291
j  com.opensymphony.module.sitemesh.factory.DefaultFactory.<init>(Lcom/opensymphony/module/sitemesh/Config;)V+94
v  ~StubRoutines::call_stub
j  sun.reflect.NativeConstructorAccessorImpl.newInstance0(Ljava/lang/reflect/Constructor;[Ljava/lang/Object;)Ljava/lang/Object;+0
j  sun.reflect.NativeConstructorAccessorImpl.newInstance([Ljava/lang/Object;)Ljava/lang/Object;+72
j  sun.reflect.DelegatingConstructorAccessorImpl.newInstance([Ljava/lang/Object;)Ljava/lang/Object;+5
j  java.lang.reflect.Constructor.newInstance([Ljava/lang/Object;)Ljava/lang/Object;+79
j  com.opensymphony.module.sitemesh.Factory.getInstance(Lcom/opensymphony/module/sitemesh/Config;)Lcom/opensymphony/module/sitemesh/Factory;+80
j  com.opensymphony.sitemesh.webapp.SiteMeshFilter.initContentProcessor(Lcom/opensymphony/sitemesh/webapp/SiteMeshWebAppContext;)Lcom/opensymphony/sitemesh/ContentProcessor;+11
j  com.opensymphony.sitemesh.webapp.SiteMeshFilter.doFilter(Ljavax/servlet/ServletRequest;Ljavax/servlet/ServletResponse;Ljavax/servlet/FilterChain;)V+41
j  org.mortbay.jetty.servlet.ServletHandler$CachedChain.doFilter(Ljavax/servlet/ServletRequest;Ljavax/servlet/ServletResponse;)V+53
j  org.springframework.security.web.FilterChainProxy$VirtualFilterChain.doFilter(Ljavax/servlet/ServletRequest;Ljavax/servlet/ServletResponse;)V+69
j  org.springframework.security.web.authentication.www.BasicAuthenticationFilter.doFilter(Ljavax/servlet/ServletRequest;Ljavax/servlet/ServletResponse;Ljavax/servlet/FilterChain;)V+414
j  org.springframework.security.web.FilterChainProxy$VirtualFilterChain.doFilter(Ljavax/servlet/ServletRequest;Ljavax/servlet/ServletResponse;)V+192
j  org.springframework.security.web.context.SecurityContextPersistenceFilter.doFilter(Ljavax/servlet/ServletRequest;Ljavax/servlet/ServletResponse;Ljavax/servlet/FilterChain;)V+165
j  org.springframework.security.web.FilterChainProxy$VirtualFilterChain.doFilter(Ljavax/servlet/ServletRequest;Ljavax/servlet/ServletResponse;)V+192
j  org.springframework.security.web.FilterChainProxy.doFilter(Ljavax/servlet/ServletRequest;Ljavax/servlet/ServletResponse;Ljavax/servlet/FilterChain;)V+125
j  org.springframework.web.filter.DelegatingFilterProxy.invokeDelegate(Ljavax/servlet/Filter;Ljavax/servlet/ServletRequest;Ljavax/servlet/ServletResponse;Ljavax/servlet/FilterChain;)V+5
j  org.springframework.web.filter.DelegatingFilterProxy.doFilter(Ljavax/servlet/ServletRequest;Ljavax/servlet/ServletResponse;Ljavax/servlet/FilterChain;)V+71
j  org.mortbay.jetty.servlet.ServletHandler$CachedChain.doFilter(Ljavax/servlet/ServletRequest;Ljavax/servlet/ServletResponse;)V+53
j  org.springframework.web.filter.HiddenHttpMethodFilter.doFilterInternal(Ljavax/servlet/http/HttpServletRequest;Ljavax/servlet/http/HttpServletResponse;Ljavax/servlet/FilterChain;)V+71
j  org.springframework.web.filter.OncePerRequestFilter.doFilter(Ljavax/servlet/ServletRequest;Ljavax/servlet/ServletResponse;Ljavax/servlet/FilterChain;)V+90
j  org.mortbay.jetty.servlet.ServletHandler$CachedChain.doFilter(Ljavax/servlet/ServletRequest;Ljavax/servlet/ServletResponse;)V+53
j  org.mortbay.jetty.servlet.ServletHandler.handle(Ljava/lang/String;Ljavax/servlet/http/HttpServletRequest;Ljavax/servlet/http/HttpServletResponse;I)V+465
j  org.mortbay.jetty.security.SecurityHandler.handle(Ljava/lang/String;Ljavax/servlet/http/HttpServletRequest;Ljavax/servlet/http/HttpServletResponse;I)V+206
j  org.mortbay.jetty.servlet.SessionHandler.handle(Ljava/lang/String;Ljavax/servlet/http/HttpServletRequest;Ljavax/servlet/http/HttpServletResponse;I)V+225
j  org.mortbay.jetty.handler.ContextHandler.handle(Ljava/lang/String;Ljavax/servlet/http/HttpServletRequest;Ljavax/servlet/http/HttpServletResponse;I)V+709
j  org.mortbay.jetty.webapp.WebAppContext.handle(Ljava/lang/String;Ljavax/servlet/http/HttpServletRequest;Ljavax/servlet/http/HttpServletResponse;I)V+25
j  org.mortbay.jetty.handler.ContextHandlerCollection.handle(Ljava/lang/String;Ljavax/servlet/http/HttpServletRequest;Ljavax/servlet/http/HttpServletResponse;I)V+373
j  org.mortbay.jetty.handler.HandlerCollection.handle(Ljava/lang/String;Ljavax/servlet/http/HttpServletRequest;Ljavax/servlet/http/HttpServletResponse;I)V+42
j  org.mortbay.jetty.handler.HandlerWrapper.handle(Ljava/lang/String;Ljavax/servlet/http/HttpServletRequest;Ljavax/servlet/http/HttpServletResponse;I)V+23
j  org.mortbay.jetty.Server.handle(Lorg/mortbay/jetty/HttpConnection;)V+110
j  org.mortbay.jetty.HttpConnection.handleRequest()V+137
j  org.mortbay.jetty.HttpConnection$RequestHandler.headerComplete()V+438
j  org.mortbay.jetty.HttpParser.parseNext()J+1773
j  org.mortbay.jetty.HttpParser.parseAvailable()J+1
j  org.mortbay.jetty.HttpConnection.handle()V+122
j  org.mortbay.io.nio.SelectChannelEndPoint.run()V+4
j  org.mortbay.thread.QueuedThreadPool$PoolThread.run()V+25
v  ~StubRoutines::call_stub

---------------  P R O C E S S  ---------------

Java Threads: ( => current thread )
  0x0000000001998800 JavaThread "MySQL Statement Cancellation Timer" daemon [_thread_blocked, id=8174, stack(0x00007f7a2708b000,0x00007f7a2718c000)]
  0x0000000001cd2800 JavaThread "Timer-4" daemon [_thread_blocked, id=8173, stack(0x00007f7a26f8a000,0x00007f7a2708b000)]
  0x0000000001b9b800 JavaThread "Store aclCache Spool Thread" daemon [_thread_blocked, id=8171, stack(0x00007f7a27590000,0x00007f7a27691000)]
  0x0000000001c0a000 JavaThread "Timer-3" daemon [_thread_blocked, id=8170, stack(0x00007f7a2748f000,0x00007f7a27590000)]
  0x00007f7a4936e800 JavaThread "Timer-2" daemon [_thread_blocked, id=8060, stack(0x00007f7a2718c000,0x00007f7a2728d000)]
  0x00007f7a4920b800 JavaThread "MySQL Statement Cancellation Timer" daemon [_thread_blocked, id=8059, stack(0x00007f7a2728d000,0x00007f7a2738e000)]
  0x00007f7a491ae800 JavaThread "Timer-1" daemon [_thread_blocked, id=8058, stack(0x00007f7a2738e000,0x00007f7a2748f000)]
  0x00007f7a489ac000 JavaThread "1861310869@qtp-2045584172-1 - Acceptor0 SelectChannelConnector@0.0.0.0:8080" [_thread_in_native, id=8055, stack(0x00007f7a2786e000,0x00007f7a2796f000)]
=>0x00007f7a489aa800 JavaThread "748011026@qtp-2045584172-0" [_thread_in_native, id=8054, stack(0x00007f7a2796f000,0x00007f7a27a70000)]
  0x00007f7a48352000 JavaThread "com.google.common.base.internal.Finalizer" daemon [_thread_blocked, id=8050, stack(0x00007f7a27ad8000,0x00007f7a27bd9000)]
  0x00007f7a480e8000 JavaThread "Service Thread" daemon [_thread_blocked, id=8048, stack(0x00007f7a44216000,0x00007f7a44317000)]
  0x00007f7a480e5000 JavaThread "C2 CompilerThread1" daemon [_thread_in_native, id=8047, stack(0x00007f7a44317000,0x00007f7a44418000)]
  0x00007f7a480e3000 JavaThread "C2 CompilerThread0" daemon [_thread_in_native, id=8046, stack(0x00007f7a44418000,0x00007f7a44519000)]
  0x00007f7a480e1000 JavaThread "Signal Dispatcher" daemon [_thread_blocked, id=8045, stack(0x00007f7a44519000,0x00007f7a4461a000)]
  0x00007f7a48092800 JavaThread "Finalizer" daemon [_thread_blocked, id=8044, stack(0x00007f7a44cfd000,0x00007f7a44dfe000)]
  0x00007f7a48090000 JavaThread "Reference Handler" daemon [_thread_blocked, id=8043, stack(0x00007f7a44dfe000,0x00007f7a44eff000)]
  0x00007f7a48009000 JavaThread "main" [_thread_blocked, id=8041, stack(0x00007f7a4f5ab000,0x00007f7a4f6ac000)]

Other Threads:
  0x00007f7a48088800 VMThread [stack: 0x00007f7a44eff000,0x00007f7a45000000] [id=8042]
  0x00007f7a480f2800 WatcherThread [stack: 0x00007f7a44115000,0x00007f7a44216000] [id=8049]

VM state:not at safepoint (normal execution)

VM Mutex/Monitor currently owned by a thread: None

Heap
 def new generation   total 22592K, used 20046K [0x0000000080000000, 0x0000000081880000, 0x0000000095550000)
  eden space 20096K,  94% used [0x0000000080000000, 0x0000000081276088, 0x00000000813a0000)
  from space 2496K,  45% used [0x0000000081610000, 0x000000008172d850, 0x0000000081880000)
  to   space 2496K,   0% used [0x00000000813a0000, 0x00000000813a0000, 0x0000000081610000)
 tenured generation   total 50140K, used 29578K [0x0000000095550000, 0x0000000098647000, 0x00000000c0000000)
   the space 50140K,  58% used [0x0000000095550000, 0x0000000097232bb0, 0x0000000097232c00, 0x0000000098647000)
 compacting perm gen  total 66688K, used 66604K [0x00000000c0000000, 0x00000000c4120000, 0x0000000100000000)
   the space 66688K,  99% used [0x00000000c0000000, 0x00000000c410b1e0, 0x00000000c410b200, 0x00000000c4120000)
No shared spaces configured.

Card table byte_map: [0x00007f7a4c5f4000,0x00007f7a4c9f5000] byte_map_base: 0x00007f7a4c1f4000

Polling page: 0x00007f7a4f6bf000

Code Cache  [0x00007f7a45000000, 0x00007f7a454e0000, 0x00007f7a48000000)
 total_blobs=1621 nmethods=1154 adapters=418 free_code_cache=44325Kb largest_free_block=45237056

Compilation events (10 events):
Event: 209.981 Thread 0x00007f7a480e5000 nmethod 1265 0x00007f7a452e46d0 code [0x00007f7a452e4840, 0x00007f7a452e48e8]
Event: 209.981 Thread 0x00007f7a480e5000 1266             com.sun.beans.TypeResolver::resolve (9 bytes)
Event: 209.992 Thread 0x00007f7a480e5000 nmethod 1266 0x00007f7a45236250 code [0x00007f7a452363a0, 0x00007f7a45236438]
Event: 209.992 Thread 0x00007f7a480e5000 1267   !         org.springframework.util.ClassUtils::getMostSpecificMethod (56 bytes)
Event: 209.995 Thread 0x00007f7a480e5000 nmethod 1267 0x00007f7a452af650 code [0x00007f7a452af7c0, 0x00007f7a452afac8]
Event: 209.995 Thread 0x00007f7a480e5000   32 % !         java.net.URLDecoder::decode @ 53 (321 bytes)
Event: 210.014 Thread 0x00007f7a480e5000 nmethod 32% 0x00007f7a45236cd0 code [0x00007f7a45236ec0, 0x00007f7a452376d0]
Event: 211.149 Thread 0x00007f7a480e3000 nmethod 1258 0x00007f7a454b1150 code [0x00007f7a454b2c80, 0x00007f7a454c67d8]
Event: 220.714 Thread 0x00007f7a480e5000 1268   !         org.mortbay.resource.JarFileResource::exists (342 bytes)
Event: 220.740 Thread 0x00007f7a480e3000 1269             com.sun.org.apache.xerces.internal.parsers.XML11Configuration::getFeatureState0 (6 bytes)

GC Heap History (10 events):
Event: 207.441 GC heap before
{Heap before GC invocations=54 (full 7):
 def new generation   total 22592K, used 22478K [0x0000000080000000, 0x0000000081880000, 0x0000000095550000)
  eden space 20096K, 100% used [0x0000000080000000, 0x00000000813a0000, 0x00000000813a0000)
  from space 2496K,  95% used [0x0000000081610000, 0x0000000081863960, 0x0000000081880000)
  to   space 2496K,   0% used [0x00000000813a0000, 0x00000000813a0000, 0x0000000081610000)
 tenured generation   total 50140K, used 30083K [0x0000000095550000, 0x0000000098647000, 0x00000000c0000000)
   the space 50140K,  59% used [0x0000000095550000, 0x00000000972b0de8, 0x00000000972b0e00, 0x0000000098647000)
 compacting perm gen  total 64448K, used 64188K [0x00000000c0000000, 0x00000000c3ef0000, 0x0000000100000000)
   the space 64448K,  99% used [0x00000000c0000000, 0x00000000c3eaf248, 0x00000000c3eaf400, 0x00000000c3ef0000)
No shared spaces configured.
Event: 207.451 GC heap after
Heap after GC invocations=55 (full 7):
 def new generation   total 22592K, used 1920K [0x0000000080000000, 0x0000000081880000, 0x0000000095550000)
  eden space 20096K,   0% used [0x0000000080000000, 0x0000000080000000, 0x00000000813a0000)
  from space 2496K,  76% used [0x00000000813a0000, 0x0000000081580200, 0x0000000081610000)
  to   space 2496K,   0% used [0x0000000081610000, 0x0000000081610000, 0x0000000081880000)
 tenured generation   total 50140K, used 30766K [0x0000000095550000, 0x0000000098647000, 0x00000000c0000000)
   the space 50140K,  61% used [0x0000000095550000, 0x000000009735bb70, 0x000000009735bc00, 0x0000000098647000)
 compacting perm gen  total 64448K, used 64188K [0x00000000c0000000, 0x00000000c3ef0000, 0x0000000100000000)
   the space 64448K,  99% used [0x00000000c0000000, 0x00000000c3eaf248, 0x00000000c3eaf400, 0x00000000c3ef0000)
No shared spaces configured.
}
Event: 207.516 GC heap before
{Heap before GC invocations=55 (full 7):
 def new generation   total 22592K, used 5567K [0x0000000080000000, 0x0000000081880000, 0x0000000095550000)
  eden space 20096K,  18% used [0x0000000080000000, 0x000000008038fc70, 0x00000000813a0000)
  from space 2496K,  76% used [0x00000000813a0000, 0x0000000081580200, 0x0000000081610000)
  to   space 2496K,   0% used [0x0000000081610000, 0x0000000081610000, 0x0000000081880000)
 tenured generation   total 50140K, used 30766K [0x0000000095550000, 0x0000000098647000, 0x00000000c0000000)
   the space 50140K,  61% used [0x0000000095550000, 0x000000009735bb70, 0x000000009735bc00, 0x0000000098647000)
 compacting perm gen  total 64768K, used 64767K [0x00000000c0000000, 0x00000000c3f40000, 0x0000000100000000)
   the space 64768K,  99% used [0x00000000c0000000, 0x00000000c3f3ff60, 0x00000000c3f40000, 0x00000000c3f40000)
No shared spaces configured.
Event: 207.767 GC heap after
Heap after GC invocations=56 (full 8):
 def new generation   total 22592K, used 0K [0x0000000080000000, 0x0000000081880000, 0x0000000095550000)
  eden space 20096K,   0% used [0x0000000080000000, 0x0000000080000000, 0x00000000813a0000)
  from space 2496K,   0% used [0x00000000813a0000, 0x00000000813a0000, 0x0000000081610000)
  to   space 2496K,   0% used [0x0000000081610000, 0x0000000081610000, 0x0000000081880000)
 tenured generation   total 50140K, used 29030K [0x0000000095550000, 0x0000000098647000, 0x00000000c0000000)
   the space 50140K,  57% used [0x0000000095550000, 0x00000000971a9938, 0x00000000971a9a00, 0x0000000098647000)
 compacting perm gen  total 64768K, used 64709K [0x00000000c0000000, 0x00000000c3f40000, 0x0000000100000000)
   the space 64768K,  99% used [0x00000000c0000000, 0x00000000c3f31720, 0x00000000c3f31800, 0x00000000c3f40000)
No shared spaces configured.
}
Event: 208.069 GC heap before
{Heap before GC invocations=56 (full 8):
 def new generation   total 22592K, used 20096K [0x0000000080000000, 0x0000000081880000, 0x0000000095550000)
  eden space 20096K, 100% used [0x0000000080000000, 0x00000000813a0000, 0x00000000813a0000)
  from space 2496K,   0% used [0x00000000813a0000, 0x00000000813a0000, 0x0000000081610000)
  to   space 2496K,   0% used [0x0000000081610000, 0x0000000081610000, 0x0000000081880000)
 tenured generation   total 50140K, used 29030K [0x0000000095550000, 0x0000000098647000, 0x00000000c0000000)
   the space 50140K,  57% used [0x0000000095550000, 0x00000000971a9938, 0x00000000971a9a00, 0x0000000098647000)
 compacting perm gen  total 66048K, used 65756K [0x00000000c0000000, 0x00000000c4080000, 0x0000000100000000)
   the space 66048K,  99% used [0x00000000c0000000, 0x00000000c40371f8, 0x00000000c4037200, 0x00000000c4080000)
No shared spaces configured.
Event: 208.075 GC heap after
Heap after GC invocations=57 (full 8):
 def new generation   total 22592K, used 1226K [0x0000000080000000, 0x0000000081880000, 0x0000000095550000)
  eden space 20096K,   0% used [0x0000000080000000, 0x0000000080000000, 0x00000000813a0000)
  from space 2496K,  49% used [0x0000000081610000, 0x0000000081742bd8, 0x0000000081880000)
  to   space 2496K,   0% used [0x00000000813a0000, 0x00000000813a0000, 0x0000000081610000)
 tenured generation   total 50140K, used 29030K [0x0000000095550000, 0x0000000098647000, 0x00000000c0000000)
   the space 50140K,  57% used [0x0000000095550000, 0x00000000971a9938, 0x00000000971a9a00, 0x0000000098647000)
 compacting perm gen  total 66048K, used 65756K [0x00000000c0000000, 0x00000000c4080000, 0x0000000100000000)
   the space 66048K,  99% used [0x00000000c0000000, 0x00000000c40371f8, 0x00000000c4037200, 0x00000000c4080000)
No shared spaces configured.
}
Event: 208.690 GC heap before
{Heap before GC invocations=57 (full 8):
 def new generation   total 22592K, used 21322K [0x0000000080000000, 0x0000000081880000, 0x0000000095550000)
  eden space 20096K, 100% used [0x0000000080000000, 0x00000000813a0000, 0x00000000813a0000)
  from space 2496K,  49% used [0x0000000081610000, 0x0000000081742bd8, 0x0000000081880000)
  to   space 2496K,   0% used [0x00000000813a0000, 0x00000000813a0000, 0x0000000081610000)
 tenured generation   total 50140K, used 29030K [0x0000000095550000, 0x0000000098647000, 0x00000000c0000000)
   the space 50140K,  57% used [0x0000000095550000, 0x00000000971a9938, 0x00000000971a9a00, 0x0000000098647000)
 compacting perm gen  total 66368K, used 66350K [0x00000000c0000000, 0x00000000c40d0000, 0x0000000100000000)
   the space 66368K,  99% used [0x00000000c0000000, 0x00000000c40cbaf0, 0x00000000c40cbc00, 0x00000000c40d0000)
No shared spaces configured.
Event: 208.697 GC heap after
Heap after GC invocations=58 (full 8):
 def new generation   total 22592K, used 1551K [0x0000000080000000, 0x0000000081880000, 0x0000000095550000)
  eden space 20096K,   0% used [0x0000000080000000, 0x0000000080000000, 0x00000000813a0000)
  from space 2496K,  62% used [0x00000000813a0000, 0x0000000081523d98, 0x0000000081610000)
  to   space 2496K,   0% used [0x0000000081610000, 0x0000000081610000, 0x0000000081880000)
 tenured generation   total 50140K, used 29030K [0x0000000095550000, 0x0000000098647000, 0x00000000c0000000)
   the space 50140K,  57% used [0x0000000095550000, 0x00000000971a9938, 0x00000000971a9a00, 0x0000000098647000)
 compacting perm gen  total 66368K, used 66350K [0x00000000c0000000, 0x00000000c40d0000, 0x0000000100000000)
   the space 66368K,  99% used [0x00000000c0000000, 0x00000000c40cbaf0, 0x00000000c40cbc00, 0x00000000c40d0000)
No shared spaces configured.
}
Event: 209.232 GC heap before
{Heap before GC invocations=58 (full 8):
 def new generation   total 22592K, used 21647K [0x0000000080000000, 0x0000000081880000, 0x0000000095550000)
  eden space 20096K, 100% used [0x0000000080000000, 0x00000000813a0000, 0x00000000813a0000)
  from space 2496K,  62% used [0x00000000813a0000, 0x0000000081523d98, 0x0000000081610000)
  to   space 2496K,   0% used [0x0000000081610000, 0x0000000081610000, 0x0000000081880000)
 tenured generation   total 50140K, used 29030K [0x0000000095550000, 0x0000000098647000, 0x00000000c0000000)
   the space 50140K,  57% used [0x0000000095550000, 0x00000000971a9938, 0x00000000971a9a00, 0x0000000098647000)
 compacting perm gen  total 66688K, used 66431K [0x00000000c0000000, 0x00000000c4120000, 0x0000000100000000)
   the space 66688K,  99% used [0x00000000c0000000, 0x00000000c40dfcb8, 0x00000000c40dfe00, 0x00000000c4120000)
No shared spaces configured.
Event: 209.239 GC heap after
Heap after GC invocations=59 (full 8):
 def new generation   total 22592K, used 1142K [0x0000000080000000, 0x0000000081880000, 0x0000000095550000)
  eden space 20096K,   0% used [0x0000000080000000, 0x0000000080000000, 0x00000000813a0000)
  from space 2496K,  45% used [0x0000000081610000, 0x000000008172d850, 0x0000000081880000)
  to   space 2496K,   0% used [0x00000000813a0000, 0x00000000813a0000, 0x0000000081610000)
 tenured generation   total 50140K, used 29578K [0x0000000095550000, 0x0000000098647000, 0x00000000c0000000)
   the space 50140K,  58% used [0x0000000095550000, 0x0000000097232bb0, 0x0000000097232c00, 0x0000000098647000)
 compacting perm gen  total 66688K, used 66431K [0x00000000c0000000, 0x00000000c4120000, 0x0000000100000000)
   the space 66688K,  99% used [0x00000000c0000000, 0x00000000c40dfcb8, 0x00000000c40dfe00, 0x00000000c4120000)
No shared spaces configured.
}

Deoptimization events (10 events):
Event: 207.835 Thread 0x00007f7a4936e800 Uncommon trap -34 fr.pc 0x00007f7a453a0aa4
Event: 207.869 Thread 0x00007f7a4936e800 Uncommon trap -34 fr.pc 0x00007f7a453a0aa4
Event: 207.869 Thread 0x00007f7a4936e800 Uncommon trap -34 fr.pc 0x00007f7a453a0aa4
Event: 208.276 Thread 0x00007f7a4936e800 Uncommon trap -34 fr.pc 0x00007f7a454473f8
Event: 208.361 Thread 0x00007f7a4936e800 Uncommon trap -34 fr.pc 0x00007f7a454473f8
Event: 208.364 Thread 0x00007f7a4936e800 Uncommon trap -34 fr.pc 0x00007f7a454473f8
Event: 208.867 Thread 0x00007f7a4936e800 Uncommon trap -34 fr.pc 0x00007f7a454473f8
Event: 208.899 Thread 0x00007f7a4936e800 Uncommon trap -83 fr.pc 0x00007f7a45414f2c
Event: 209.665 Thread 0x00007f7a4936e800 Uncommon trap -34 fr.pc 0x00007f7a4518da64
Event: 209.667 Thread 0x00007f7a4936e800 Uncommon trap -34 fr.pc 0x00007f7a452ebb38

Internal exceptions (10 events):
Event: 209.662 Thread 0x00007f7a4936e800 Threw 0x0000000080fd4cc0 at /HUDSON/workspace/jdk7u25-2-build-linux-amd64-product/jdk7u25/hotspot/src/share/vm/prims/jvm.cpp:1235
Event: 209.662 Thread 0x00007f7a4936e800 Threw 0x0000000080fd5330 at /HUDSON/workspace/jdk7u25-2-build-linux-amd64-product/jdk7u25/hotspot/src/share/vm/prims/jvm.cpp:1235
Event: 209.662 Thread 0x00007f7a4936e800 Threw 0x0000000080fde060 at /HUDSON/workspace/jdk7u25-2-build-linux-amd64-product/jdk7u25/hotspot/src/share/vm/prims/jvm.cpp:1235
Event: 209.665 Thread 0x00007f7a4936e800 Threw 0x000000008100ab58 at /HUDSON/workspace/jdk7u25-2-build-linux-amd64-product/jdk7u25/hotspot/src/share/vm/prims/jvm.cpp:1235
Event: 209.666 Thread 0x00007f7a4936e800 Threw 0x000000008102b2f8 at /HUDSON/workspace/jdk7u25-2-build-linux-amd64-product/jdk7u25/hotspot/src/share/vm/prims/jvm.cpp:1235
Event: 209.666 Thread 0x00007f7a4936e800 Threw 0x000000008103b830 at /HUDSON/workspace/jdk7u25-2-build-linux-amd64-product/jdk7u25/hotspot/src/share/vm/prims/jvm.cpp:1235
Event: 220.739 Thread 0x00007f7a489aa800 Threw 0x00000000811f0bb8 at /HUDSON/workspace/jdk7u25-2-build-linux-amd64-product/jdk7u25/hotspot/src/share/vm/prims/jvm.cpp:1235
Event: 220.739 Thread 0x00007f7a489aa800 Threw 0x00000000812010d8 at /HUDSON/workspace/jdk7u25-2-build-linux-amd64-product/jdk7u25/hotspot/src/share/vm/prims/jvm.cpp:1235
Event: 220.756 Thread 0x00007f7a489aa800 Threw 0x0000000081249150 at /HUDSON/workspace/jdk7u25-2-build-linux-amd64-product/jdk7u25/hotspot/src/share/vm/prims/jvm.cpp:1235
Event: 220.756 Thread 0x00007f7a489aa800 Threw 0x0000000081259670 at /HUDSON/workspace/jdk7u25-2-build-linux-amd64-product/jdk7u25/hotspot/src/share/vm/prims/jvm.cpp:1235

Events (10 events):
Event: 220.700 Executing VM operation: RevokeBias
Event: 220.700 Executing VM operation: RevokeBias done
Event: 220.700 Executing VM operation: RevokeBias
Event: 220.700 Executing VM operation: RevokeBias done
Event: 220.704 Executing VM operation: RevokeBias
Event: 220.704 Executing VM operation: RevokeBias done
Event: 220.705 Executing VM operation: RevokeBias
Event: 220.705 Executing VM operation: RevokeBias done
Event: 220.737 Executing VM operation: RevokeBias
Event: 220.738 Executing VM operation: RevokeBias done


Dynamic libraries:
00400000-00401000 r-xp 00000000 08:01 3411560                            /usr/lib/jvm/java-7-oracle/bin/java
00600000-00601000 rw-p 00000000 08:01 3411560                            /usr/lib/jvm/java-7-oracle/bin/java
01898000-02121000 rw-p 00000000 00:00 0                                  [heap]
80000000-81880000 rw-p 00000000 00:00 0 
81880000-95550000 rw-p 00000000 00:00 0 
95550000-98647000 rw-p 00000000 00:00 0 
98647000-c0000000 rw-p 00000000 00:00 0 
c0000000-c4120000 rw-p 00000000 00:00 0 
c4120000-100000000 rw-p 00000000 00:00 0 
7f7a20000000-7f7a21eb5000 rw-p 00000000 00:00 0 
7f7a21eb5000-7f7a24000000 ---p 00000000 00:00 0 
7f7a26eda000-7f7a26edd000 r--s 00009000 08:01 1317125                    /tmp/Jetty_0_0_0_0_8080_webapp__sip__.s0kjx8/lib/Jetty-5618191344077944513.jar
7f7a26edd000-7f7a26edf000 r--s 0000b000 08:01 1317124                    /tmp/Jetty_0_0_0_0_8080_webapp__sip__.s0kjx8/lib/Jetty-1566334024591644784.jar
7f7a26edf000-7f7a26ee8000 r--s 00059000 08:01 1317123                    /tmp/Jetty_0_0_0_0_8080_webapp__sip__.s0kjx8/lib/Jetty-6207654931775158686.jar
7f7a26ee8000-7f7a26ef4000 r--s 0007a000 08:01 1317122                    /tmp/Jetty_0_0_0_0_8080_webapp__sip__.s0kjx8/lib/Jetty-7651690509916897110.jar
7f7a26ef4000-7f7a26ef7000 r--s 00012000 08:01 1317121                    /tmp/Jetty_0_0_0_0_8080_webapp__sip__.s0kjx8/lib/Jetty-4781058685063606710.jar
7f7a26ef7000-7f7a26ef8000 r--s 0000c000 08:01 1317120                    /tmp/Jetty_0_0_0_0_8080_webapp__sip__.s0kjx8/lib/Jetty-3823869817643336019.jar
7f7a26ef8000-7f7a26ef9000 r--s 00002000 08:01 1317119                    /tmp/Jetty_0_0_0_0_8080_webapp__sip__.s0kjx8/lib/Jetty-4336022833655474445.jar
7f7a26ef9000-7f7a26f03000 r--s 00064000 08:01 1317118                    /tmp/Jetty_0_0_0_0_8080_webapp__sip__.s0kjx8/lib/Jetty-7598783483190947014.jar
7f7a26f03000-7f7a26f0f000 r--s 00085000 08:01 1317117                    /tmp/Jetty_0_0_0_0_8080_webapp__sip__.s0kjx8/lib/Jetty-3152217888605921031.jar
7f7a26f0f000-7f7a26f18000 r--s 00051000 08:01 1317116                    /tmp/Jetty_0_0_0_0_8080_webapp__sip__.s0kjx8/lib/Jetty-7649021421238746316.jar
7f7a26f18000-7f7a26f1a000 r--s 00014000 08:01 1317115                    /tmp/Jetty_0_0_0_0_8080_webapp__sip__.s0kjx8/lib/Jetty-1385509120902293723.jar
7f7a26f1a000-7f7a26f1d000 r--s 00018000 08:01 1317114                    /tmp/Jetty_0_0_0_0_8080_webapp__sip__.s0kjx8/lib/Jetty-2831496069924297908.jar
7f7a26f1d000-7f7a26f1e000 r--s 00000000 08:01 1317113                    /tmp/Jetty_0_0_0_0_8080_webapp__sip__.s0kjx8/lib/Jetty-845533065042113428.jar
7f7a26f1e000-7f7a26f22000 r--s 0003d000 08:01 1317112                    /tmp/Jetty_0_0_0_0_8080_webapp__sip__.s0kjx8/lib/Jetty-329364983190803487.jar
7f7a26f22000-7f7a26f24000 r--s 00005000 08:01 1317111                    /tmp/Jetty_0_0_0_0_8080_webapp__sip__.s0kjx8/lib/Jetty-6432708486188549982.jar
7f7a26f24000-7f7a26f2d000 r--s 00049000 08:01 1317110                    /tmp/Jetty_0_0_0_0_8080_webapp__sip__.s0kjx8/lib/Jetty-2328405758152021297.jar
7f7a26f2d000-7f7a26f36000 r--s 0005e000 08:01 1317109                    /tmp/Jetty_0_0_0_0_8080_webapp__sip__.s0kjx8/lib/Jetty-8022528680872422475.jar
7f7a26f36000-7f7a26f38000 r--s 00000000 08:01 1317108                    /tmp/Jetty_0_0_0_0_8080_webapp__sip__.s0kjx8/lib/Jetty-5507751742245524634.jar
7f7a26f38000-7f7a26f41000 r--s 0006d000 08:01 1317106                    /tmp/Jetty_0_0_0_0_8080_webapp__sip__.s0kjx8/lib/Jetty-5496566408510924742.jar
7f7a26f41000-7f7a26f43000 r--s 0000e000 08:01 1317105                    /tmp/Jetty_0_0_0_0_8080_webapp__sip__.s0kjx8/lib/Jetty-5617940239344040857.jar
7f7a26f43000-7f7a26f58000 r--s 000b7000 08:01 1317104                    /tmp/Jetty_0_0_0_0_8080_webapp__sip__.s0kjx8/lib/Jetty-1312161559353824544.jar
7f7a26f58000-7f7a26f5e000 r--s 00048000 08:01 1317103                    /tmp/Jetty_0_0_0_0_8080_webapp__sip__.s0kjx8/lib/Jetty-6010831987408785672.jar
7f7a26f5e000-7f7a26f69000 r--s 00082000 08:01 1317102                    /tmp/Jetty_0_0_0_0_8080_webapp__sip__.s0kjx8/lib/Jetty-6938497215169458864.jar
7f7a26f69000-7f7a26f6f000 r--s 00028000 08:01 1317101                    /tmp/Jetty_0_0_0_0_8080_webapp__sip__.s0kjx8/lib/Jetty-3311026907488640792.jar
7f7a26f6f000-7f7a26f73000 r--s 00027000 08:01 1317100                    /tmp/Jetty_0_0_0_0_8080_webapp__sip__.s0kjx8/lib/Jetty-1549521526969317647.jar
7f7a26f73000-7f7a26f76000 r--s 0059d000 08:01 5376506                    /home/ian/.m2/repository/com/springinpractice/com.springinpractice.skin/1.0-RELEASE/com.springinpractice.skin-1.0-RELEASE.war
7f7a26f76000-7f7a26f80000 r--s 00371000 08:01 3279587                    /usr/lib/jvm/java-7-oracle/jre/lib/charsets.jar
7f7a26f80000-7f7a26f8a000 r--s 00371000 08:01 3279587                    /usr/lib/jvm/java-7-oracle/jre/lib/charsets.jar
7f7a26f8a000-7f7a26f8d000 ---p 00000000 00:00 0 
7f7a26f8d000-7f7a2708b000 rw-p 00000000 00:00 0                          [stack:8173]
7f7a2708b000-7f7a2708e000 ---p 00000000 00:00 0 
7f7a2708e000-7f7a2718c000 rw-p 00000000 00:00 0                          [stack:8174]
7f7a2718c000-7f7a2718f000 ---p 00000000 00:00 0 
7f7a2718f000-7f7a2728d000 rw-p 00000000 00:00 0                          [stack:8060]
7f7a2728d000-7f7a27290000 ---p 00000000 00:00 0 
7f7a27290000-7f7a2738e000 rw-p 00000000 00:00 0                          [stack:8059]
7f7a2738e000-7f7a27391000 ---p 00000000 00:00 0 
7f7a27391000-7f7a2748f000 rw-p 00000000 00:00 0                          [stack:8058]
7f7a2748f000-7f7a27492000 ---p 00000000 00:00 0 
7f7a27492000-7f7a27590000 rw-p 00000000 00:00 0                          [stack:8170]
7f7a27590000-7f7a27593000 ---p 00000000 00:00 0 
7f7a27593000-7f7a27691000 rw-p 00000000 00:00 0                          [stack:8171]
7f7a27691000-7f7a2769a000 r--s 0006d000 08:01 5246247                    /home/ian/.m2/repository/log4j/log4j/1.2.16/log4j-1.2.16.jar
7f7a2769a000-7f7a2769b000 r--s 00002000 08:01 5246246                    /home/ian/.m2/repository/org/slf4j/slf4j-log4j12/1.6.4/slf4j-log4j12-1.6.4.jar
7f7a2769b000-7f7a2769d000 r--s 00005000 08:01 5246245                    /home/ian/.m2/repository/org/slf4j/slf4j-api/1.6.4/slf4j-api-1.6.4.jar
7f7a2769d000-7f7a276a0000 r--s 00009000 08:01 5246244                    /home/ian/.m2/repository/javax/validation/validation-api/1.0.0.GA/validation-api-1.0.0.GA.jar
7f7a276a0000-7f7a276a9000 r--s 00051000 08:01 5246036                    /home/ian/.m2/repository/org/hibernate/hibernate-validator/4.2.0.Final/hibernate-validator-4.2.0.Final.jar
7f7a276a9000-7f7a276ad000 r--s 00027000 08:01 5246235                    /home/ian/.m2/repository/org/springframework/org.springframework.expression/3.1.2.RELEASE/org.springframework.expression-3.1.2.RELEASE.jar
7f7a276ad000-7f7a276b6000 r--s 00049000 08:01 5246233                    /home/ian/.m2/repository/org/springframework/org.springframework.aop/3.1.2.RELEASE/org.springframework.aop-3.1.2.RELEASE.jar
7f7a276b6000-7f7a276cb000 r--s 000b7000 08:01 5246232                    /home/ian/.m2/repository/org/springframework/org.springframework.context/3.1.2.RELEASE/org.springframework.context-3.1.2.RELEASE.jar
7f7a276cb000-7f7a276cc000 r--s 0000c000 08:01 5246231                    /home/ian/.m2/repository/org/springframework/org.springframework.asm/3.1.2.RELEASE/org.springframework.asm-3.1.2.RELEASE.jar
7f7a276cc000-7f7a276d8000 r--s 00085000 08:01 5246230                    /home/ian/.m2/repository/org/springframework/org.springframework.beans/3.1.2.RELEASE/org.springframework.beans-3.1.2.RELEASE.jar
7f7a276d8000-7f7a276da000 r--s 0000b000 08:01 5246229                    /home/ian/.m2/repository/org/springframework/org.springframework.aspects/3.1.2.RELEASE/org.springframework.aspects-3.1.2.RELEASE.jar
7f7a276da000-7f7a276e4000 r--s 00064000 08:01 5246228                    /home/ian/.m2/repository/org/springframework/org.springframework.core/3.1.2.RELEASE/org.springframework.core-3.1.2.RELEASE.jar
7f7a276e4000-7f7a276ea000 r--s 00048000 08:01 5246023                    /home/ian/.m2/repository/org/apache/commons/commons-lang3/3.1/commons-lang3-3.1.jar
7f7a276ea000-7f7a276ee000 r--s 0003d000 08:01 5246256                    /home/ian/.m2/repository/org/apache/commons/com.springsource.org.apache.commons.lang/2.4.0/com.springsource.org.apache.commons.lang-2.4.0.jar
7f7a276ee000-7f7a276f0000 r--s 0000e000 08:01 5246255                    /home/ian/.m2/repository/org/apache/commons/com.springsource.org.apache.commons.logging/1.1.1/com.springsource.org.apache.commons.logging-1.1.1.jar
7f7a276f0000-7f7a276f1000 r--s 00000000 08:01 5246254                    /home/ian/.m2/repository/javax/inject/com.springsource.javax.inject/1.0.0/com.springsource.javax.inject-1.0.0.jar
7f7a276f1000-7f7a276f6000 r--s 0002e000 08:01 5246938                    /home/ian/.m2/repository/net/sourceforge/ehcache/com.springsource.net.sf.ehcache/1.6.2/com.springsource.net.sf.ehcache-1.6.2.jar
7f7a276f6000-7f7a276fd000 r--s 00033000 08:01 5636192                    /home/ian/.m2/repository/org/springframework/security/org.springframework.security.web/3.0.3.RELEASE/org.springframework.security.web-3.0.3.RELEASE.jar
7f7a276fd000-7f7a276fe000 r--s 00004000 08:01 5636191                    /home/ian/.m2/repository/org/springframework/security/org.springframework.security.taglibs/3.0.3.RELEASE/org.springframework.security.taglibs-3.0.3.RELEASE.jar
7f7a276fe000-7f7a27700000 r--s 00000000 08:01 5246259                    /home/ian/.m2/repository/org/aopalliance/com.springsource.org.aopalliance/1.0.0/com.springsource.org.aopalliance-1.0.0.jar
7f7a27700000-7f7a2770a000 r--s 00042000 08:01 5636190                    /home/ian/.m2/repository/org/springframework/security/org.springframework.security.core/3.0.3.RELEASE/org.springframework.security.core-3.0.3.RELEASE.jar
7f7a2770a000-7f7a2770c000 r--s 00028000 08:01 5510986                    /home/ian/.m2/repository/org/springframework/security/org.springframework.security.config/3.0.3.RELEASE/org.springframework.security.config-3.0.3.RELEASE.jar
7f7a2770c000-7f7a2770f000 r--s 00011000 08:01 5636925                    /home/ian/.m2/repository/org/springframework/security/org.springframework.security.acls/3.0.3.RELEASE/org.springframework.security.acls-3.0.3.RELEASE.jar
7f7a2770f000-7f7a27715000 r--s 00028000 08:01 5373960                    /home/ian/.m2/repository/com/opensymphony/sitemesh/com.springsource.com.opensymphony.sitemesh/2.4.1/com.springsource.com.opensymphony.sitemesh-2.4.1.jar
7f7a27715000-7f7a27718000 r--s 00018000 08:01 5246629                    /home/ian/.m2/repository/org/springframework/org.springframework.context.support/3.1.2.RELEASE/org.springframework.context.support-3.1.2.RELEASE.jar
7f7a27718000-7f7a27723000 r--s 00082000 08:01 5246628                    /home/ian/.m2/repository/org/springframework/org.springframework.web.servlet/3.1.2.RELEASE/org.springframework.web.servlet-3.1.2.RELEASE.jar
7f7a27723000-7f7a2772f000 r--s 0007a000 08:01 5246627                    /home/ian/.m2/repository/org/springframework/org.springframework.web/3.1.2.RELEASE/org.springframework.web-3.1.2.RELEASE.jar
7f7a2772f000-7f7a27738000 r--s 00059000 08:01 5246576                    /home/ian/.m2/repository/org/apache/taglibs/com.springsource.org.apache.taglibs.standard/1.1.2/com.springsource.org.apache.taglibs.standard-1.1.2.jar
7f7a27738000-7f7a27741000 r--s 0005e000 08:01 5246575                    /home/ian/.m2/repository/javax/servlet/com.springsource.javax.servlet.jsp.jstl/1.2.0/com.springsource.javax.servlet.jsp.jstl-1.2.0.jar
7f7a27741000-7f7a27744000 r--s 00012000 08:01 5246574                    /home/ian/.m2/repository/javax/servlet/com.springsource.javax.servlet.jsp/2.1.0/com.springsource.javax.servlet.jsp-2.1.0.jar
7f7a27744000-7f7a27746000 r--s 00014000 08:01 5246291                    /home/ian/.m2/repository/javax/servlet/com.springsource.javax.servlet/2.5.0/com.springsource.javax.servlet-2.5.0.jar
7f7a27746000-7f7a2774f000 r--s 00095000 08:01 5246434                    /home/ian/.m2/repository/javassist/javassist/3.12.1.GA/javassist-3.12.1.GA.jar
7f7a2774f000-7f7a27755000 r--s 0004a000 08:01 5246431                    /home/ian/.m2/repository/cglib/cglib-nodep/2.2.2/cglib-nodep-2.2.2.jar
7f7a27755000-7f7a27757000 r--s 0000e000 08:01 5246420                    /home/ian/.m2/repository/org/apache/commons/com.springsource.org.apache.commons.pool/1.3.0/com.springsource.org.apache.commons.pool-1.3.0.jar
7f7a27757000-7f7a27759000 r--s 0001c000 08:01 5246418                    /home/ian/.m2/repository/org/apache/commons/com.springsource.org.apache.commons.dbcp/1.2.2.osgi/com.springsource.org.apache.commons.dbcp-1.2.2.osgi.jar
7f7a27759000-7f7a2775f000 r--s 000a7000 08:01 5246417                    /home/ian/.m2/repository/com/mysql/jdbc/com.springsource.com.mysql.jdbc/5.1.6/com.springsource.com.mysql.jdbc-5.1.6.jar
7f7a2775f000-7f7a27764000 r--s 00015000 08:01 5246425                    /home/ian/.m2/repository/org/hibernate/javax/persistence/hibernate-jpa-2.0-api/1.0.1.Final/hibernate-jpa-2.0-api-1.0.1.Final.jar
7f7a27764000-7f7a27767000 r--s 0000f000 08:01 5246424                    /home/ian/.m2/repository/org/hibernate/hibernate-commons-annotations/3.2.0.Final/hibernate-commons-annotations-3.2.0.Final.jar
7f7a27767000-7f7a2776c000 r--s 00048000 08:01 5246423                    /home/ian/.m2/repository/dom4j/dom4j/1.6.1/dom4j-1.6.1.jar
7f7a2776c000-7f7a27779000 r--s 0007c000 08:01 5246422                    /home/ian/.m2/repository/commons-collections/commons-collections/3.1/commons-collections-3.1.jar
7f7a27779000-7f7a2777f000 r--s 00067000 08:01 5246421                    /home/ian/.m2/repository/antlr/antlr/2.7.6/antlr-2.7.6.jar
7f7a2777f000-7f7a277b1000 r--s 002c8000 08:01 5246416                    /home/ian/.m2/repository/org/hibernate/hibernate-core/3.6.8.Final/hibernate-core-3.6.8.Final.jar
7f7a277b1000-7f7a277b8000 r--s 00035000 08:01 5246406                    /home/ian/.m2/repository/org/springframework/org.springframework.transaction/3.1.2.RELEASE/org.springframework.transaction-3.1.2.RELEASE.jar
7f7a277b8000-7f7a277c2000 r--s 00059000 08:01 5246405                    /home/ian/.m2/repository/org/springframework/org.springframework.jdbc/3.1.2.RELEASE/org.springframework.jdbc-3.1.2.RELEASE.jar
7f7a277c2000-7f7a277cb000 r--s 00054000 08:01 5246404                    /home/ian/.m2/repository/org/springframework/org.springframework.orm/3.1.2.RELEASE/org.springframework.orm-3.1.2.RELEASE.jar
7f7a277cb000-7f7a277cc000 r--s 00003000 08:01 5246415                    /home/ian/.m2/repository/javax/transaction/jta/1.1/jta-1.1.jar
7f7a277cc000-7f7a277d1000 r--s 0001c000 08:01 5246402                    /home/ian/.m2/repository/javax/persistence/com.springsource.javax.persistence/2.0.0/com.springsource.javax.persistence-2.0.0.jar
7f7a277d1000-7f7a277d2000 r--s 00001000 08:01 5376402                    /home/ian/.m2/repository/com/springinpractice/com.springinpractice.api/1.0-RELEASE/com.springinpractice.api-1.0-RELEASE.jar
7f7a277d2000-7f7a277d5000 r--s 00009000 08:01 1317097                    /tmp/Jetty_0_0_0_0_8080_webapp__sip__.s0kjx8/lib/Jetty-6805044181790460145.jar (deleted)
7f7a277d5000-7f7a277d7000 r--s 0000b000 08:01 1317096                    /tmp/Jetty_0_0_0_0_8080_webapp__sip__.s0kjx8/lib/Jetty-7756692693253626632.jar (deleted)
7f7a277d7000-7f7a277e0000 r--s 00059000 08:01 1317095                    /tmp/Jetty_0_0_0_0_8080_webapp__sip__.s0kjx8/lib/Jetty-6467086060630593074.jar (deleted)
7f7a277e0000-7f7a277ec000 r--s 0007a000 08:01 1317094                    /tmp/Jetty_0_0_0_0_8080_webapp__sip__.s0kjx8/lib/Jetty-6623560062760815260.jar (deleted)
7f7a277ec000-7f7a277ef000 r--s 00012000 08:01 1317093                    /tmp/Jetty_0_0_0_0_8080_webapp__sip__.s0kjx8/lib/Jetty-3790484926086059643.jar (deleted)
7f7a277ef000-7f7a277f0000 r--s 0000c000 08:01 1317092                    /tmp/Jetty_0_0_0_0_8080_webapp__sip__.s0kjx8/lib/Jetty-4055481771707185375.jar (deleted)
7f7a277f0000-7f7a277f1000 r--s 00002000 08:01 1317091                    /tmp/Jetty_0_0_0_0_8080_webapp__sip__.s0kjx8/lib/Jetty-5535556896201452999.jar (deleted)
7f7a277f1000-7f7a277fb000 r--s 00064000 08:01 1317090                    /tmp/Jetty_0_0_0_0_8080_webapp__sip__.s0kjx8/lib/Jetty-6710335665262183771.jar (deleted)
7f7a277fb000-7f7a27807000 r--s 00085000 08:01 1317089                    /tmp/Jetty_0_0_0_0_8080_webapp__sip__.s0kjx8/lib/Jetty-2862242318655888744.jar (deleted)
7f7a27807000-7f7a27810000 r--s 00051000 08:01 1317088                    /tmp/Jetty_0_0_0_0_8080_webapp__sip__.s0kjx8/lib/Jetty-704659155519766168.jar (deleted)
7f7a27810000-7f7a27812000 r--s 00014000 08:01 1317087                    /tmp/Jetty_0_0_0_0_8080_webapp__sip__.s0kjx8/lib/Jetty-3039335929611935464.jar (deleted)
7f7a27812000-7f7a27815000 r--s 00018000 08:01 1317086                    /tmp/Jetty_0_0_0_0_8080_webapp__sip__.s0kjx8/lib/Jetty-371149564410468875.jar (deleted)
7f7a27815000-7f7a27816000 r--s 00000000 08:01 1317085                    /tmp/Jetty_0_0_0_0_8080_webapp__sip__.s0kjx8/lib/Jetty-9184487787411636453.jar (deleted)
7f7a27816000-7f7a2781a000 r--s 0003d000 08:01 1317084                    /tmp/Jetty_0_0_0_0_8080_webapp__sip__.s0kjx8/lib/Jetty-3273523442935889050.jar (deleted)
7f7a2781a000-7f7a2781c000 r--s 00005000 08:01 1317083                    /tmp/Jetty_0_0_0_0_8080_webapp__sip__.s0kjx8/lib/Jetty-2524490421431922308.jar (deleted)
7f7a2781c000-7f7a27825000 r--s 00049000 08:01 1317082                    /tmp/Jetty_0_0_0_0_8080_webapp__sip__.s0kjx8/lib/Jetty-5289029843118304588.jar (deleted)
7f7a27825000-7f7a2782e000 r--s 0005e000 08:01 1317081                    /tmp/Jetty_0_0_0_0_8080_webapp__sip__.s0kjx8/lib/Jetty-4095882786577012347.jar (deleted)
7f7a2782e000-7f7a27830000 r--s 00000000 08:01 1317080                    /tmp/Jetty_0_0_0_0_8080_webapp__sip__.s0kjx8/lib/Jetty-6055008027496391537.jar (deleted)
7f7a27830000-7f7a27839000 r--s 0006d000 08:01 1317079                    /tmp/Jetty_0_0_0_0_8080_webapp__sip__.s0kjx8/lib/Jetty-495073256589523960.jar (deleted)
7f7a27839000-7f7a2783b000 r--s 0000e000 08:01 1317078                    /tmp/Jetty_0_0_0_0_8080_webapp__sip__.s0kjx8/lib/Jetty-3034703734148325490.jar (deleted)
7f7a2783b000-7f7a27850000 r--s 000b7000 08:01 1317077                    /tmp/Jetty_0_0_0_0_8080_webapp__sip__.s0kjx8/lib/Jetty-4356355150910212572.jar (deleted)
7f7a27850000-7f7a27856000 r--s 00048000 08:01 1317076                    /tmp/Jetty_0_0_0_0_8080_webapp__sip__.s0kjx8/lib/Jetty-2206143770622850062.jar (deleted)
7f7a27856000-7f7a27861000 r--s 00082000 08:01 1317075                    /tmp/Jetty_0_0_0_0_8080_webapp__sip__.s0kjx8/lib/Jetty-1980966214709039446.jar (deleted)
7f7a27861000-7f7a27867000 r--s 00028000 08:01 1317074                    /tmp/Jetty_0_0_0_0_8080_webapp__sip__.s0kjx8/lib/Jetty-2218714669295695378.jar (deleted)
7f7a27867000-7f7a2786b000 r--s 00027000 08:01 1317072                    /tmp/Jetty_0_0_0_0_8080_webapp__sip__.s0kjx8/lib/Jetty-3941137654605534153.jar (deleted)
7f7a2786b000-7f7a2786e000 r--s 0059d000 08:01 5376506                    /home/ian/.m2/repository/com/springinpractice/com.springinpractice.skin/1.0-RELEASE/com.springinpractice.skin-1.0-RELEASE.war
7f7a2786e000-7f7a27871000 ---p 00000000 00:00 0 
7f7a27871000-7f7a2796f000 rw-p 00000000 00:00 0                          [stack:8055]
7f7a2796f000-7f7a27972000 ---p 00000000 00:00 0 
7f7a27972000-7f7a27a70000 rw-p 00000000 00:00 0                          [stack:8054]
7f7a27a70000-7f7a27a7a000 r--s 00254000 08:01 3279458                    /usr/lib/jvm/java-7-oracle/jre/lib/resources.jar
7f7a27a7a000-7f7a27a7c000 r--s 00003000 08:01 5377042                    /home/ian/.m2/repository/org/mortbay/jetty/start/6.1.21/start-6.1.21.jar
7f7a27a7c000-7f7a27a7d000 r--s 00002000 08:01 5377037                    /home/ian/.m2/repository/org/apache/geronimo/specs/geronimo-annotation_1.0_spec/1.0/geronimo-annotation_1.0_spec-1.0.jar
7f7a27a7d000-7f7a27a7f000 r--s 00002000 08:01 5377035                    /home/ian/.m2/repository/org/mortbay/jetty/jetty-annotations/6.1.21/jetty-annotations-6.1.21.jar
7f7a27a7f000-7f7a27a8e000 r--s 000ee000 08:01 5377033                    /home/ian/.m2/repository/ant/ant/1.6.5/ant-1.6.5.jar
7f7a27a8e000-7f7a27a9f000 r--s 000ea000 08:01 5377031                    /home/ian/.m2/repository/org/mortbay/jetty/jsp-2.1-glassfish/9.1.1.B60.25.p2/jsp-2.1-glassfish-9.1.1.B60.25.p2.jar
7f7a27a9f000-7f7a27aa2000 r--s 0001e000 08:01 5377030                    /home/ian/.m2/repository/org/mortbay/jetty/jsp-api-2.1-glassfish/9.1.1.B60.25.p2/jsp-api-2.1-glassfish-9.1.1.B60.25.p2.jar
7f7a27aa2000-7f7a27ac5000 r--s 00344000 08:01 5377046                    /home/ian/.m2/repository/org/eclipse/jdt/core/3.1.1/core-3.1.1.jar
7f7a27ac5000-7f7a27ac7000 r--s 00000000 08:01 5377028                    /home/ian/.m2/repository/org/mortbay/jetty/jsp-2.1-jetty/6.1.21/jsp-2.1-jetty-6.1.21.jar
7f7a27ac7000-7f7a27ac9000 r--s 00007000 08:01 5377026                    /home/ian/.m2/repository/org/mortbay/jetty/jetty-management/6.1.21/jetty-management-6.1.21.jar
7f7a27ac9000-7f7a27acb000 r--s 0000e000 08:01 5377021                    /home/ian/.m2/repository/javax/activation/activation/1.1/activation-1.1.jar
7f7a27acb000-7f7a27ad1000 r--s 00059000 08:01 5377022                    /home/ian/.m2/repository/javax/mail/mail/1.4/mail-1.4.jar
7f7a27ad1000-7f7a27ad2000 r--s 00006000 08:01 5377023                    /home/ian/.m2/repository/org/mortbay/jetty/jetty-naming/6.1.21/jetty-naming-6.1.21.jar
7f7a27ad2000-7f7a27ad4000 r--s 00002000 08:01 5376956                    /home/ian/.m2/repository/geronimo-spec/geronimo-spec-jta/1.0.1B-rc4/geronimo-spec-jta-1.0.1B-rc4.jar
7f7a27ad4000-7f7a27ad6000 r--s 0000d000 08:01 5376954                    /home/ian/.m2/repository/org/mortbay/jetty/jetty-plus/6.1.21/jetty-plus-6.1.21.jar
7f7a27ad6000-7f7a27ad8000 r--s 00004000 08:01 5376952                    /home/ian/.m2/repository/org/apache/maven/maven-plugin-tools-api/2.0/maven-plugin-tools-api-2.0.jar
7f7a27ad8000-7f7a27adb000 ---p 00000000 00:00 0 
7f7a27adb000-7f7a27bd9000 rw-p 00000000 00:00 0                          [stack:8050]
7f7a27bd9000-7f7a27bee000 r-xp 00000000 08:01 3279533                    /usr/lib/jvm/java-7-oracle/jre/lib/amd64/libnet.so
7f7a27bee000-7f7a27dee000 ---p 00015000 08:01 3279533                    /usr/lib/jvm/java-7-oracle/jre/lib/amd64/libnet.so
7f7a27dee000-7f7a27def000 rw-p 00015000 08:01 3279533                    /usr/lib/jvm/java-7-oracle/jre/lib/amd64/libnet.so
7f7a27def000-7f7a27dff000 r-xp 00000000 08:01 3279557                    /usr/lib/jvm/java-7-oracle/jre/lib/amd64/libnio.so
7f7a27dff000-7f7a27fff000 ---p 00010000 08:01 3279557                    /usr/lib/jvm/java-7-oracle/jre/lib/amd64/libnio.so
7f7a27fff000-7f7a28000000 rw-p 00010000 08:01 3279557                    /usr/lib/jvm/java-7-oracle/jre/lib/amd64/libnio.so
7f7a28000000-7f7a29dd2000 rw-p 00000000 00:00 0 
7f7a29dd2000-7f7a2c000000 ---p 00000000 00:00 0 
7f7a2c000000-7f7a2c02b000 rw-p 00000000 00:00 0 
7f7a2c02b000-7f7a30000000 ---p 00000000 00:00 0 
7f7a30000000-7f7a30042000 rw-p 00000000 00:00 0 
7f7a30042000-7f7a34000000 ---p 00000000 00:00 0 
7f7a34000000-7f7a37ffc000 rw-p 00000000 00:00 0 
7f7a37ffc000-7f7a38000000 ---p 00000000 00:00 0 
7f7a38000000-7f7a38021000 rw-p 00000000 00:00 0 
7f7a38021000-7f7a3c000000 ---p 00000000 00:00 0 
7f7a3c000000-7f7a3c021000 rw-p 00000000 00:00 0 
7f7a3c021000-7f7a40000000 ---p 00000000 00:00 0 
7f7a40000000-7f7a401a6000 rw-p 00000000 00:00 0 
7f7a401a6000-7f7a44000000 ---p 00000000 00:00 0 
7f7a44001000-7f7a44004000 r--s 0001b000 08:01 5376948                    /home/ian/.m2/repository/junit/junit/3.8.2/junit-3.8.2.jar
7f7a44004000-7f7a44007000 r--s 00027000 08:01 5376947                    /home/ian/.m2/repository/org/codehaus/plexus/plexus-utils/1.1/plexus-utils-1.1.jar
7f7a44007000-7f7a44009000 r--s 0001f000 08:01 5376946                    /home/ian/.m2/repository/org/mortbay/jetty/servlet-api/2.5-20081211/servlet-api-2.5-20081211.jar
7f7a44009000-7f7a4400c000 r--s 00028000 08:01 5376949                    /home/ian/.m2/repository/org/mortbay/jetty/jetty-util/6.1.21/jetty-util-6.1.21.jar
7f7a4400c000-7f7a44013000 r--s 0007c000 08:01 5376950                    /home/ian/.m2/repository/org/mortbay/jetty/jetty/6.1.21/jetty-6.1.21.jar
7f7a44013000-7f7a4407e000 r--s 00e18000 08:01 3411741                    /usr/lib/jvm/java-7-oracle/lib/tools.jar
7f7a4407e000-7f7a4407f000 r--s 00003000 08:01 5246002                    /home/ian/.m2/repository/org/codehaus/plexus/plexus-compiler-javac/1.9.1/plexus-compiler-javac-1.9.1.jar
7f7a4407f000-7f7a44081000 r--s 00000000 08:01 5246001                    /home/ian/.m2/repository/org/codehaus/plexus/plexus-compiler-manager/1.9.1/plexus-compiler-manager-1.9.1.jar
7f7a44081000-7f7a44083000 r--s 00004000 08:01 5246000                    /home/ian/.m2/repository/org/codehaus/plexus/plexus-compiler-api/1.9.1/plexus-compiler-api-1.9.1.jar
7f7a44083000-7f7a44087000 r--s 00034000 08:01 5245999                    /home/ian/.m2/repository/org/codehaus/plexus/plexus-utils/3.0/plexus-utils-3.0.jar
7f7a44087000-7f7a44088000 r--s 00007000 08:01 5245654                    /home/ian/.m2/repository/org/apache/maven/plugins/maven-compiler-plugin/2.5.1/maven-compiler-plugin-2.5.1.jar
7f7a44088000-7f7a4408a000 r--s 0000b000 08:01 5376588                    /home/ian/.m2/repository/org/codehaus/plexus/plexus-interpolation/1.6/plexus-interpolation-1.6.jar
7f7a4408a000-7f7a4408c000 r--s 00002000 08:01 5246685                    /home/ian/.m2/repository/org/codehaus/plexus/plexus-interactivity-api/1.0-alpha-4/plexus-interactivity-api-1.0-alpha-4.jar
7f7a4408c000-7f7a4408e000 r--s 00006000 08:01 5246684                    /home/ian/.m2/repository/commons-cli/commons-cli/1.0/commons-cli-1.0.jar
7f7a4408e000-7f7a4408f000 r--s 00001000 08:01 5246683                    /home/ian/.m2/repository/org/apache/maven/doxia/doxia-sink-api/1.0-alpha-7/doxia-sink-api-1.0-alpha-7.jar
7f7a4408f000-7f7a44090000 r--s 00002000 08:01 5246680                    /home/ian/.m2/repository/org/apache/maven/reporting/maven-reporting-api/2.0.6/maven-reporting-api-2.0.6.jar
7f7a44090000-7f7a44092000 r--s 00007000 08:01 5374277                    /home/ian/.m2/repository/org/apache/maven/shared/maven-filtering/1.0-beta-2/maven-filtering-1.0-beta-2.jar
7f7a44092000-7f7a44094000 r--s 00004000 08:01 5247522                    /home/ian/.m2/repository/org/apache/maven/plugins/maven-resources-plugin/2.3/maven-resources-plugin-2.3.jar
7f7a44094000-7f7a44099000 r--s 00039000 08:01 5377016                    /home/ian/.m2/repository/org/codehaus/plexus/plexus-utils/1.5.6/plexus-utils-1.5.6.jar
7f7a44099000-7f7a4409b000 r--s 00008000 08:01 5377015                    /home/ian/.m2/repository/org/apache/maven/shared/maven-shared-io/1.1/maven-shared-io-1.1.jar
7f7a4409b000-7f7a4409d000 r--s 00008000 08:01 5377014                    /home/ian/.m2/repository/org/apache/maven/shared/file-management/1.2.1/file-management-1.2.1.jar
7f7a4409d000-7f7a440a0000 r--s 0001b000 08:01 5246003                    /home/ian/.m2/repository/junit/junit/3.8.1/junit-3.8.1.jar
7f7a440a0000-7f7a440a2000 r--s 00003000 08:01 5247516                    /home/ian/.m2/repository/org/apache/maven/plugins/maven-clean-plugin/2.3/maven-clean-plugin-2.3.jar
7f7a440a2000-7f7a440a5000 ---p 00000000 00:00 0 
7f7a440a5000-7f7a440fb000 rw-p 00000000 00:00 0 
7f7a440fb000-7f7a440fd000 r--s 0000c000 08:01 1056834                    /usr/share/java/commons-logging-1.1.1.jar
7f7a440fd000-7f7a44100000 r--s 00011000 08:01 1057026                    /usr/share/java/commons-codec-1.5.jar
7f7a44100000-7f7a44106000 r--s 00045000 08:01 1057167                    /usr/share/java/commons-httpclient-3.1.jar
7f7a44106000-7f7a4410d000 r--s 00040000 08:01 1057369                    /usr/share/java/sisu-inject-bean.jar
7f7a4410d000-7f7a44113000 r--s 0003e000 08:01 1712478                    /usr/share/maven/lib/maven-compat-3.0.4.jar
7f7a44113000-7f7a44115000 r--s 0000a000 08:01 1056977                    /usr/share/java/plexus-classworlds2-2.4.jar
7f7a44115000-7f7a44116000 ---p 00000000 00:00 0 
7f7a44116000-7f7a44216000 rw-p 00000000 00:00 0                          [stack:8049]
7f7a44216000-7f7a44219000 ---p 00000000 00:00 0 
7f7a44219000-7f7a44317000 rw-p 00000000 00:00 0                          [stack:8048]
7f7a44317000-7f7a4431a000 ---p 00000000 00:00 0 
7f7a4431a000-7f7a44418000 rw-p 00000000 00:00 0                          [stack:8047]
7f7a44418000-7f7a4441b000 ---p 00000000 00:00 0 
7f7a4441b000-7f7a44519000 rw-p 00000000 00:00 0                          [stack:8046]
7f7a44519000-7f7a4451c000 ---p 00000000 00:00 0 
7f7a4451c000-7f7a4461a000 rw-p 00000000 00:00 0                          [stack:8045]
7f7a4461a000-7f7a44cfd000 r--p 00000000 08:01 793174                     /usr/lib/locale/locale-archive
7f7a44cfd000-7f7a44d00000 ---p 00000000 00:00 0 
7f7a44d00000-7f7a44dfe000 rw-p 00000000 00:00 0                          [stack:8044]
7f7a44dfe000-7f7a44e01000 ---p 00000000 00:00 0 
7f7a44e01000-7f7a44eff000 rw-p 00000000 00:00 0                          [stack:8043]
7f7a44eff000-7f7a44f00000 ---p 00000000 00:00 0 
7f7a44f00000-7f7a45000000 rw-p 00000000 00:00 0                          [stack:8042]
7f7a45000000-7f7a454e0000 rwxp 00000000 00:00 0 
7f7a454e0000-7f7a4944f000 rw-p 00000000 00:00 0 
7f7a4944f000-7f7a4c000000 ---p 00000000 00:00 0 
7f7a4c001000-7f7a4c002000 rw-p 00000000 00:00 0 
7f7a4c002000-7f7a4c006000 r--s 000f7000 08:01 3411553                    /usr/lib/jvm/java-7-oracle/jre/lib/ext/localedata.jar
7f7a4c006000-7f7a4c008000 r--s 0000a000 08:01 5376693                    /home/ian/.m2/repository/org/mortbay/jetty/maven-jetty-plugin/6.1.21/maven-jetty-plugin-6.1.21.jar
7f7a4c008000-7f7a4c00c000 r--s 0008a000 08:01 3279592                    /usr/lib/jvm/java-7-oracle/jre/lib/jsse.jar
7f7a4c00c000-7f7a4c012000 r--s 0002c000 08:01 1057377                    /usr/share/java/sisu-inject-plexus.jar
7f7a4c012000-7f7a4c014000 r--s 0000a000 08:01 1712477                    /usr/share/maven/lib/maven-artifact-3.0.4.jar
7f7a4c014000-7f7a4c016000 r--s 00009000 08:01 1712486                    /usr/share/maven/lib/maven-settings-3.0.4.jar
7f7a4c016000-7f7a4c018000 r--s 00008000 08:01 1712480                    /usr/share/maven/lib/maven-embedder-3.0.4.jar
7f7a4c018000-7f7a4c01a000 r--s 00007000 08:01 1712485                    /usr/share/maven/lib/maven-settings-builder-3.0.4.jar
7f7a4c01a000-7f7a4c01c000 r--s 00003000 08:01 1056999                    /usr/share/java/jsr305-0.1~+svn49.jar
7f7a4c01c000-7f7a4c033000 r--s 000de000 08:01 1057353                    /usr/share/java/guava-r09.jar
7f7a4c033000-7f7a4c03f000 r--s 00082000 08:01 3540416                    /usr/share/maven-repo/org/sonatype/sisu/sisu-guice/3.1.0/sisu-guice-3.1.0.jar
7f7a4c03f000-7f7a4c043000 r--s 00033000 08:01 1057335                    /usr/share/java/plexus-utils2-2.0.5.jar
7f7a4c043000-7f7a4c045000 r--s 00025000 08:01 1712482                    /usr/share/maven/lib/maven-model-3.0.4.jar
7f7a4c045000-7f7a4c047000 r--s 00005000 08:01 1712484                    /usr/share/maven/lib/maven-repository-metadata-3.0.4.jar
7f7a4c047000-7f7a4c049000 r--s 00007000 08:01 1056997                    /usr/share/java/commons-cli-1.2.jar
7f7a4c049000-7f7a4c04b000 r--s 00006000 08:01 3540621                    /usr/share/maven-repo/org/sonatype/aether/aether-connector-wagon/1.13.1/aether-connector-wagon-1.13.1.jar
7f7a4c04b000-7f7a4c04c000 r--s 00001000 08:01 1057251                    /usr/share/java/wagon-http.jar
7f7a4c04c000-7f7a4c04d000 r--s 00001000 08:01 1057247                    /usr/share/java/wagon-file.jar
7f7a4c04d000-7f7a4c04f000 r--s 0000a000 08:01 1057245                    /usr/share/java/wagon-provider-api.jar
7f7a4c04f000-7f7a4c052000 r--s 00013000 08:01 3540603                    /usr/share/maven-repo/org/sonatype/aether/aether-api/1.13.1/aether-api-1.13.1.jar
7f7a4c052000-7f7a4c054000 r--s 00002000 08:01 3539638                    /usr/share/maven-repo/org/sonatype/plexus/plexus-cipher/1.5/plexus-cipher-1.5.jar
7f7a4c054000-7f7a4c056000 r--s 0000b000 08:01 3539201                    /usr/share/maven-repo/org/codehaus/plexus/plexus-interpolation/1.11/plexus-interpolation-1.11.jar
7f7a4c056000-7f7a4c057000 r--s 00006000 08:01 3539645                    /usr/share/maven-repo/org/sonatype/plexus/plexus-sec-dispatcher/1.3.1/plexus-sec-dispatcher-1.3.1.jar
7f7a4c057000-7f7a4c05b000 r--s 00020000 08:01 1712481                    /usr/share/maven/lib/maven-model-builder-3.0.4.jar
7f7a4c05b000-7f7a4c05d000 r--s 00009000 08:01 1712483                    /usr/share/maven/lib/maven-plugin-api-3.0.4.jar
7f7a4c05d000-7f7a4c060000 r--s 0001d000 08:01 3540615                    /usr/share/maven-repo/org/sonatype/aether/aether-impl/1.13.1/aether-impl-1.13.1.jar
7f7a4c060000-7f7a4c06c000 r--s 0007c000 08:01 1712479                    /usr/share/maven/lib/maven-core-3.0.4.jar
7f7a4c06c000-7f7a4c070000 r--s 0001c000 08:01 3540586                    /usr/share/maven-repo/org/sonatype/aether/aether-util/1.13.1/aether-util-1.13.1.jar
7f7a4c070000-7f7a4c0e0000 rw-p 00000000 00:00 0 
7f7a4c0e0000-7f7a4c29d000 r--s 039f9000 08:01 3279461                    /usr/lib/jvm/java-7-oracle/jre/lib/rt.jar
7f7a4c29d000-7f7a4c2be000 rw-p 00000000 00:00 0 
7f7a4c2be000-7f7a4c49e000 rw-p 00000000 00:00 0 
7f7a4c49e000-7f7a4c4b7000 rw-p 00000000 00:00 0 
7f7a4c4b7000-7f7a4c5f4000 rw-p 00000000 00:00 0 
7f7a4c5f4000-7f7a4c601000 rw-p 00000000 00:00 0 
7f7a4c601000-7f7a4c69e000 rw-p 00000000 00:00 0 
7f7a4c69e000-7f7a4c6b8000 rw-p 00000000 00:00 0 
7f7a4c6b8000-7f7a4c7f4000 rw-p 00000000 00:00 0 
7f7a4c7f4000-7f7a4c815000 rw-p 00000000 00:00 0 
7f7a4c815000-7f7a4c9f4000 rw-p 00000000 00:00 0 
7f7a4c9f4000-7f7a4c9f5000 rw-p 00000000 00:00 0 
7f7a4c9f5000-7f7a4ca10000 r-xp 00000000 08:01 3279535                    /usr/lib/jvm/java-7-oracle/jre/lib/amd64/libzip.so
7f7a4ca10000-7f7a4cc0f000 ---p 0001b000 08:01 3279535                    /usr/lib/jvm/java-7-oracle/jre/lib/amd64/libzip.so
7f7a4cc0f000-7f7a4cc10000 rw-p 0001a000 08:01 3279535                    /usr/lib/jvm/java-7-oracle/jre/lib/amd64/libzip.so
7f7a4cc10000-7f7a4cc1c000 r-xp 00000000 08:01 1441921                    /lib/x86_64-linux-gnu/libnss_files-2.15.so
7f7a4cc1c000-7f7a4ce1b000 ---p 0000c000 08:01 1441921                    /lib/x86_64-linux-gnu/libnss_files-2.15.so
7f7a4ce1b000-7f7a4ce1c000 r--p 0000b000 08:01 1441921                    /lib/x86_64-linux-gnu/libnss_files-2.15.so
7f7a4ce1c000-7f7a4ce1d000 rw-p 0000c000 08:01 1441921                    /lib/x86_64-linux-gnu/libnss_files-2.15.so
7f7a4ce1d000-7f7a4ce27000 r-xp 00000000 08:01 1441917                    /lib/x86_64-linux-gnu/libnss_nis-2.15.so
7f7a4ce27000-7f7a4d027000 ---p 0000a000 08:01 1441917                    /lib/x86_64-linux-gnu/libnss_nis-2.15.so
7f7a4d027000-7f7a4d028000 r--p 0000a000 08:01 1441917                    /lib/x86_64-linux-gnu/libnss_nis-2.15.so
7f7a4d028000-7f7a4d029000 rw-p 0000b000 08:01 1441917                    /lib/x86_64-linux-gnu/libnss_nis-2.15.so
7f7a4d029000-7f7a4d040000 r-xp 00000000 08:01 1446261                    /lib/x86_64-linux-gnu/libnsl-2.15.so
7f7a4d040000-7f7a4d23f000 ---p 00017000 08:01 1446261                    /lib/x86_64-linux-gnu/libnsl-2.15.so
7f7a4d23f000-7f7a4d240000 r--p 00016000 08:01 1446261                    /lib/x86_64-linux-gnu/libnsl-2.15.so
7f7a4d240000-7f7a4d241000 rw-p 00017000 08:01 1446261                    /lib/x86_64-linux-gnu/libnsl-2.15.so
7f7a4d241000-7f7a4d243000 rw-p 00000000 00:00 0 
7f7a4d243000-7f7a4d24b000 r-xp 00000000 08:01 1441922                    /lib/x86_64-linux-gnu/libnss_compat-2.15.so
7f7a4d24b000-7f7a4d44a000 ---p 00008000 08:01 1441922                    /lib/x86_64-linux-gnu/libnss_compat-2.15.so
7f7a4d44a000-7f7a4d44b000 r--p 00007000 08:01 1441922                    /lib/x86_64-linux-gnu/libnss_compat-2.15.so
7f7a4d44b000-7f7a4d44c000 rw-p 00008000 08:01 1441922                    /lib/x86_64-linux-gnu/libnss_compat-2.15.so
7f7a4d44c000-7f7a4d475000 r-xp 00000000 08:01 3279567                    /usr/lib/jvm/java-7-oracle/jre/lib/amd64/libjava.so
7f7a4d475000-7f7a4d675000 ---p 00029000 08:01 3279567                    /usr/lib/jvm/java-7-oracle/jre/lib/amd64/libjava.so
7f7a4d675000-7f7a4d677000 rw-p 00029000 08:01 3279567                    /usr/lib/jvm/java-7-oracle/jre/lib/amd64/libjava.so
7f7a4d677000-7f7a4d684000 r-xp 00000000 08:01 3279538                    /usr/lib/jvm/java-7-oracle/jre/lib/amd64/libverify.so
7f7a4d684000-7f7a4d883000 ---p 0000d000 08:01 3279538                    /usr/lib/jvm/java-7-oracle/jre/lib/amd64/libverify.so
7f7a4d883000-7f7a4d885000 rw-p 0000c000 08:01 3279538                    /usr/lib/jvm/java-7-oracle/jre/lib/amd64/libverify.so
7f7a4d885000-7f7a4d88c000 r-xp 00000000 08:01 1441915                    /lib/x86_64-linux-gnu/librt-2.15.so
7f7a4d88c000-7f7a4da8b000 ---p 00007000 08:01 1441915                    /lib/x86_64-linux-gnu/librt-2.15.so
7f7a4da8b000-7f7a4da8c000 r--p 00006000 08:01 1441915                    /lib/x86_64-linux-gnu/librt-2.15.so
7f7a4da8c000-7f7a4da8d000 rw-p 00007000 08:01 1441915                    /lib/x86_64-linux-gnu/librt-2.15.so
7f7a4da8d000-7f7a4db88000 r-xp 00000000 08:01 1441919                    /lib/x86_64-linux-gnu/libm-2.15.so
7f7a4db88000-7f7a4dd87000 ---p 000fb000 08:01 1441919                    /lib/x86_64-linux-gnu/libm-2.15.so
7f7a4dd87000-7f7a4dd88000 r--p 000fa000 08:01 1441919                    /lib/x86_64-linux-gnu/libm-2.15.so
7f7a4dd88000-7f7a4dd89000 rw-p 000fb000 08:01 1441919                    /lib/x86_64-linux-gnu/libm-2.15.so
7f7a4dd89000-7f7a4e7ca000 r-xp 00000000 08:01 3411540                    /usr/lib/jvm/java-7-oracle/jre/lib/amd64/server/libjvm.so
7f7a4e7ca000-7f7a4e9ca000 ---p 00a41000 08:01 3411540                    /usr/lib/jvm/java-7-oracle/jre/lib/amd64/server/libjvm.so
7f7a4e9ca000-7f7a4ea6d000 rw-p 00a41000 08:01 3411540                    /usr/lib/jvm/java-7-oracle/jre/lib/amd64/server/libjvm.so
7f7a4ea6d000-7f7a4eaa9000 rw-p 00000000 00:00 0 
7f7a4eaa9000-7f7a4ec5e000 r-xp 00000000 08:01 1441815                    /lib/x86_64-linux-gnu/libc-2.15.so
7f7a4ec5e000-7f7a4ee5d000 ---p 001b5000 08:01 1441815                    /lib/x86_64-linux-gnu/libc-2.15.so
7f7a4ee5d000-7f7a4ee61000 r--p 001b4000 08:01 1441815                    /lib/x86_64-linux-gnu/libc-2.15.so
7f7a4ee61000-7f7a4ee63000 rw-p 001b8000 08:01 1441815                    /lib/x86_64-linux-gnu/libc-2.15.so
7f7a4ee63000-7f7a4ee68000 rw-p 00000000 00:00 0 
7f7a4ee68000-7f7a4ee6a000 r-xp 00000000 08:01 1441804                    /lib/x86_64-linux-gnu/libdl-2.15.so
7f7a4ee6a000-7f7a4f06a000 ---p 00002000 08:01 1441804                    /lib/x86_64-linux-gnu/libdl-2.15.so
7f7a4f06a000-7f7a4f06b000 r--p 00002000 08:01 1441804                    /lib/x86_64-linux-gnu/libdl-2.15.so
7f7a4f06b000-7f7a4f06c000 rw-p 00003000 08:01 1441804                    /lib/x86_64-linux-gnu/libdl-2.15.so
7f7a4f06c000-7f7a4f082000 r-xp 00000000 08:01 3411546                    /usr/lib/jvm/java-7-oracle/jre/lib/amd64/jli/libjli.so
7f7a4f082000-7f7a4f282000 ---p 00016000 08:01 3411546                    /usr/lib/jvm/java-7-oracle/jre/lib/amd64/jli/libjli.so
7f7a4f282000-7f7a4f283000 rw-p 00016000 08:01 3411546                    /usr/lib/jvm/java-7-oracle/jre/lib/amd64/jli/libjli.so
7f7a4f283000-7f7a4f29b000 r-xp 00000000 08:01 1441913                    /lib/x86_64-linux-gnu/libpthread-2.15.so
7f7a4f29b000-7f7a4f49a000 ---p 00018000 08:01 1441913                    /lib/x86_64-linux-gnu/libpthread-2.15.so
7f7a4f49a000-7f7a4f49b000 r--p 00017000 08:01 1441913                    /lib/x86_64-linux-gnu/libpthread-2.15.so
7f7a4f49b000-7f7a4f49c000 rw-p 00018000 08:01 1441913                    /lib/x86_64-linux-gnu/libpthread-2.15.so
7f7a4f49c000-7f7a4f4a0000 rw-p 00000000 00:00 0 
7f7a4f4a0000-7f7a4f4c2000 r-xp 00000000 08:01 1441925                    /lib/x86_64-linux-gnu/ld-2.15.so
7f7a4f4c2000-7f7a4f4c3000 r--p 00000000 00:00 0 
7f7a4f4c3000-7f7a4f4ff000 rw-p 00000000 00:00 0 
7f7a4f4ff000-7f7a4f5ab000 rw-p 00000000 00:00 0 
7f7a4f5ab000-7f7a4f5ae000 ---p 00000000 00:00 0 
7f7a4f5ae000-7f7a4f6b0000 rw-p 00000000 00:00 0                          [stack:8041]
7f7a4f6b0000-7f7a4f6b1000 r--s 00003000 08:01 3540598                    /usr/share/maven-repo/org/sonatype/aether/aether-spi/1.13.1/aether-spi-1.13.1.jar
7f7a4f6b1000-7f7a4f6b3000 r--s 00000000 08:01 1057338                    /usr/share/java/plexus-component-annotations-1.5-1.5.5.jar
7f7a4f6b3000-7f7a4f6b5000 r--s 0000b000 08:01 1712476                    /usr/share/maven/lib/maven-aether-provider-3.0.4.jar
7f7a4f6b5000-7f7a4f6b6000 r--s 00004000 08:01 1057249                    /usr/share/java/wagon-http-shared.jar
7f7a4f6b6000-7f7a4f6be000 rw-s 00000000 08:01 1315459                    /tmp/hsperfdata_ian/8030
7f7a4f6be000-7f7a4f6bf000 rw-p 00000000 00:00 0 
7f7a4f6bf000-7f7a4f6c0000 r--p 00000000 00:00 0 
7f7a4f6c0000-7f7a4f6c2000 rw-p 00000000 00:00 0 
7f7a4f6c2000-7f7a4f6c3000 r--p 00022000 08:01 1441925                    /lib/x86_64-linux-gnu/ld-2.15.so
7f7a4f6c3000-7f7a4f6c5000 rw-p 00023000 08:01 1441925                    /lib/x86_64-linux-gnu/ld-2.15.so
7fff89b17000-7fff89b38000 rw-p 00000000 00:00 0                          [stack]
7fff89bff000-7fff89c00000 r-xp 00000000 00:00 0                          [vdso]
ffffffffff600000-ffffffffff601000 r-xp 00000000 00:00 0                  [vsyscall]

VM Arguments:
jvm_args: -Xmx1024M -XX:MaxPermSize=1024m -Dclassworlds.conf=/usr/share/maven/bin/m2.conf -Dmaven.home=/usr/share/maven 
java_command: org.codehaus.plexus.classworlds.launcher.Launcher clean jetty:run --debug
Launcher Type: SUN_STANDARD

Environment Variables:
JAVA_HOME=/usr/lib/jvm/java-7-oracle
PATH=/usr/lib/lightdm/lightdm:/usr/local/sbin:/usr/local/bin:/usr/sbin:/usr/bin:/sbin:/bin:/usr/games
SHELL=/bin/bash
DISPLAY=:0

Signal Handlers:
SIGSEGV: [libjvm.so+0x8a26a0], sa_mask[0]=0x7ffbfeff, sa_flags=0x10000004
SIGBUS: [libjvm.so+0x8a26a0], sa_mask[0]=0x7ffbfeff, sa_flags=0x10000004
SIGFPE: [libjvm.so+0x73f3d0], sa_mask[0]=0x7ffbfeff, sa_flags=0x10000004
SIGPIPE: [libjvm.so+0x73f3d0], sa_mask[0]=0x7ffbfeff, sa_flags=0x10000004
SIGXFSZ: [libjvm.so+0x73f3d0], sa_mask[0]=0x7ffbfeff, sa_flags=0x10000004
SIGILL: [libjvm.so+0x73f3d0], sa_mask[0]=0x7ffbfeff, sa_flags=0x10000004
SIGUSR1: SIG_DFL, sa_mask[0]=0x00000000, sa_flags=0x00000000
SIGUSR2: [libjvm.so+0x73ed20], sa_mask[0]=0x00000000, sa_flags=0x10000004
SIGHUP: [libjvm.so+0x7410b0], sa_mask[0]=0x7ffbfeff, sa_flags=0x10000004
SIGINT: [libjvm.so+0x7410b0], sa_mask[0]=0x7ffbfeff, sa_flags=0x10000004
SIGTERM: [libjvm.so+0x7410b0], sa_mask[0]=0x7ffbfeff, sa_flags=0x10000004
SIGQUIT: [libjvm.so+0x7410b0], sa_mask[0]=0x7ffbfeff, sa_flags=0x10000004


---------------  S Y S T E M  ---------------

OS:wheezy/sid

uname:Linux 3.5.0-36-generic #57~precise1-Ubuntu SMP Thu Jun 20 18:21:09 UTC 2013 x86_64
libc:glibc 2.15 NPTL 2.15 
rlimit: STACK 8192k, CORE 0k, NPROC 33036, NOFILE 4096, AS infinity
load average:0.83 0.51 0.56

/proc/meminfo:
MemTotal:        4247264 kB
MemFree:          420276 kB
Buffers:           40720 kB
Cached:          1032108 kB
SwapCached:        12208 kB
Active:          1714188 kB
Inactive:         954160 kB
Active(anon):    1020128 kB
Inactive(anon):   577164 kB
Active(file):     694060 kB
Inactive(file):   376996 kB
Unevictable:           0 kB
Mlocked:               0 kB
SwapTotal:       2181116 kB
SwapFree:        2154568 kB
Dirty:               252 kB
Writeback:             0 kB
AnonPages:       1585368 kB
Mapped:           154124 kB
Shmem:              1708 kB
Slab:             130388 kB
SReclaimable:     103004 kB
SUnreclaim:        27384 kB
KernelStack:        3944 kB
PageTables:        28732 kB
NFS_Unstable:          0 kB
Bounce:                0 kB
WritebackTmp:          0 kB
CommitLimit:     4304748 kB
Committed_AS:    4002036 kB
VmallocTotal:   34359738367 kB
VmallocUsed:      315508 kB
VmallocChunk:   34359420628 kB
HardwareCorrupted:     0 kB
AnonHugePages:         0 kB
HugePages_Total:       0
HugePages_Free:        0
HugePages_Rsvd:        0
HugePages_Surp:        0
Hugepagesize:       2048 kB
DirectMap4k:       63488 kB
DirectMap2M:     4339712 kB


CPU:total 1 (1 cores per cpu, 1 threads per core) family 6 model 23 stepping 6, cmov, cx8, fxsr, mmx, sse, sse2, sse3, ssse3, sse4.1, tsc, tscinvbit

/proc/cpuinfo:
processor	: 0
vendor_id	: GenuineIntel
cpu family	: 6
model		: 23
model name	: Intel(R) Core(TM)2 Duo CPU     T9300  @ 2.50GHz
stepping	: 6
microcode	: 0x60c
cpu MHz		: 2493.379
cache size	: 6144 KB
fpu		: yes
fpu_exception	: yes
cpuid level	: 10
wp		: yes
flags		: fpu vme de pse tsc msr pae mce cx8 apic sep mtrr pge mca cmov pat pse36 clflush dts mmx fxsr sse sse2 ss syscall nx lm constant_tsc up arch_perfmon pebs bts nopl tsc_reliable nonstop_tsc aperfmperf pni ssse3 cx16 sse4_1 x2apic hypervisor lahf_lm dtherm
bogomips	: 4986.75
clflush size	: 64
cache_alignment	: 64
address sizes	: 40 bits physical, 48 bits virtual
power management:



Memory: 4k page, physical 4247264k(420276k free), swap 2181116k(2154568k free)

vm_info: Java HotSpot(TM) 64-Bit Server VM (23.25-b01) for linux-amd64 JRE (1.7.0_25-b15), built on Jun  5 2013 20:48:36 by "java_re" with gcc 4.3.0 20080428 (Red Hat 4.3.0-8)

time: Thu Jul 25 20:47:23 2013
elapsed time: 220 seconds

